[xhpl_single] CWD: /home/k/kimsh/HPL_Linpack/hpl-2.3/bin/EPYC_openblas/work/N196608_NB128_P4Q64_pf1rf2_nbmin4_ndiv2_bc3_d0_sw2_t128
[xhpl_single] DAT line3: /home/k/kimsh/HPL_Linpack/hpl-2.3/bin/EPYC_openblas/results/xhpl_N196608_NB128_P4Q64_pf1rf2_nbmin4_ndiv2_bc3_d0_sw2_t128.out
[xhpl_single] OUT expected: /home/k/kimsh/HPL_Linpack/hpl-2.3/bin/EPYC_openblas/results/xhpl_N196608_NB128_P4Q64_pf1rf2_nbmin4_ndiv2_bc3_d0_sw2_t128.out
xcnf0   libopenblas.so.0 => /home/k/kimsh/opt/openblas/lib/libopenblas.so.0 (0x00007f35e75b0000)
 | 192.168.48.128/21
xcnf3   libopenblas.so.0 => /home/k/kimsh/opt/openblas/lib/libopenblas.so.0 (0x0000765e7a938000)
xcnf1   libopenblas.so.0 => /home/k/kimsh/opt/openblas/lib/libopenblas.so.0 (0x000078a245370000)
 | 192.168.48.129/21
 | 192.168.48.131/21
xcnf2   libopenblas.so.0 => /home/k/kimsh/opt/openblas/lib/libopenblas.so.0 (0x0000795ca60c8000)
 | 192.168.48.130/21
Column=000000128 Fraction= 0.1% Gflops=4.115e+03
Column=000000256 Fraction= 0.1% Gflops=3.178e+03
Column=000000384 Fraction= 0.2% Gflops=3.440e+03
Column=000000512 Fraction= 0.3% Gflops=3.603e+03
Column=000000640 Fraction= 0.3% Gflops=3.710e+03
Column=000000768 Fraction= 0.4% Gflops=3.784e+03
Column=000000896 Fraction= 0.5% Gflops=3.834e+03
Column=000001024 Fraction= 0.5% Gflops=3.852e+03
Column=000001152 Fraction= 0.6% Gflops=3.864e+03
Column=000001280 Fraction= 0.7% Gflops=3.863e+03
Column=000001408 Fraction= 0.7% Gflops=3.865e+03
Column=000001536 Fraction= 0.8% Gflops=3.866e+03
Column=000001664 Fraction= 0.8% Gflops=3.867e+03
Column=000001792 Fraction= 0.9% Gflops=3.865e+03
Column=000001920 Fraction= 1.0% Gflops=3.865e+03
Column=000002048 Fraction= 1.0% Gflops=3.866e+03
Column=000002176 Fraction= 1.1% Gflops=3.865e+03
Column=000002304 Fraction= 1.2% Gflops=3.864e+03
Column=000002432 Fraction= 1.2% Gflops=3.864e+03
Column=000002560 Fraction= 1.3% Gflops=3.862e+03
Column=000002688 Fraction= 1.4% Gflops=3.861e+03
Column=000002816 Fraction= 1.4% Gflops=3.860e+03
Column=000002944 Fraction= 1.5% Gflops=3.858e+03
Column=000003072 Fraction= 1.6% Gflops=3.857e+03
Column=000003200 Fraction= 1.6% Gflops=3.856e+03
Column=000003328 Fraction= 1.7% Gflops=3.854e+03
Column=000003456 Fraction= 1.8% Gflops=3.853e+03
Column=000003584 Fraction= 1.8% Gflops=3.851e+03
Column=000003712 Fraction= 1.9% Gflops=3.849e+03
Column=000003840 Fraction= 2.0% Gflops=3.848e+03
Column=000003968 Fraction= 2.0% Gflops=3.846e+03
Column=000004096 Fraction= 2.1% Gflops=3.848e+03
Column=000004224 Fraction= 2.1% Gflops=3.847e+03
Column=000004352 Fraction= 2.2% Gflops=3.787e+03
Column=000004480 Fraction= 2.3% Gflops=3.785e+03
Column=000004608 Fraction= 2.3% Gflops=3.785e+03
Column=000004736 Fraction= 2.4% Gflops=3.786e+03
Column=000004864 Fraction= 2.5% Gflops=3.785e+03
Column=000004992 Fraction= 2.5% Gflops=3.786e+03
Column=000005120 Fraction= 2.6% Gflops=3.786e+03
Column=000005248 Fraction= 2.7% Gflops=3.786e+03
Column=000005376 Fraction= 2.7% Gflops=3.783e+03
Column=000005504 Fraction= 2.8% Gflops=3.782e+03
Column=000005632 Fraction= 2.9% Gflops=3.781e+03
Column=000005760 Fraction= 2.9% Gflops=3.780e+03
Column=000005888 Fraction= 3.0% Gflops=3.779e+03
Column=000006016 Fraction= 3.1% Gflops=3.778e+03
Column=000006144 Fraction= 3.1% Gflops=3.777e+03
Column=000006272 Fraction= 3.2% Gflops=3.776e+03
Column=000006400 Fraction= 3.3% Gflops=3.774e+03
Column=000006528 Fraction= 3.3% Gflops=3.774e+03
Column=000006656 Fraction= 3.4% Gflops=3.773e+03
Column=000006784 Fraction= 3.5% Gflops=3.772e+03
Column=000006912 Fraction= 3.5% Gflops=3.771e+03
Column=000007040 Fraction= 3.6% Gflops=3.770e+03
Column=000007168 Fraction= 3.6% Gflops=3.768e+03
Column=000007296 Fraction= 3.7% Gflops=3.767e+03
Column=000007424 Fraction= 3.8% Gflops=3.766e+03
Column=000007552 Fraction= 3.8% Gflops=3.765e+03
Column=000007680 Fraction= 3.9% Gflops=3.764e+03
Column=000007808 Fraction= 4.0% Gflops=3.763e+03
Column=000007936 Fraction= 4.0% Gflops=3.761e+03
Column=000008064 Fraction= 4.1% Gflops=3.761e+03
Column=000008192 Fraction= 4.2% Gflops=3.762e+03
Column=000008320 Fraction= 4.2% Gflops=3.760e+03
Column=000008448 Fraction= 4.3% Gflops=3.725e+03
Column=000008576 Fraction= 4.4% Gflops=3.725e+03
Column=000008704 Fraction= 4.4% Gflops=3.726e+03
Column=000008832 Fraction= 4.5% Gflops=3.728e+03
Column=000008960 Fraction= 4.6% Gflops=3.728e+03
Column=000009088 Fraction= 4.6% Gflops=3.730e+03
Column=000009216 Fraction= 4.7% Gflops=3.730e+03
Column=000009344 Fraction= 4.8% Gflops=3.731e+03
Column=000009472 Fraction= 4.8% Gflops=3.731e+03
Column=000009600 Fraction= 4.9% Gflops=3.732e+03
Column=000009728 Fraction= 4.9% Gflops=3.732e+03
Column=000009856 Fraction= 5.0% Gflops=3.732e+03
Column=000009984 Fraction= 5.1% Gflops=3.733e+03
Column=000010112 Fraction= 5.1% Gflops=3.733e+03
Column=000010240 Fraction= 5.2% Gflops=3.733e+03
Column=000010368 Fraction= 5.3% Gflops=3.733e+03
Column=000010496 Fraction= 5.3% Gflops=3.733e+03
Column=000010624 Fraction= 5.4% Gflops=3.733e+03
Column=000010752 Fraction= 5.5% Gflops=3.733e+03
Column=000010880 Fraction= 5.5% Gflops=3.733e+03
Column=000011008 Fraction= 5.6% Gflops=3.733e+03
Column=000011136 Fraction= 5.7% Gflops=3.732e+03
Column=000011264 Fraction= 5.7% Gflops=3.732e+03
Column=000011392 Fraction= 5.8% Gflops=3.732e+03
Column=000011520 Fraction= 5.9% Gflops=3.731e+03
Column=000011648 Fraction= 5.9% Gflops=3.731e+03
Column=000011776 Fraction= 6.0% Gflops=3.731e+03
Column=000011904 Fraction= 6.1% Gflops=3.731e+03
Column=000012032 Fraction= 6.1% Gflops=3.730e+03
Column=000012160 Fraction= 6.2% Gflops=3.730e+03
Column=000012288 Fraction= 6.2% Gflops=3.731e+03
Column=000012416 Fraction= 6.3% Gflops=3.730e+03
Column=000012544 Fraction= 6.4% Gflops=3.710e+03
Column=000012672 Fraction= 6.4% Gflops=3.709e+03
Column=000012800 Fraction= 6.5% Gflops=3.709e+03
Column=000012928 Fraction= 6.6% Gflops=3.709e+03
Column=000013056 Fraction= 6.6% Gflops=3.709e+03
Column=000013184 Fraction= 6.7% Gflops=3.709e+03
Column=000013312 Fraction= 6.8% Gflops=3.709e+03
Column=000013440 Fraction= 6.8% Gflops=3.709e+03
Column=000013568 Fraction= 6.9% Gflops=3.708e+03
Column=000013696 Fraction= 7.0% Gflops=3.707e+03
Column=000013824 Fraction= 7.0% Gflops=3.706e+03
Column=000013952 Fraction= 7.1% Gflops=3.706e+03
Column=000014080 Fraction= 7.2% Gflops=3.705e+03
Column=000014208 Fraction= 7.2% Gflops=3.705e+03
Column=000014336 Fraction= 7.3% Gflops=3.705e+03
Column=000014464 Fraction= 7.4% Gflops=3.705e+03
Column=000014592 Fraction= 7.4% Gflops=3.704e+03
Column=000014720 Fraction= 7.5% Gflops=3.704e+03
Column=000014848 Fraction= 7.6% Gflops=3.703e+03
Column=000014976 Fraction= 7.6% Gflops=3.703e+03
Column=000015104 Fraction= 7.7% Gflops=3.702e+03
Column=000015232 Fraction= 7.7% Gflops=3.701e+03
Column=000015360 Fraction= 7.8% Gflops=3.701e+03
Column=000015488 Fraction= 7.9% Gflops=3.700e+03
Column=000015616 Fraction= 7.9% Gflops=3.699e+03
Column=000015744 Fraction= 8.0% Gflops=3.699e+03
Column=000015872 Fraction= 8.1% Gflops=3.698e+03
Column=000016000 Fraction= 8.1% Gflops=3.698e+03
Column=000016128 Fraction= 8.2% Gflops=3.697e+03
Column=000016256 Fraction= 8.3% Gflops=3.697e+03
Column=000016384 Fraction= 8.3% Gflops=3.697e+03
Column=000016512 Fraction= 8.4% Gflops=3.697e+03
Column=000016640 Fraction= 8.5% Gflops=3.679e+03
Column=000016768 Fraction= 8.5% Gflops=3.679e+03
Column=000016896 Fraction= 8.6% Gflops=3.679e+03
Column=000017024 Fraction= 8.7% Gflops=3.680e+03
Column=000017152 Fraction= 8.7% Gflops=3.680e+03
Column=000017280 Fraction= 8.8% Gflops=3.680e+03
Column=000017408 Fraction= 8.9% Gflops=3.681e+03
Column=000017536 Fraction= 8.9% Gflops=3.681e+03
Column=000017664 Fraction= 9.0% Gflops=3.681e+03
Column=000017792 Fraction= 9.0% Gflops=3.681e+03
Column=000017920 Fraction= 9.1% Gflops=3.681e+03
Column=000018048 Fraction= 9.2% Gflops=3.682e+03
Column=000018176 Fraction= 9.2% Gflops=3.682e+03
Column=000018304 Fraction= 9.3% Gflops=3.682e+03
Column=000018432 Fraction= 9.4% Gflops=3.682e+03
Column=000018560 Fraction= 9.4% Gflops=3.682e+03
Column=000018688 Fraction= 9.5% Gflops=3.682e+03
Column=000018816 Fraction= 9.6% Gflops=3.682e+03
Column=000018944 Fraction= 9.6% Gflops=3.682e+03
Column=000019072 Fraction= 9.7% Gflops=3.682e+03
Column=000019200 Fraction= 9.8% Gflops=3.682e+03
Column=000019328 Fraction= 9.8% Gflops=3.682e+03
Column=000019456 Fraction= 9.9% Gflops=3.682e+03
Column=000019584 Fraction=10.0% Gflops=3.682e+03
Column=000019712 Fraction=10.0% Gflops=3.682e+03
Column=000019840 Fraction=10.1% Gflops=3.681e+03
Column=000019968 Fraction=10.2% Gflops=3.681e+03
Column=000020096 Fraction=10.2% Gflops=3.681e+03
Column=000020224 Fraction=10.3% Gflops=3.681e+03
Column=000020352 Fraction=10.4% Gflops=3.681e+03
Column=000020480 Fraction=10.4% Gflops=3.682e+03
Column=000020608 Fraction=10.5% Gflops=3.681e+03
Column=000020736 Fraction=10.5% Gflops=3.669e+03
Column=000020864 Fraction=10.6% Gflops=3.669e+03
Column=000020992 Fraction=10.7% Gflops=3.669e+03
Column=000021120 Fraction=10.7% Gflops=3.669e+03
Column=000021248 Fraction=10.8% Gflops=3.669e+03
Column=000021376 Fraction=10.9% Gflops=3.669e+03
Column=000021504 Fraction=10.9% Gflops=3.669e+03
Column=000021632 Fraction=11.0% Gflops=3.669e+03
Column=000021760 Fraction=11.1% Gflops=3.668e+03
Column=000021888 Fraction=11.1% Gflops=3.668e+03
Column=000022016 Fraction=11.2% Gflops=3.668e+03
Column=000022144 Fraction=11.3% Gflops=3.667e+03
Column=000022272 Fraction=11.3% Gflops=3.667e+03
Column=000022400 Fraction=11.4% Gflops=3.667e+03
Column=000022528 Fraction=11.5% Gflops=3.667e+03
Column=000022656 Fraction=11.5% Gflops=3.667e+03
Column=000022784 Fraction=11.6% Gflops=3.667e+03
Column=000022912 Fraction=11.7% Gflops=3.666e+03
Column=000023040 Fraction=11.7% Gflops=3.666e+03
Column=000023168 Fraction=11.8% Gflops=3.666e+03
Column=000023296 Fraction=11.8% Gflops=3.665e+03
Column=000023424 Fraction=11.9% Gflops=3.665e+03
Column=000023552 Fraction=12.0% Gflops=3.665e+03
Column=000023680 Fraction=12.0% Gflops=3.664e+03
Column=000023808 Fraction=12.1% Gflops=3.664e+03
Column=000023936 Fraction=12.2% Gflops=3.664e+03
Column=000024064 Fraction=12.2% Gflops=3.663e+03
Column=000024192 Fraction=12.3% Gflops=3.663e+03
Column=000024320 Fraction=12.4% Gflops=3.663e+03
Column=000024448 Fraction=12.4% Gflops=3.663e+03
Column=000024576 Fraction=12.5% Gflops=3.663e+03
Column=000024704 Fraction=12.6% Gflops=3.663e+03
Column=000024832 Fraction=12.6% Gflops=3.651e+03
Column=000024960 Fraction=12.7% Gflops=3.651e+03
Column=000025088 Fraction=12.8% Gflops=3.651e+03
Column=000025216 Fraction=12.8% Gflops=3.652e+03
Column=000025344 Fraction=12.9% Gflops=3.652e+03
Column=000025472 Fraction=13.0% Gflops=3.652e+03
Column=000025600 Fraction=13.0% Gflops=3.653e+03
Column=000025728 Fraction=13.1% Gflops=3.653e+03
Column=000025856 Fraction=13.2% Gflops=3.653e+03
Column=000025984 Fraction=13.2% Gflops=3.653e+03
Column=000026112 Fraction=13.3% Gflops=3.653e+03
Column=000026240 Fraction=13.3% Gflops=3.653e+03
Column=000026368 Fraction=13.4% Gflops=3.654e+03
Column=000026496 Fraction=13.5% Gflops=3.654e+03
Column=000026624 Fraction=13.5% Gflops=3.654e+03
Column=000026752 Fraction=13.6% Gflops=3.654e+03
Column=000026880 Fraction=13.7% Gflops=3.654e+03
Column=000027008 Fraction=13.7% Gflops=3.654e+03
Column=000027136 Fraction=13.8% Gflops=3.654e+03
Column=000027264 Fraction=13.9% Gflops=3.654e+03
Column=000027392 Fraction=13.9% Gflops=3.654e+03
Column=000027520 Fraction=14.0% Gflops=3.654e+03
Column=000027648 Fraction=14.1% Gflops=3.654e+03
Column=000027776 Fraction=14.1% Gflops=3.654e+03
Column=000027904 Fraction=14.2% Gflops=3.654e+03
Column=000028032 Fraction=14.3% Gflops=3.654e+03
Column=000028160 Fraction=14.3% Gflops=3.654e+03
Column=000028288 Fraction=14.4% Gflops=3.654e+03
Column=000028416 Fraction=14.5% Gflops=3.654e+03
Column=000028544 Fraction=14.5% Gflops=3.653e+03
Column=000028672 Fraction=14.6% Gflops=3.654e+03
Column=000028800 Fraction=14.6% Gflops=3.654e+03
Column=000028928 Fraction=14.7% Gflops=3.646e+03
Column=000029056 Fraction=14.8% Gflops=3.645e+03
Column=000029184 Fraction=14.8% Gflops=3.645e+03
Column=000029312 Fraction=14.9% Gflops=3.645e+03
Column=000029440 Fraction=15.0% Gflops=3.645e+03
Column=000029568 Fraction=15.0% Gflops=3.645e+03
Column=000029696 Fraction=15.1% Gflops=3.645e+03
Column=000029824 Fraction=15.2% Gflops=3.645e+03
Column=000029952 Fraction=15.2% Gflops=3.644e+03
Column=000030080 Fraction=15.3% Gflops=3.644e+03
Column=000030208 Fraction=15.4% Gflops=3.644e+03
Column=000030336 Fraction=15.4% Gflops=3.644e+03
Column=000030464 Fraction=15.5% Gflops=3.644e+03
Column=000030592 Fraction=15.6% Gflops=3.644e+03
Column=000030720 Fraction=15.6% Gflops=3.644e+03
Column=000030848 Fraction=15.7% Gflops=3.644e+03
Column=000030976 Fraction=15.8% Gflops=3.644e+03
Column=000031104 Fraction=15.8% Gflops=3.643e+03
Column=000031232 Fraction=15.9% Gflops=3.643e+03
Column=000031360 Fraction=16.0% Gflops=3.643e+03
Column=000031488 Fraction=16.0% Gflops=3.643e+03
Column=000031616 Fraction=16.1% Gflops=3.643e+03
Column=000031744 Fraction=16.1% Gflops=3.642e+03
Column=000031872 Fraction=16.2% Gflops=3.642e+03
Column=000032000 Fraction=16.3% Gflops=3.642e+03
Column=000032128 Fraction=16.3% Gflops=3.642e+03
Column=000032256 Fraction=16.4% Gflops=3.641e+03
Column=000032384 Fraction=16.5% Gflops=3.641e+03
Column=000032512 Fraction=16.5% Gflops=3.641e+03
Column=000032640 Fraction=16.6% Gflops=3.641e+03
Column=000032768 Fraction=16.7% Gflops=3.641e+03
Column=000032896 Fraction=16.7% Gflops=3.641e+03
Column=000033024 Fraction=16.8% Gflops=3.632e+03
Column=000033152 Fraction=16.9% Gflops=3.632e+03
Column=000033280 Fraction=16.9% Gflops=3.632e+03
Column=000033408 Fraction=17.0% Gflops=3.633e+03
Column=000033536 Fraction=17.1% Gflops=3.633e+03
Column=000033664 Fraction=17.1% Gflops=3.633e+03
Column=000033792 Fraction=17.2% Gflops=3.633e+03
Column=000033920 Fraction=17.3% Gflops=3.634e+03
Column=000034048 Fraction=17.3% Gflops=3.634e+03
Column=000034176 Fraction=17.4% Gflops=3.634e+03
Column=000034304 Fraction=17.4% Gflops=3.634e+03
Column=000034432 Fraction=17.5% Gflops=3.634e+03
Column=000034560 Fraction=17.6% Gflops=3.634e+03
Column=000034688 Fraction=17.6% Gflops=3.634e+03
Column=000034816 Fraction=17.7% Gflops=3.634e+03
Column=000034944 Fraction=17.8% Gflops=3.634e+03
Column=000035072 Fraction=17.8% Gflops=3.634e+03
Column=000035200 Fraction=17.9% Gflops=3.634e+03
Column=000035328 Fraction=18.0% Gflops=3.635e+03
Column=000035456 Fraction=18.0% Gflops=3.635e+03
Column=000035584 Fraction=18.1% Gflops=3.635e+03
Column=000035712 Fraction=18.2% Gflops=3.635e+03
Column=000035840 Fraction=18.2% Gflops=3.634e+03
Column=000035968 Fraction=18.3% Gflops=3.634e+03
Column=000036096 Fraction=18.4% Gflops=3.634e+03
Column=000036224 Fraction=18.4% Gflops=3.634e+03
Column=000036352 Fraction=18.5% Gflops=3.634e+03
Column=000036480 Fraction=18.6% Gflops=3.634e+03
Column=000036608 Fraction=18.6% Gflops=3.634e+03
Column=000036736 Fraction=18.7% Gflops=3.634e+03
Column=000036864 Fraction=18.8% Gflops=3.634e+03
Column=000036992 Fraction=18.8% Gflops=3.634e+03
Column=000037120 Fraction=18.9% Gflops=3.628e+03
Column=000037248 Fraction=18.9% Gflops=3.628e+03
Column=000037376 Fraction=19.0% Gflops=3.628e+03
Column=000037504 Fraction=19.1% Gflops=3.628e+03
Column=000037632 Fraction=19.1% Gflops=3.628e+03
Column=000037760 Fraction=19.2% Gflops=3.628e+03
Column=000037888 Fraction=19.3% Gflops=3.628e+03
Column=000038016 Fraction=19.3% Gflops=3.627e+03
Column=000038144 Fraction=19.4% Gflops=3.627e+03
Column=000038272 Fraction=19.5% Gflops=3.627e+03
Column=000038400 Fraction=19.5% Gflops=3.627e+03
Column=000038528 Fraction=19.6% Gflops=3.627e+03
Column=000038656 Fraction=19.7% Gflops=3.627e+03
Column=000038784 Fraction=19.7% Gflops=3.627e+03
Column=000038912 Fraction=19.8% Gflops=3.627e+03
Column=000039040 Fraction=19.9% Gflops=3.626e+03
Column=000039168 Fraction=19.9% Gflops=3.626e+03
Column=000039296 Fraction=20.0% Gflops=3.626e+03
Column=000039424 Fraction=20.1% Gflops=3.626e+03
Column=000039552 Fraction=20.1% Gflops=3.626e+03
Column=000039680 Fraction=20.2% Gflops=3.626e+03
Column=000039808 Fraction=20.2% Gflops=3.626e+03
Column=000039936 Fraction=20.3% Gflops=3.625e+03
Column=000040064 Fraction=20.4% Gflops=3.625e+03
Column=000040192 Fraction=20.4% Gflops=3.625e+03
Column=000040320 Fraction=20.5% Gflops=3.625e+03
Column=000040448 Fraction=20.6% Gflops=3.625e+03
Column=000040576 Fraction=20.6% Gflops=3.624e+03
Column=000040704 Fraction=20.7% Gflops=3.624e+03
Column=000040832 Fraction=20.8% Gflops=3.624e+03
Column=000040960 Fraction=20.8% Gflops=3.624e+03
Column=000041088 Fraction=20.9% Gflops=3.624e+03
Column=000041216 Fraction=21.0% Gflops=3.617e+03
Column=000041344 Fraction=21.0% Gflops=3.617e+03
Column=000041472 Fraction=21.1% Gflops=3.618e+03
Column=000041600 Fraction=21.2% Gflops=3.618e+03
Column=000041728 Fraction=21.2% Gflops=3.618e+03
Column=000041856 Fraction=21.3% Gflops=3.618e+03
Column=000041984 Fraction=21.4% Gflops=3.618e+03
Column=000042112 Fraction=21.4% Gflops=3.618e+03
Column=000042240 Fraction=21.5% Gflops=3.618e+03
Column=000042368 Fraction=21.5% Gflops=3.619e+03
Column=000042496 Fraction=21.6% Gflops=3.619e+03
Column=000042624 Fraction=21.7% Gflops=3.619e+03
Column=000042752 Fraction=21.7% Gflops=3.619e+03
Column=000042880 Fraction=21.8% Gflops=3.619e+03
Column=000043008 Fraction=21.9% Gflops=3.619e+03
Column=000043136 Fraction=21.9% Gflops=3.619e+03
Column=000043264 Fraction=22.0% Gflops=3.619e+03
Column=000043392 Fraction=22.1% Gflops=3.619e+03
Column=000043520 Fraction=22.1% Gflops=3.619e+03
Column=000043648 Fraction=22.2% Gflops=3.619e+03
Column=000043776 Fraction=22.3% Gflops=3.619e+03
Column=000043904 Fraction=22.3% Gflops=3.619e+03
Column=000044032 Fraction=22.4% Gflops=3.619e+03
Column=000044160 Fraction=22.5% Gflops=3.619e+03
Column=000044288 Fraction=22.5% Gflops=3.619e+03
Column=000044416 Fraction=22.6% Gflops=3.619e+03
Column=000044544 Fraction=22.7% Gflops=3.619e+03
Column=000044672 Fraction=22.7% Gflops=3.619e+03
Column=000044800 Fraction=22.8% Gflops=3.619e+03
Column=000044928 Fraction=22.9% Gflops=3.619e+03
Column=000045056 Fraction=22.9% Gflops=3.619e+03
Column=000045184 Fraction=23.0% Gflops=3.619e+03
Column=000045312 Fraction=23.0% Gflops=3.614e+03
Column=000045440 Fraction=23.1% Gflops=3.614e+03
Column=000045568 Fraction=23.2% Gflops=3.614e+03
Column=000045696 Fraction=23.2% Gflops=3.614e+03
Column=000045824 Fraction=23.3% Gflops=3.613e+03
Column=000045952 Fraction=23.4% Gflops=3.614e+03
Column=000046080 Fraction=23.4% Gflops=3.613e+03
Column=000046208 Fraction=23.5% Gflops=3.613e+03
Column=000046336 Fraction=23.6% Gflops=3.613e+03
Column=000046464 Fraction=23.6% Gflops=3.613e+03
Column=000046592 Fraction=23.7% Gflops=3.613e+03
Column=000046720 Fraction=23.8% Gflops=3.613e+03
Column=000046848 Fraction=23.8% Gflops=3.613e+03
Column=000046976 Fraction=23.9% Gflops=3.613e+03
Column=000047104 Fraction=24.0% Gflops=3.613e+03
Column=000047232 Fraction=24.0% Gflops=3.612e+03
Column=000047360 Fraction=24.1% Gflops=3.612e+03
Column=000047488 Fraction=24.2% Gflops=3.612e+03
Column=000047616 Fraction=24.2% Gflops=3.612e+03
Column=000047744 Fraction=24.3% Gflops=3.612e+03
Column=000047872 Fraction=24.3% Gflops=3.612e+03
Column=000048000 Fraction=24.4% Gflops=3.612e+03
Column=000048128 Fraction=24.5% Gflops=3.612e+03
Column=000048256 Fraction=24.5% Gflops=3.611e+03
Column=000048384 Fraction=24.6% Gflops=3.611e+03
Column=000048512 Fraction=24.7% Gflops=3.611e+03
Column=000048640 Fraction=24.7% Gflops=3.611e+03
Column=000048768 Fraction=24.8% Gflops=3.611e+03
Column=000048896 Fraction=24.9% Gflops=3.611e+03
Column=000049024 Fraction=24.9% Gflops=3.610e+03
Column=000049152 Fraction=25.0% Gflops=3.611e+03
Column=000049280 Fraction=25.1% Gflops=3.611e+03
Column=000049408 Fraction=25.1% Gflops=3.605e+03
Column=000049536 Fraction=25.2% Gflops=3.605e+03
Column=000049664 Fraction=25.3% Gflops=3.605e+03
Column=000049792 Fraction=25.3% Gflops=3.605e+03
Column=000049920 Fraction=25.4% Gflops=3.605e+03
Column=000050048 Fraction=25.5% Gflops=3.606e+03
Column=000050176 Fraction=25.5% Gflops=3.606e+03
Column=000050304 Fraction=25.6% Gflops=3.606e+03
Column=000050432 Fraction=25.7% Gflops=3.606e+03
Column=000050560 Fraction=25.7% Gflops=3.606e+03
Column=000050688 Fraction=25.8% Gflops=3.606e+03
Column=000050816 Fraction=25.8% Gflops=3.606e+03
Column=000050944 Fraction=25.9% Gflops=3.606e+03
Column=000051072 Fraction=26.0% Gflops=3.606e+03
Column=000051200 Fraction=26.0% Gflops=3.606e+03
Column=000051328 Fraction=26.1% Gflops=3.606e+03
Column=000051456 Fraction=26.2% Gflops=3.606e+03
Column=000051584 Fraction=26.2% Gflops=3.606e+03
Column=000051712 Fraction=26.3% Gflops=3.607e+03
Column=000051840 Fraction=26.4% Gflops=3.607e+03
Column=000051968 Fraction=26.4% Gflops=3.607e+03
Column=000052096 Fraction=26.5% Gflops=3.607e+03
Column=000052224 Fraction=26.6% Gflops=3.606e+03
Column=000052352 Fraction=26.6% Gflops=3.606e+03
Column=000052480 Fraction=26.7% Gflops=3.606e+03
Column=000052608 Fraction=26.8% Gflops=3.606e+03
Column=000052736 Fraction=26.8% Gflops=3.606e+03
Column=000052864 Fraction=26.9% Gflops=3.606e+03
Column=000052992 Fraction=27.0% Gflops=3.606e+03
Column=000053120 Fraction=27.0% Gflops=3.606e+03
Column=000053248 Fraction=27.1% Gflops=3.607e+03
Column=000053376 Fraction=27.1% Gflops=3.606e+03
Column=000053504 Fraction=27.2% Gflops=3.602e+03
Column=000053632 Fraction=27.3% Gflops=3.602e+03
Column=000053760 Fraction=27.3% Gflops=3.602e+03
Column=000053888 Fraction=27.4% Gflops=3.602e+03
Column=000054016 Fraction=27.5% Gflops=3.602e+03
Column=000054144 Fraction=27.5% Gflops=3.602e+03
Column=000054272 Fraction=27.6% Gflops=3.602e+03
Column=000054400 Fraction=27.7% Gflops=3.602e+03
Column=000054528 Fraction=27.7% Gflops=3.602e+03
Column=000054656 Fraction=27.8% Gflops=3.602e+03
Column=000054784 Fraction=27.9% Gflops=3.602e+03
Column=000054912 Fraction=27.9% Gflops=3.602e+03
Column=000055040 Fraction=28.0% Gflops=3.601e+03
Column=000055168 Fraction=28.1% Gflops=3.602e+03
Column=000055296 Fraction=28.1% Gflops=3.601e+03
Column=000055424 Fraction=28.2% Gflops=3.601e+03
Column=000055552 Fraction=28.3% Gflops=3.601e+03
Column=000055680 Fraction=28.3% Gflops=3.601e+03
Column=000055808 Fraction=28.4% Gflops=3.601e+03
Column=000055936 Fraction=28.5% Gflops=3.601e+03
Column=000056064 Fraction=28.5% Gflops=3.601e+03
Column=000056192 Fraction=28.6% Gflops=3.601e+03
Column=000056320 Fraction=28.6% Gflops=3.601e+03
Column=000056448 Fraction=28.7% Gflops=3.601e+03
Column=000056576 Fraction=28.8% Gflops=3.600e+03
Column=000056704 Fraction=28.8% Gflops=3.600e+03
Column=000056832 Fraction=28.9% Gflops=3.600e+03
Column=000056960 Fraction=29.0% Gflops=3.600e+03
Column=000057088 Fraction=29.0% Gflops=3.600e+03
Column=000057216 Fraction=29.1% Gflops=3.600e+03
Column=000057344 Fraction=29.2% Gflops=3.600e+03
Column=000057472 Fraction=29.2% Gflops=3.600e+03
Column=000057600 Fraction=29.3% Gflops=3.595e+03
Column=000057728 Fraction=29.4% Gflops=3.595e+03
Column=000057856 Fraction=29.4% Gflops=3.595e+03
Column=000057984 Fraction=29.5% Gflops=3.596e+03
Column=000058112 Fraction=29.6% Gflops=3.596e+03
Column=000058240 Fraction=29.6% Gflops=3.596e+03
Column=000058368 Fraction=29.7% Gflops=3.596e+03
Column=000058496 Fraction=29.8% Gflops=3.596e+03
Column=000058624 Fraction=29.8% Gflops=3.596e+03
Column=000058752 Fraction=29.9% Gflops=3.596e+03
Column=000058880 Fraction=29.9% Gflops=3.596e+03
Column=000059008 Fraction=30.0% Gflops=3.596e+03
Column=000059136 Fraction=30.1% Gflops=3.596e+03
Column=000059264 Fraction=30.1% Gflops=3.596e+03
Column=000059392 Fraction=30.2% Gflops=3.596e+03
Column=000059520 Fraction=30.3% Gflops=3.597e+03
Column=000059648 Fraction=30.3% Gflops=3.597e+03
Column=000059776 Fraction=30.4% Gflops=3.597e+03
Column=000059904 Fraction=30.5% Gflops=3.597e+03
Column=000060032 Fraction=30.5% Gflops=3.597e+03
Column=000060160 Fraction=30.6% Gflops=3.597e+03
Column=000060288 Fraction=30.7% Gflops=3.597e+03
Column=000060416 Fraction=30.7% Gflops=3.597e+03
Column=000060544 Fraction=30.8% Gflops=3.597e+03
Column=000060672 Fraction=30.9% Gflops=3.597e+03
Column=000060800 Fraction=30.9% Gflops=3.597e+03
Column=000060928 Fraction=31.0% Gflops=3.597e+03
Column=000061056 Fraction=31.1% Gflops=3.597e+03
Column=000061184 Fraction=31.1% Gflops=3.597e+03
Column=000061312 Fraction=31.2% Gflops=3.596e+03
Column=000061440 Fraction=31.2% Gflops=3.597e+03
Column=000061568 Fraction=31.3% Gflops=3.597e+03
Column=000061696 Fraction=31.4% Gflops=3.593e+03
Column=000061824 Fraction=31.4% Gflops=3.593e+03
Column=000061952 Fraction=31.5% Gflops=3.593e+03
Column=000062080 Fraction=31.6% Gflops=3.593e+03
Column=000062208 Fraction=31.6% Gflops=3.593e+03
Column=000062336 Fraction=31.7% Gflops=3.593e+03
Column=000062464 Fraction=31.8% Gflops=3.592e+03
Column=000062592 Fraction=31.8% Gflops=3.592e+03
Column=000062720 Fraction=31.9% Gflops=3.592e+03
Column=000062848 Fraction=32.0% Gflops=3.592e+03
Column=000062976 Fraction=32.0% Gflops=3.592e+03
Column=000063104 Fraction=32.1% Gflops=3.592e+03
Column=000063232 Fraction=32.2% Gflops=3.592e+03
Column=000063360 Fraction=32.2% Gflops=3.592e+03
Column=000063488 Fraction=32.3% Gflops=3.592e+03
Column=000063616 Fraction=32.4% Gflops=3.592e+03
Column=000063744 Fraction=32.4% Gflops=3.592e+03
Column=000063872 Fraction=32.5% Gflops=3.592e+03
Column=000064000 Fraction=32.6% Gflops=3.592e+03
Column=000064128 Fraction=32.6% Gflops=3.592e+03
Column=000064256 Fraction=32.7% Gflops=3.591e+03
Column=000064384 Fraction=32.7% Gflops=3.591e+03
Column=000064512 Fraction=32.8% Gflops=3.591e+03
Column=000064640 Fraction=32.9% Gflops=3.591e+03
Column=000064768 Fraction=32.9% Gflops=3.591e+03
Column=000064896 Fraction=33.0% Gflops=3.591e+03
Column=000065024 Fraction=33.1% Gflops=3.591e+03
Column=000065152 Fraction=33.1% Gflops=3.590e+03
Column=000065280 Fraction=33.2% Gflops=3.590e+03
Column=000065408 Fraction=33.3% Gflops=3.590e+03
Column=000065536 Fraction=33.3% Gflops=3.590e+03
Column=000065664 Fraction=33.4% Gflops=3.590e+03
Column=000065792 Fraction=33.5% Gflops=3.586e+03
Column=000065920 Fraction=33.5% Gflops=3.586e+03
Column=000066048 Fraction=33.6% Gflops=3.586e+03
Column=000066176 Fraction=33.7% Gflops=3.586e+03
Column=000066304 Fraction=33.7% Gflops=3.586e+03
Column=000066432 Fraction=33.8% Gflops=3.587e+03
Column=000066560 Fraction=33.9% Gflops=3.587e+03
Column=000066688 Fraction=33.9% Gflops=3.587e+03
Column=000066816 Fraction=34.0% Gflops=3.587e+03
Column=000066944 Fraction=34.0% Gflops=3.587e+03
Column=000067072 Fraction=34.1% Gflops=3.587e+03
Column=000067200 Fraction=34.2% Gflops=3.587e+03
Column=000067328 Fraction=34.2% Gflops=3.587e+03
Column=000067456 Fraction=34.3% Gflops=3.587e+03
Column=000067584 Fraction=34.4% Gflops=3.587e+03
Column=000067712 Fraction=34.4% Gflops=3.587e+03
Column=000067840 Fraction=34.5% Gflops=3.587e+03
Column=000067968 Fraction=34.6% Gflops=3.587e+03
Column=000068096 Fraction=34.6% Gflops=3.587e+03
Column=000068224 Fraction=34.7% Gflops=3.587e+03
Column=000068352 Fraction=34.8% Gflops=3.587e+03
Column=000068480 Fraction=34.8% Gflops=3.587e+03
Column=000068608 Fraction=34.9% Gflops=3.587e+03
Column=000068736 Fraction=35.0% Gflops=3.587e+03
Column=000068864 Fraction=35.0% Gflops=3.587e+03
Column=000068992 Fraction=35.1% Gflops=3.587e+03
Column=000069120 Fraction=35.2% Gflops=3.587e+03
Column=000069248 Fraction=35.2% Gflops=3.587e+03
Column=000069376 Fraction=35.3% Gflops=3.587e+03
Column=000069504 Fraction=35.4% Gflops=3.587e+03
Column=000069632 Fraction=35.4% Gflops=3.587e+03
Column=000069760 Fraction=35.5% Gflops=3.587e+03
Column=000069888 Fraction=35.5% Gflops=3.584e+03
Column=000070016 Fraction=35.6% Gflops=3.584e+03
Column=000070144 Fraction=35.7% Gflops=3.584e+03
Column=000070272 Fraction=35.7% Gflops=3.584e+03
Column=000070400 Fraction=35.8% Gflops=3.583e+03
Column=000070528 Fraction=35.9% Gflops=3.583e+03
Column=000070656 Fraction=35.9% Gflops=3.583e+03
Column=000070784 Fraction=36.0% Gflops=3.583e+03
Column=000070912 Fraction=36.1% Gflops=3.583e+03
Column=000071040 Fraction=36.1% Gflops=3.583e+03
Column=000071168 Fraction=36.2% Gflops=3.583e+03
Column=000071296 Fraction=36.3% Gflops=3.583e+03
Column=000071424 Fraction=36.3% Gflops=3.583e+03
Column=000071552 Fraction=36.4% Gflops=3.583e+03
Column=000071680 Fraction=36.5% Gflops=3.583e+03
Column=000071808 Fraction=36.5% Gflops=3.583e+03
Column=000071936 Fraction=36.6% Gflops=3.583e+03
Column=000072064 Fraction=36.7% Gflops=3.583e+03
Column=000072192 Fraction=36.7% Gflops=3.583e+03
Column=000072320 Fraction=36.8% Gflops=3.583e+03
Column=000072448 Fraction=36.8% Gflops=3.582e+03
Column=000072576 Fraction=36.9% Gflops=3.582e+03
Column=000072704 Fraction=37.0% Gflops=3.582e+03
Column=000072832 Fraction=37.0% Gflops=3.582e+03
Column=000072960 Fraction=37.1% Gflops=3.582e+03
Column=000073088 Fraction=37.2% Gflops=3.582e+03
Column=000073216 Fraction=37.2% Gflops=3.582e+03
Column=000073344 Fraction=37.3% Gflops=3.582e+03
Column=000073472 Fraction=37.4% Gflops=3.581e+03
Column=000073600 Fraction=37.4% Gflops=3.581e+03
Column=000073728 Fraction=37.5% Gflops=3.582e+03
Column=000073856 Fraction=37.6% Gflops=3.581e+03
Column=000073984 Fraction=37.6% Gflops=3.578e+03
Column=000074112 Fraction=37.7% Gflops=3.578e+03
Column=000074240 Fraction=37.8% Gflops=3.578e+03
Column=000074368 Fraction=37.8% Gflops=3.578e+03
Column=000074496 Fraction=37.9% Gflops=3.579e+03
Column=000074624 Fraction=38.0% Gflops=3.579e+03
Column=000074752 Fraction=38.0% Gflops=3.579e+03
Column=000074880 Fraction=38.1% Gflops=3.579e+03
Column=000075008 Fraction=38.2% Gflops=3.579e+03
Column=000075136 Fraction=38.2% Gflops=3.579e+03
Column=000075264 Fraction=38.3% Gflops=3.579e+03
Column=000075392 Fraction=38.3% Gflops=3.580e+03
Column=000075520 Fraction=38.4% Gflops=3.580e+03
Column=000075648 Fraction=38.5% Gflops=3.580e+03
Column=000075776 Fraction=38.5% Gflops=3.580e+03
Column=000075904 Fraction=38.6% Gflops=3.580e+03
Column=000076032 Fraction=38.7% Gflops=3.580e+03
Column=000076160 Fraction=38.7% Gflops=3.580e+03
Column=000076288 Fraction=38.8% Gflops=3.580e+03
Column=000076416 Fraction=38.9% Gflops=3.580e+03
Column=000076544 Fraction=38.9% Gflops=3.580e+03
Column=000076672 Fraction=39.0% Gflops=3.580e+03
Column=000076800 Fraction=39.1% Gflops=3.580e+03
Column=000076928 Fraction=39.1% Gflops=3.580e+03
Column=000077056 Fraction=39.2% Gflops=3.580e+03
Column=000077184 Fraction=39.3% Gflops=3.580e+03
Column=000077312 Fraction=39.3% Gflops=3.580e+03
Column=000077440 Fraction=39.4% Gflops=3.580e+03
Column=000077568 Fraction=39.5% Gflops=3.580e+03
Column=000077696 Fraction=39.5% Gflops=3.580e+03
Column=000077824 Fraction=39.6% Gflops=3.580e+03
Column=000077952 Fraction=39.6% Gflops=3.580e+03
Column=000078080 Fraction=39.7% Gflops=3.579e+03
Column=000078208 Fraction=39.8% Gflops=3.579e+03
Column=000078336 Fraction=39.8% Gflops=3.579e+03
Column=000078464 Fraction=39.9% Gflops=3.579e+03
Column=000078592 Fraction=40.0% Gflops=3.579e+03
Column=000078720 Fraction=40.0% Gflops=3.579e+03
Column=000078848 Fraction=40.1% Gflops=3.579e+03
Column=000078976 Fraction=40.2% Gflops=3.579e+03
Column=000079104 Fraction=40.2% Gflops=3.579e+03
Column=000079232 Fraction=40.3% Gflops=3.578e+03
Column=000079360 Fraction=40.4% Gflops=3.578e+03
Column=000079488 Fraction=40.4% Gflops=3.578e+03
Column=000079616 Fraction=40.5% Gflops=3.578e+03
Column=000079744 Fraction=40.6% Gflops=3.578e+03
Column=000079872 Fraction=40.6% Gflops=3.578e+03
Column=000080000 Fraction=40.7% Gflops=3.578e+03
Column=000080128 Fraction=40.8% Gflops=3.578e+03
Column=000080256 Fraction=40.8% Gflops=3.578e+03
Column=000080384 Fraction=40.9% Gflops=3.578e+03
Column=000080512 Fraction=41.0% Gflops=3.578e+03
Column=000080640 Fraction=41.0% Gflops=3.578e+03
Column=000080768 Fraction=41.1% Gflops=3.577e+03
Column=000080896 Fraction=41.1% Gflops=3.577e+03
Column=000081024 Fraction=41.2% Gflops=3.577e+03
Column=000081152 Fraction=41.3% Gflops=3.577e+03
Column=000081280 Fraction=41.3% Gflops=3.577e+03
Column=000081408 Fraction=41.4% Gflops=3.577e+03
Column=000081536 Fraction=41.5% Gflops=3.577e+03
Column=000081664 Fraction=41.5% Gflops=3.577e+03
Column=000081792 Fraction=41.6% Gflops=3.577e+03
Column=000081920 Fraction=41.7% Gflops=3.576e+03
Column=000082048 Fraction=41.7% Gflops=3.577e+03
Column=000082176 Fraction=41.8% Gflops=3.576e+03
Column=000082304 Fraction=41.9% Gflops=3.576e+03
Column=000082432 Fraction=41.9% Gflops=3.576e+03
Column=000082560 Fraction=42.0% Gflops=3.576e+03
Column=000082688 Fraction=42.1% Gflops=3.576e+03
Column=000082816 Fraction=42.1% Gflops=3.576e+03
Column=000082944 Fraction=42.2% Gflops=3.576e+03
Column=000083072 Fraction=42.3% Gflops=3.576e+03
Column=000083200 Fraction=42.3% Gflops=3.576e+03
Column=000083328 Fraction=42.4% Gflops=3.576e+03
Column=000083456 Fraction=42.4% Gflops=3.576e+03
Column=000083584 Fraction=42.5% Gflops=3.576e+03
Column=000083712 Fraction=42.6% Gflops=3.576e+03
Column=000083840 Fraction=42.6% Gflops=3.576e+03
Column=000083968 Fraction=42.7% Gflops=3.576e+03
Column=000084096 Fraction=42.8% Gflops=3.576e+03
Column=000084224 Fraction=42.8% Gflops=3.576e+03
Column=000084352 Fraction=42.9% Gflops=3.576e+03
Column=000084480 Fraction=43.0% Gflops=3.576e+03
Column=000084608 Fraction=43.0% Gflops=3.576e+03
Column=000084736 Fraction=43.1% Gflops=3.576e+03
Column=000084864 Fraction=43.2% Gflops=3.575e+03
Column=000084992 Fraction=43.2% Gflops=3.575e+03
Column=000085120 Fraction=43.3% Gflops=3.575e+03
Column=000085248 Fraction=43.4% Gflops=3.575e+03
Column=000085376 Fraction=43.4% Gflops=3.575e+03
Column=000085504 Fraction=43.5% Gflops=3.575e+03
Column=000085632 Fraction=43.6% Gflops=3.575e+03
Column=000085760 Fraction=43.6% Gflops=3.575e+03
Column=000085888 Fraction=43.7% Gflops=3.575e+03
Column=000086016 Fraction=43.8% Gflops=3.575e+03
Column=000086144 Fraction=43.8% Gflops=3.575e+03
Column=000086272 Fraction=43.9% Gflops=3.574e+03
Column=000086400 Fraction=43.9% Gflops=3.574e+03
Column=000086528 Fraction=44.0% Gflops=3.574e+03
Column=000086656 Fraction=44.1% Gflops=3.574e+03
Column=000086784 Fraction=44.1% Gflops=3.574e+03
Column=000086912 Fraction=44.2% Gflops=3.574e+03
Column=000087040 Fraction=44.3% Gflops=3.574e+03
Column=000087168 Fraction=44.3% Gflops=3.574e+03
Column=000087296 Fraction=44.4% Gflops=3.574e+03
Column=000087424 Fraction=44.5% Gflops=3.574e+03
Column=000087552 Fraction=44.5% Gflops=3.574e+03
Column=000087680 Fraction=44.6% Gflops=3.574e+03
Column=000087808 Fraction=44.7% Gflops=3.573e+03
Column=000087936 Fraction=44.7% Gflops=3.573e+03
Column=000088064 Fraction=44.8% Gflops=3.573e+03
Column=000088192 Fraction=44.9% Gflops=3.573e+03
Column=000088320 Fraction=44.9% Gflops=3.573e+03
Column=000088448 Fraction=45.0% Gflops=3.573e+03
Column=000088576 Fraction=45.1% Gflops=3.573e+03
Column=000088704 Fraction=45.1% Gflops=3.573e+03
Column=000088832 Fraction=45.2% Gflops=3.573e+03
Column=000088960 Fraction=45.2% Gflops=3.573e+03
Column=000089088 Fraction=45.3% Gflops=3.573e+03
Column=000089216 Fraction=45.4% Gflops=3.572e+03
Column=000089344 Fraction=45.4% Gflops=3.572e+03
Column=000089472 Fraction=45.5% Gflops=3.572e+03
Column=000089600 Fraction=45.6% Gflops=3.572e+03
Column=000089728 Fraction=45.6% Gflops=3.572e+03
Column=000089856 Fraction=45.7% Gflops=3.572e+03
Column=000089984 Fraction=45.8% Gflops=3.572e+03
Column=000090112 Fraction=45.8% Gflops=3.572e+03
Column=000090240 Fraction=45.9% Gflops=3.572e+03
Column=000090368 Fraction=46.0% Gflops=3.571e+03
Column=000090496 Fraction=46.0% Gflops=3.571e+03
Column=000090624 Fraction=46.1% Gflops=3.571e+03
Column=000090752 Fraction=46.2% Gflops=3.571e+03
Column=000090880 Fraction=46.2% Gflops=3.571e+03
Column=000091008 Fraction=46.3% Gflops=3.571e+03
Column=000091136 Fraction=46.4% Gflops=3.571e+03
Column=000091264 Fraction=46.4% Gflops=3.571e+03
Column=000091392 Fraction=46.5% Gflops=3.571e+03
Column=000091520 Fraction=46.5% Gflops=3.571e+03
Column=000091648 Fraction=46.6% Gflops=3.571e+03
Column=000091776 Fraction=46.7% Gflops=3.571e+03
Column=000091904 Fraction=46.7% Gflops=3.571e+03
Column=000092032 Fraction=46.8% Gflops=3.571e+03
Column=000092160 Fraction=46.9% Gflops=3.571e+03
Column=000092288 Fraction=46.9% Gflops=3.571e+03
Column=000092416 Fraction=47.0% Gflops=3.571e+03
Column=000092544 Fraction=47.1% Gflops=3.571e+03
Column=000092672 Fraction=47.1% Gflops=3.571e+03
Column=000092800 Fraction=47.2% Gflops=3.571e+03
Column=000092928 Fraction=47.3% Gflops=3.571e+03
Column=000093056 Fraction=47.3% Gflops=3.571e+03
Column=000093184 Fraction=47.4% Gflops=3.570e+03
Column=000093312 Fraction=47.5% Gflops=3.570e+03
Column=000093440 Fraction=47.5% Gflops=3.570e+03
Column=000093568 Fraction=47.6% Gflops=3.570e+03
Column=000093696 Fraction=47.7% Gflops=3.570e+03
Column=000093824 Fraction=47.7% Gflops=3.570e+03
Column=000093952 Fraction=47.8% Gflops=3.570e+03
Column=000094080 Fraction=47.9% Gflops=3.570e+03
Column=000094208 Fraction=47.9% Gflops=3.570e+03
Column=000094336 Fraction=48.0% Gflops=3.570e+03
Column=000094464 Fraction=48.0% Gflops=3.569e+03
Column=000094592 Fraction=48.1% Gflops=3.569e+03
Column=000094720 Fraction=48.2% Gflops=3.569e+03
Column=000094848 Fraction=48.2% Gflops=3.569e+03
Column=000094976 Fraction=48.3% Gflops=3.569e+03
Column=000095104 Fraction=48.4% Gflops=3.569e+03
Column=000095232 Fraction=48.4% Gflops=3.569e+03
Column=000095360 Fraction=48.5% Gflops=3.569e+03
Column=000095488 Fraction=48.6% Gflops=3.569e+03
Column=000095616 Fraction=48.6% Gflops=3.569e+03
Column=000095744 Fraction=48.7% Gflops=3.569e+03
Column=000095872 Fraction=48.8% Gflops=3.569e+03
Column=000096000 Fraction=48.8% Gflops=3.568e+03
Column=000096128 Fraction=48.9% Gflops=3.568e+03
Column=000096256 Fraction=49.0% Gflops=3.568e+03
Column=000096384 Fraction=49.0% Gflops=3.568e+03
Column=000096512 Fraction=49.1% Gflops=3.568e+03
Column=000096640 Fraction=49.2% Gflops=3.568e+03
Column=000096768 Fraction=49.2% Gflops=3.568e+03
Column=000096896 Fraction=49.3% Gflops=3.568e+03
Column=000097024 Fraction=49.3% Gflops=3.568e+03
Column=000097152 Fraction=49.4% Gflops=3.568e+03
Column=000097280 Fraction=49.5% Gflops=3.567e+03
Column=000097408 Fraction=49.5% Gflops=3.567e+03
Column=000097536 Fraction=49.6% Gflops=3.567e+03
Column=000097664 Fraction=49.7% Gflops=3.567e+03
Column=000097792 Fraction=49.7% Gflops=3.567e+03
Column=000097920 Fraction=49.8% Gflops=3.567e+03
Column=000098048 Fraction=49.9% Gflops=3.567e+03
Column=000098176 Fraction=49.9% Gflops=3.567e+03
Column=000098304 Fraction=50.0% Gflops=3.567e+03
Column=000098432 Fraction=50.1% Gflops=3.567e+03
Column=000098560 Fraction=50.1% Gflops=3.566e+03
Column=000098688 Fraction=50.2% Gflops=3.566e+03
Column=000098816 Fraction=50.3% Gflops=3.566e+03
Column=000098944 Fraction=50.3% Gflops=3.566e+03
Column=000099072 Fraction=50.4% Gflops=3.566e+03
Column=000099200 Fraction=50.5% Gflops=3.566e+03
Column=000099328 Fraction=50.5% Gflops=3.566e+03
Column=000099456 Fraction=50.6% Gflops=3.566e+03
Column=000099584 Fraction=50.7% Gflops=3.566e+03
Column=000099712 Fraction=50.7% Gflops=3.566e+03
Column=000099840 Fraction=50.8% Gflops=3.566e+03
Column=000099968 Fraction=50.8% Gflops=3.566e+03
Column=000100096 Fraction=50.9% Gflops=3.566e+03
Column=000100224 Fraction=51.0% Gflops=3.566e+03
Column=000100352 Fraction=51.0% Gflops=3.566e+03
Column=000100480 Fraction=51.1% Gflops=3.566e+03
Column=000100608 Fraction=51.2% Gflops=3.566e+03
Column=000100736 Fraction=51.2% Gflops=3.566e+03
Column=000100864 Fraction=51.3% Gflops=3.566e+03
Column=000100992 Fraction=51.4% Gflops=3.565e+03
Column=000101120 Fraction=51.4% Gflops=3.565e+03
Column=000101248 Fraction=51.5% Gflops=3.565e+03
Column=000101376 Fraction=51.6% Gflops=3.565e+03
Column=000101504 Fraction=51.6% Gflops=3.565e+03
Column=000101632 Fraction=51.7% Gflops=3.565e+03
Column=000101760 Fraction=51.8% Gflops=3.565e+03
Column=000101888 Fraction=51.8% Gflops=3.565e+03
Column=000102016 Fraction=51.9% Gflops=3.565e+03
Column=000102144 Fraction=52.0% Gflops=3.565e+03
Column=000102272 Fraction=52.0% Gflops=3.565e+03
Column=000102400 Fraction=52.1% Gflops=3.565e+03
Column=000102528 Fraction=52.1% Gflops=3.565e+03
Column=000102656 Fraction=52.2% Gflops=3.564e+03
Column=000102784 Fraction=52.3% Gflops=3.564e+03
Column=000102912 Fraction=52.3% Gflops=3.564e+03
Column=000103040 Fraction=52.4% Gflops=3.564e+03
Column=000103168 Fraction=52.5% Gflops=3.564e+03
Column=000103296 Fraction=52.5% Gflops=3.564e+03
Column=000103424 Fraction=52.6% Gflops=3.564e+03
Column=000103552 Fraction=52.7% Gflops=3.564e+03
Column=000103680 Fraction=52.7% Gflops=3.564e+03
Column=000103808 Fraction=52.8% Gflops=3.563e+03
Column=000103936 Fraction=52.9% Gflops=3.563e+03
Column=000104064 Fraction=52.9% Gflops=3.563e+03
Column=000104192 Fraction=53.0% Gflops=3.563e+03
Column=000104320 Fraction=53.1% Gflops=3.563e+03
Column=000104448 Fraction=53.1% Gflops=3.563e+03
Column=000104576 Fraction=53.2% Gflops=3.563e+03
Column=000104704 Fraction=53.3% Gflops=3.563e+03
Column=000104832 Fraction=53.3% Gflops=3.563e+03
Column=000104960 Fraction=53.4% Gflops=3.563e+03
Column=000105088 Fraction=53.5% Gflops=3.563e+03
Column=000105216 Fraction=53.5% Gflops=3.563e+03
Column=000105344 Fraction=53.6% Gflops=3.562e+03
Column=000105472 Fraction=53.6% Gflops=3.562e+03
Column=000105600 Fraction=53.7% Gflops=3.562e+03
Column=000105728 Fraction=53.8% Gflops=3.562e+03
Column=000105856 Fraction=53.8% Gflops=3.562e+03
Column=000105984 Fraction=53.9% Gflops=3.562e+03
Column=000106112 Fraction=54.0% Gflops=3.562e+03
Column=000106240 Fraction=54.0% Gflops=3.562e+03
Column=000106368 Fraction=54.1% Gflops=3.561e+03
Column=000106496 Fraction=54.2% Gflops=3.561e+03
Column=000106624 Fraction=54.2% Gflops=3.561e+03
Column=000106752 Fraction=54.3% Gflops=3.561e+03
Column=000106880 Fraction=54.4% Gflops=3.561e+03
Column=000107008 Fraction=54.4% Gflops=3.561e+03
Column=000107136 Fraction=54.5% Gflops=3.561e+03
Column=000107264 Fraction=54.6% Gflops=3.561e+03
Column=000107392 Fraction=54.6% Gflops=3.561e+03
Column=000107520 Fraction=54.7% Gflops=3.561e+03
Column=000107648 Fraction=54.8% Gflops=3.561e+03
Column=000107776 Fraction=54.8% Gflops=3.561e+03
Column=000107904 Fraction=54.9% Gflops=3.561e+03
Column=000108032 Fraction=54.9% Gflops=3.561e+03
Column=000108160 Fraction=55.0% Gflops=3.561e+03
Column=000108288 Fraction=55.1% Gflops=3.561e+03
Column=000108416 Fraction=55.1% Gflops=3.561e+03
Column=000108544 Fraction=55.2% Gflops=3.560e+03
Column=000108672 Fraction=55.3% Gflops=3.560e+03
Column=000108800 Fraction=55.3% Gflops=3.560e+03
Column=000108928 Fraction=55.4% Gflops=3.560e+03
Column=000109056 Fraction=55.5% Gflops=3.560e+03
Column=000109184 Fraction=55.5% Gflops=3.560e+03
Column=000109312 Fraction=55.6% Gflops=3.560e+03
Column=000109440 Fraction=55.7% Gflops=3.560e+03
Column=000109568 Fraction=55.7% Gflops=3.560e+03
Column=000109696 Fraction=55.8% Gflops=3.560e+03
Column=000109824 Fraction=55.9% Gflops=3.560e+03
Column=000109952 Fraction=55.9% Gflops=3.560e+03
Column=000110080 Fraction=56.0% Gflops=3.560e+03
Column=000110208 Fraction=56.1% Gflops=3.560e+03
Column=000110336 Fraction=56.1% Gflops=3.560e+03
Column=000110464 Fraction=56.2% Gflops=3.559e+03
Column=000110592 Fraction=56.2% Gflops=3.559e+03
Column=000110720 Fraction=56.3% Gflops=3.559e+03
Column=000110848 Fraction=56.4% Gflops=3.559e+03
Column=000110976 Fraction=56.4% Gflops=3.559e+03
Column=000111104 Fraction=56.5% Gflops=3.559e+03
Column=000111232 Fraction=56.6% Gflops=3.559e+03
Column=000111360 Fraction=56.6% Gflops=3.559e+03
Column=000111488 Fraction=56.7% Gflops=3.559e+03
Column=000111616 Fraction=56.8% Gflops=3.559e+03
Column=000111744 Fraction=56.8% Gflops=3.558e+03
Column=000111872 Fraction=56.9% Gflops=3.558e+03
Column=000112000 Fraction=57.0% Gflops=3.558e+03
Column=000112128 Fraction=57.0% Gflops=3.558e+03
Column=000112256 Fraction=57.1% Gflops=3.558e+03
Column=000112384 Fraction=57.2% Gflops=3.558e+03
Column=000112512 Fraction=57.2% Gflops=3.558e+03
Column=000112640 Fraction=57.3% Gflops=3.558e+03
Column=000112768 Fraction=57.4% Gflops=3.558e+03
Column=000112896 Fraction=57.4% Gflops=3.558e+03
Column=000113024 Fraction=57.5% Gflops=3.558e+03
Column=000113152 Fraction=57.6% Gflops=3.557e+03
Column=000113280 Fraction=57.6% Gflops=3.557e+03
Column=000113408 Fraction=57.7% Gflops=3.557e+03
Column=000113536 Fraction=57.7% Gflops=3.557e+03
Column=000113664 Fraction=57.8% Gflops=3.557e+03
Column=000113792 Fraction=57.9% Gflops=3.557e+03
Column=000113920 Fraction=57.9% Gflops=3.557e+03
Column=000114048 Fraction=58.0% Gflops=3.557e+03
Column=000114176 Fraction=58.1% Gflops=3.557e+03
Column=000114304 Fraction=58.1% Gflops=3.557e+03
Column=000114432 Fraction=58.2% Gflops=3.556e+03
Column=000114560 Fraction=58.3% Gflops=3.556e+03
Column=000114688 Fraction=58.3% Gflops=3.556e+03
Column=000114816 Fraction=58.4% Gflops=3.556e+03
Column=000114944 Fraction=58.5% Gflops=3.556e+03
Column=000115072 Fraction=58.5% Gflops=3.556e+03
Column=000115200 Fraction=58.6% Gflops=3.556e+03
Column=000115328 Fraction=58.7% Gflops=3.556e+03
Column=000115456 Fraction=58.7% Gflops=3.556e+03
Column=000115584 Fraction=58.8% Gflops=3.556e+03
Column=000115712 Fraction=58.9% Gflops=3.556e+03
Column=000115840 Fraction=58.9% Gflops=3.556e+03
Column=000115968 Fraction=59.0% Gflops=3.556e+03
Column=000116096 Fraction=59.0% Gflops=3.556e+03
Column=000116224 Fraction=59.1% Gflops=3.555e+03
Column=000116352 Fraction=59.2% Gflops=3.555e+03
Column=000116480 Fraction=59.2% Gflops=3.555e+03
Column=000116608 Fraction=59.3% Gflops=3.555e+03
Column=000116736 Fraction=59.4% Gflops=3.555e+03
Column=000116864 Fraction=59.4% Gflops=3.555e+03
Column=000116992 Fraction=59.5% Gflops=3.555e+03
Column=000117120 Fraction=59.6% Gflops=3.555e+03
Column=000117248 Fraction=59.6% Gflops=3.555e+03
Column=000117376 Fraction=59.7% Gflops=3.555e+03
Column=000117504 Fraction=59.8% Gflops=3.555e+03
Column=000117632 Fraction=59.8% Gflops=3.555e+03
Column=000117760 Fraction=59.9% Gflops=3.555e+03
Column=000117888 Fraction=60.0% Gflops=3.555e+03
Column=000118016 Fraction=60.0% Gflops=3.555e+03
Column=000118144 Fraction=60.1% Gflops=3.554e+03
Column=000118272 Fraction=60.2% Gflops=3.554e+03
Column=000118400 Fraction=60.2% Gflops=3.554e+03
Column=000118528 Fraction=60.3% Gflops=3.554e+03
Column=000118656 Fraction=60.4% Gflops=3.554e+03
Column=000118784 Fraction=60.4% Gflops=3.554e+03
Column=000118912 Fraction=60.5% Gflops=3.554e+03
Column=000119040 Fraction=60.5% Gflops=3.554e+03
Column=000119168 Fraction=60.6% Gflops=3.554e+03
Column=000119296 Fraction=60.7% Gflops=3.554e+03
Column=000119424 Fraction=60.7% Gflops=3.553e+03
Column=000119552 Fraction=60.8% Gflops=3.553e+03
Column=000119680 Fraction=60.9% Gflops=3.553e+03
Column=000119808 Fraction=60.9% Gflops=3.553e+03
Column=000119936 Fraction=61.0% Gflops=3.553e+03
Column=000120064 Fraction=61.1% Gflops=3.553e+03
Column=000120192 Fraction=61.1% Gflops=3.553e+03
Column=000120320 Fraction=61.2% Gflops=3.553e+03
Column=000120448 Fraction=61.3% Gflops=3.553e+03
Column=000120576 Fraction=61.3% Gflops=3.553e+03
Column=000120704 Fraction=61.4% Gflops=3.553e+03
Column=000120832 Fraction=61.5% Gflops=3.553e+03
Column=000120960 Fraction=61.5% Gflops=3.552e+03
Column=000121088 Fraction=61.6% Gflops=3.552e+03
Column=000121216 Fraction=61.7% Gflops=3.552e+03
Column=000121344 Fraction=61.7% Gflops=3.552e+03
Column=000121472 Fraction=61.8% Gflops=3.552e+03
Column=000121600 Fraction=61.8% Gflops=3.552e+03
Column=000121728 Fraction=61.9% Gflops=3.552e+03
Column=000121856 Fraction=62.0% Gflops=3.552e+03
Column=000121984 Fraction=62.0% Gflops=3.552e+03
Column=000122112 Fraction=62.1% Gflops=3.552e+03
Column=000122240 Fraction=62.2% Gflops=3.551e+03
Column=000122368 Fraction=62.2% Gflops=3.551e+03
Column=000122496 Fraction=62.3% Gflops=3.551e+03
Column=000122624 Fraction=62.4% Gflops=3.551e+03
Column=000122752 Fraction=62.4% Gflops=3.551e+03
Column=000122880 Fraction=62.5% Gflops=3.551e+03
Column=000123008 Fraction=62.6% Gflops=3.551e+03
Column=000123136 Fraction=62.6% Gflops=3.551e+03
Column=000123264 Fraction=62.7% Gflops=3.551e+03
Column=000123392 Fraction=62.8% Gflops=3.550e+03
Column=000123520 Fraction=62.8% Gflops=3.550e+03
Column=000123648 Fraction=62.9% Gflops=3.550e+03
Column=000123776 Fraction=63.0% Gflops=3.550e+03
Column=000123904 Fraction=63.0% Gflops=3.550e+03
Column=000124032 Fraction=63.1% Gflops=3.550e+03
Column=000124160 Fraction=63.2% Gflops=3.550e+03
Column=000124288 Fraction=63.2% Gflops=3.550e+03
Column=000124416 Fraction=63.3% Gflops=3.550e+03
Column=000124544 Fraction=63.3% Gflops=3.550e+03
Column=000124672 Fraction=63.4% Gflops=3.550e+03
Column=000124800 Fraction=63.5% Gflops=3.550e+03
Column=000124928 Fraction=63.5% Gflops=3.550e+03
Column=000125056 Fraction=63.6% Gflops=3.550e+03
Column=000125184 Fraction=63.7% Gflops=3.550e+03
Column=000125312 Fraction=63.7% Gflops=3.550e+03
Column=000125440 Fraction=63.8% Gflops=3.550e+03
Column=000125568 Fraction=63.9% Gflops=3.550e+03
Column=000125696 Fraction=63.9% Gflops=3.549e+03
Column=000125824 Fraction=64.0% Gflops=3.549e+03
Column=000125952 Fraction=64.1% Gflops=3.549e+03
Column=000126080 Fraction=64.1% Gflops=3.549e+03
Column=000126208 Fraction=64.2% Gflops=3.549e+03
Column=000126336 Fraction=64.3% Gflops=3.549e+03
Column=000126464 Fraction=64.3% Gflops=3.549e+03
Column=000126592 Fraction=64.4% Gflops=3.549e+03
Column=000126720 Fraction=64.5% Gflops=3.549e+03
Column=000126848 Fraction=64.5% Gflops=3.549e+03
Column=000126976 Fraction=64.6% Gflops=3.549e+03
Column=000127104 Fraction=64.6% Gflops=3.549e+03
Column=000127232 Fraction=64.7% Gflops=3.548e+03
Column=000127360 Fraction=64.8% Gflops=3.548e+03
Column=000127488 Fraction=64.8% Gflops=3.548e+03
Column=000127616 Fraction=64.9% Gflops=3.548e+03
Column=000127744 Fraction=65.0% Gflops=3.548e+03
Column=000127872 Fraction=65.0% Gflops=3.548e+03
Column=000128000 Fraction=65.1% Gflops=3.548e+03
Column=000128128 Fraction=65.2% Gflops=3.548e+03
Column=000128256 Fraction=65.2% Gflops=3.548e+03
Column=000128384 Fraction=65.3% Gflops=3.548e+03
Column=000128512 Fraction=65.4% Gflops=3.547e+03
Column=000128640 Fraction=65.4% Gflops=3.547e+03
Column=000128768 Fraction=65.5% Gflops=3.547e+03
Column=000128896 Fraction=65.6% Gflops=3.547e+03
Column=000129024 Fraction=65.6% Gflops=3.547e+03
Column=000129152 Fraction=65.7% Gflops=3.547e+03
Column=000129280 Fraction=65.8% Gflops=3.547e+03
Column=000129408 Fraction=65.8% Gflops=3.547e+03
Column=000129536 Fraction=65.9% Gflops=3.547e+03
Column=000129664 Fraction=66.0% Gflops=3.547e+03
Column=000129792 Fraction=66.0% Gflops=3.547e+03
Column=000129920 Fraction=66.1% Gflops=3.546e+03
Column=000130048 Fraction=66.1% Gflops=3.546e+03
Column=000130176 Fraction=66.2% Gflops=3.546e+03
Column=000130304 Fraction=66.3% Gflops=3.546e+03
Column=000130432 Fraction=66.3% Gflops=3.546e+03
Column=000130560 Fraction=66.4% Gflops=3.546e+03
Column=000130688 Fraction=66.5% Gflops=3.546e+03
Column=000130816 Fraction=66.5% Gflops=3.546e+03
Column=000130944 Fraction=66.6% Gflops=3.546e+03
Column=000131072 Fraction=66.7% Gflops=3.546e+03
Column=000131200 Fraction=66.7% Gflops=3.546e+03
Column=000131328 Fraction=66.8% Gflops=3.545e+03
Column=000131456 Fraction=66.9% Gflops=3.545e+03
Column=000131584 Fraction=66.9% Gflops=3.545e+03
Column=000131712 Fraction=67.0% Gflops=3.545e+03
Column=000131840 Fraction=67.1% Gflops=3.545e+03
Column=000131968 Fraction=67.1% Gflops=3.545e+03
Column=000132096 Fraction=67.2% Gflops=3.545e+03
Column=000132224 Fraction=67.3% Gflops=3.545e+03
Column=000132352 Fraction=67.3% Gflops=3.545e+03
Column=000132480 Fraction=67.4% Gflops=3.545e+03
Column=000132608 Fraction=67.4% Gflops=3.545e+03
Column=000132736 Fraction=67.5% Gflops=3.545e+03
Column=000132864 Fraction=67.6% Gflops=3.545e+03
Column=000132992 Fraction=67.6% Gflops=3.545e+03
Column=000133120 Fraction=67.7% Gflops=3.544e+03
Column=000133248 Fraction=67.8% Gflops=3.544e+03
Column=000133376 Fraction=67.8% Gflops=3.544e+03
Column=000133504 Fraction=67.9% Gflops=3.544e+03
Column=000133632 Fraction=68.0% Gflops=3.544e+03
Column=000133760 Fraction=68.0% Gflops=3.544e+03
Column=000133888 Fraction=68.1% Gflops=3.544e+03
Column=000134016 Fraction=68.2% Gflops=3.544e+03
Column=000134144 Fraction=68.2% Gflops=3.544e+03
Column=000134272 Fraction=68.3% Gflops=3.544e+03
Column=000134400 Fraction=68.4% Gflops=3.544e+03
Column=000134528 Fraction=68.4% Gflops=3.544e+03
Column=000134656 Fraction=68.5% Gflops=3.544e+03
Column=000134784 Fraction=68.6% Gflops=3.544e+03
Column=000134912 Fraction=68.6% Gflops=3.543e+03
Column=000135040 Fraction=68.7% Gflops=3.543e+03
Column=000135168 Fraction=68.8% Gflops=3.543e+03
Column=000135296 Fraction=68.8% Gflops=3.543e+03
Column=000135424 Fraction=68.9% Gflops=3.543e+03
Column=000135552 Fraction=68.9% Gflops=3.543e+03
Column=000135680 Fraction=69.0% Gflops=3.543e+03
Column=000135808 Fraction=69.1% Gflops=3.543e+03
Column=000135936 Fraction=69.1% Gflops=3.543e+03
Column=000136064 Fraction=69.2% Gflops=3.543e+03
Column=000136192 Fraction=69.3% Gflops=3.542e+03
Column=000136320 Fraction=69.3% Gflops=3.542e+03
Column=000136448 Fraction=69.4% Gflops=3.542e+03
Column=000136576 Fraction=69.5% Gflops=3.542e+03
Column=000136704 Fraction=69.5% Gflops=3.542e+03
Column=000136832 Fraction=69.6% Gflops=3.542e+03
Column=000136960 Fraction=69.7% Gflops=3.542e+03
Column=000137088 Fraction=69.7% Gflops=3.542e+03
Column=000137216 Fraction=69.8% Gflops=3.542e+03
Column=000137344 Fraction=69.9% Gflops=3.542e+03
Column=000137472 Fraction=69.9% Gflops=3.542e+03
Column=000137600 Fraction=70.0% Gflops=3.542e+03
Column=000137728 Fraction=70.1% Gflops=3.541e+03
Column=000137856 Fraction=70.1% Gflops=3.541e+03
Column=000137984 Fraction=70.2% Gflops=3.541e+03
Column=000138112 Fraction=70.2% Gflops=3.541e+03
Column=000138240 Fraction=70.3% Gflops=3.541e+03
Column=000138368 Fraction=70.4% Gflops=3.541e+03
Column=000138496 Fraction=70.4% Gflops=3.541e+03
Column=000138624 Fraction=70.5% Gflops=3.541e+03
Column=000138752 Fraction=70.6% Gflops=3.541e+03
Column=000138880 Fraction=70.6% Gflops=3.541e+03
Column=000139008 Fraction=70.7% Gflops=3.540e+03
Column=000139136 Fraction=70.8% Gflops=3.540e+03
Column=000139264 Fraction=70.8% Gflops=3.540e+03
Column=000139392 Fraction=70.9% Gflops=3.540e+03
Column=000139520 Fraction=71.0% Gflops=3.540e+03
Column=000139648 Fraction=71.0% Gflops=3.540e+03
Column=000139776 Fraction=71.1% Gflops=3.540e+03
Column=000139904 Fraction=71.2% Gflops=3.540e+03
Column=000140032 Fraction=71.2% Gflops=3.540e+03
Column=000140160 Fraction=71.3% Gflops=3.540e+03
Column=000140288 Fraction=71.4% Gflops=3.540e+03
Column=000140416 Fraction=71.4% Gflops=3.540e+03
Column=000140544 Fraction=71.5% Gflops=3.540e+03
Column=000140672 Fraction=71.5% Gflops=3.539e+03
Column=000140800 Fraction=71.6% Gflops=3.539e+03
Column=000140928 Fraction=71.7% Gflops=3.539e+03
Column=000141056 Fraction=71.7% Gflops=3.539e+03
Column=000141184 Fraction=71.8% Gflops=3.539e+03
Column=000141312 Fraction=71.9% Gflops=3.539e+03
Column=000141440 Fraction=71.9% Gflops=3.539e+03
Column=000141568 Fraction=72.0% Gflops=3.539e+03
Column=000141696 Fraction=72.1% Gflops=3.539e+03
Column=000141824 Fraction=72.1% Gflops=3.539e+03
Column=000141952 Fraction=72.2% Gflops=3.539e+03
Column=000142080 Fraction=72.3% Gflops=3.539e+03
Column=000142208 Fraction=72.3% Gflops=3.539e+03
Column=000142336 Fraction=72.4% Gflops=3.539e+03
Column=000142464 Fraction=72.5% Gflops=3.539e+03
Column=000142592 Fraction=72.5% Gflops=3.538e+03
Column=000142720 Fraction=72.6% Gflops=3.538e+03
Column=000142848 Fraction=72.7% Gflops=3.538e+03
Column=000142976 Fraction=72.7% Gflops=3.538e+03
Column=000143104 Fraction=72.8% Gflops=3.538e+03
Column=000143232 Fraction=72.9% Gflops=3.538e+03
Column=000143360 Fraction=72.9% Gflops=3.538e+03
Column=000143488 Fraction=73.0% Gflops=3.538e+03
Column=000143616 Fraction=73.0% Gflops=3.538e+03
Column=000143744 Fraction=73.1% Gflops=3.538e+03
Column=000143872 Fraction=73.2% Gflops=3.538e+03
Column=000144000 Fraction=73.2% Gflops=3.537e+03
Column=000144128 Fraction=73.3% Gflops=3.537e+03
Column=000144256 Fraction=73.4% Gflops=3.537e+03
Column=000144384 Fraction=73.4% Gflops=3.537e+03
Column=000144512 Fraction=73.5% Gflops=3.537e+03
Column=000144640 Fraction=73.6% Gflops=3.537e+03
Column=000144768 Fraction=73.6% Gflops=3.537e+03
Column=000144896 Fraction=73.7% Gflops=3.537e+03
Column=000145024 Fraction=73.8% Gflops=3.537e+03
Column=000145152 Fraction=73.8% Gflops=3.537e+03
Column=000145280 Fraction=73.9% Gflops=3.537e+03
Column=000145408 Fraction=74.0% Gflops=3.537e+03
Column=000145536 Fraction=74.0% Gflops=3.536e+03
Column=000145664 Fraction=74.1% Gflops=3.536e+03
Column=000145792 Fraction=74.2% Gflops=3.536e+03
Column=000145920 Fraction=74.2% Gflops=3.536e+03
Column=000146048 Fraction=74.3% Gflops=3.536e+03
Column=000146176 Fraction=74.3% Gflops=3.536e+03
Column=000146304 Fraction=74.4% Gflops=3.536e+03
Column=000146432 Fraction=74.5% Gflops=3.536e+03
Column=000146560 Fraction=74.5% Gflops=3.536e+03
Column=000146688 Fraction=74.6% Gflops=3.536e+03
Column=000146816 Fraction=74.7% Gflops=3.536e+03
Column=000146944 Fraction=74.7% Gflops=3.535e+03
Column=000147072 Fraction=74.8% Gflops=3.535e+03
Column=000147200 Fraction=74.9% Gflops=3.535e+03
Column=000147328 Fraction=74.9% Gflops=3.535e+03
Column=000147456 Fraction=75.0% Gflops=3.535e+03
Column=000147584 Fraction=75.1% Gflops=3.535e+03
Column=000147712 Fraction=75.1% Gflops=3.535e+03
Column=000147840 Fraction=75.2% Gflops=3.535e+03
Column=000147968 Fraction=75.3% Gflops=3.535e+03
Column=000148096 Fraction=75.3% Gflops=3.535e+03
Column=000148224 Fraction=75.4% Gflops=3.535e+03
Column=000148352 Fraction=75.5% Gflops=3.535e+03
Column=000148480 Fraction=75.5% Gflops=3.535e+03
Column=000148608 Fraction=75.6% Gflops=3.534e+03
Column=000148736 Fraction=75.7% Gflops=3.534e+03
Column=000148864 Fraction=75.7% Gflops=3.534e+03
Column=000148992 Fraction=75.8% Gflops=3.534e+03
Column=000149120 Fraction=75.8% Gflops=3.534e+03
Column=000149248 Fraction=75.9% Gflops=3.534e+03
Column=000149376 Fraction=76.0% Gflops=3.534e+03
Column=000149504 Fraction=76.0% Gflops=3.534e+03
Column=000149632 Fraction=76.1% Gflops=3.534e+03
Column=000149760 Fraction=76.2% Gflops=3.534e+03
Column=000149888 Fraction=76.2% Gflops=3.534e+03
Column=000150016 Fraction=76.3% Gflops=3.534e+03
Column=000150144 Fraction=76.4% Gflops=3.534e+03
Column=000150272 Fraction=76.4% Gflops=3.534e+03
Column=000150400 Fraction=76.5% Gflops=3.534e+03
Column=000150528 Fraction=76.6% Gflops=3.533e+03
Column=000150656 Fraction=76.6% Gflops=3.533e+03
Column=000150784 Fraction=76.7% Gflops=3.533e+03
Column=000150912 Fraction=76.8% Gflops=3.533e+03
Column=000151040 Fraction=76.8% Gflops=3.533e+03
Column=000151168 Fraction=76.9% Gflops=3.533e+03
Column=000151296 Fraction=77.0% Gflops=3.533e+03
Column=000151424 Fraction=77.0% Gflops=3.533e+03
Column=000151552 Fraction=77.1% Gflops=3.533e+03
Column=000151680 Fraction=77.1% Gflops=3.533e+03
Column=000151808 Fraction=77.2% Gflops=3.533e+03
Column=000151936 Fraction=77.3% Gflops=3.533e+03
Column=000152064 Fraction=77.3% Gflops=3.532e+03
Column=000152192 Fraction=77.4% Gflops=3.532e+03
Column=000152320 Fraction=77.5% Gflops=3.532e+03
Column=000152448 Fraction=77.5% Gflops=3.532e+03
Column=000152576 Fraction=77.6% Gflops=3.532e+03
Column=000152704 Fraction=77.7% Gflops=3.532e+03
Column=000152832 Fraction=77.7% Gflops=3.532e+03
Column=000152960 Fraction=77.8% Gflops=3.532e+03
Column=000153088 Fraction=77.9% Gflops=3.532e+03
Column=000153216 Fraction=77.9% Gflops=3.532e+03
Column=000153344 Fraction=78.0% Gflops=3.532e+03
Column=000153472 Fraction=78.1% Gflops=3.532e+03
Column=000153600 Fraction=78.1% Gflops=3.532e+03
Column=000153728 Fraction=78.2% Gflops=3.531e+03
Column=000153856 Fraction=78.3% Gflops=3.531e+03
Column=000153984 Fraction=78.3% Gflops=3.531e+03
Column=000154112 Fraction=78.4% Gflops=3.531e+03
Column=000154240 Fraction=78.5% Gflops=3.531e+03
Column=000154368 Fraction=78.5% Gflops=3.531e+03
Column=000154496 Fraction=78.6% Gflops=3.531e+03
Column=000154624 Fraction=78.6% Gflops=3.531e+03
Column=000154752 Fraction=78.7% Gflops=3.531e+03
Column=000154880 Fraction=78.8% Gflops=3.531e+03
Column=000155008 Fraction=78.8% Gflops=3.531e+03
Column=000155136 Fraction=78.9% Gflops=3.530e+03
Column=000155264 Fraction=79.0% Gflops=3.530e+03
Column=000155392 Fraction=79.0% Gflops=3.530e+03
Column=000155520 Fraction=79.1% Gflops=3.530e+03
Column=000155648 Fraction=79.2% Gflops=3.530e+03
Column=000155776 Fraction=79.2% Gflops=3.530e+03
Column=000155904 Fraction=79.3% Gflops=3.530e+03
Column=000156032 Fraction=79.4% Gflops=3.530e+03
Column=000156160 Fraction=79.4% Gflops=3.530e+03
Column=000156288 Fraction=79.5% Gflops=3.530e+03
Column=000156416 Fraction=79.6% Gflops=3.530e+03
Column=000156544 Fraction=79.6% Gflops=3.530e+03
Column=000156672 Fraction=79.7% Gflops=3.530e+03
Column=000156800 Fraction=79.8% Gflops=3.530e+03
Column=000156928 Fraction=79.8% Gflops=3.529e+03
Column=000157056 Fraction=79.9% Gflops=3.529e+03
Column=000157184 Fraction=79.9% Gflops=3.529e+03
Column=000157312 Fraction=80.0% Gflops=3.529e+03
Column=000157440 Fraction=80.1% Gflops=3.529e+03
Column=000157568 Fraction=80.1% Gflops=3.529e+03
Column=000157696 Fraction=80.2% Gflops=3.529e+03
Column=000157824 Fraction=80.3% Gflops=3.529e+03
Column=000157952 Fraction=80.3% Gflops=3.529e+03
Column=000158080 Fraction=80.4% Gflops=3.529e+03
Column=000158208 Fraction=80.5% Gflops=3.529e+03
Column=000158336 Fraction=80.5% Gflops=3.529e+03
Column=000158464 Fraction=80.6% Gflops=3.529e+03
Column=000158592 Fraction=80.7% Gflops=3.529e+03
Column=000158720 Fraction=80.7% Gflops=3.529e+03
Column=000158848 Fraction=80.8% Gflops=3.528e+03
Column=000158976 Fraction=80.9% Gflops=3.528e+03
Column=000159104 Fraction=80.9% Gflops=3.528e+03
Column=000159232 Fraction=81.0% Gflops=3.528e+03
Column=000159360 Fraction=81.1% Gflops=3.528e+03
Column=000159488 Fraction=81.1% Gflops=3.528e+03
Column=000159616 Fraction=81.2% Gflops=3.528e+03
Column=000159744 Fraction=81.2% Gflops=3.528e+03
Column=000159872 Fraction=81.3% Gflops=3.528e+03
Column=000160000 Fraction=81.4% Gflops=3.528e+03
Column=000160128 Fraction=81.4% Gflops=3.528e+03
Column=000160256 Fraction=81.5% Gflops=3.528e+03
Column=000160384 Fraction=81.6% Gflops=3.528e+03
Column=000160512 Fraction=81.6% Gflops=3.527e+03
Column=000160640 Fraction=81.7% Gflops=3.527e+03
Column=000160768 Fraction=81.8% Gflops=3.527e+03
Column=000160896 Fraction=81.8% Gflops=3.527e+03
Column=000161024 Fraction=81.9% Gflops=3.527e+03
Column=000161152 Fraction=82.0% Gflops=3.527e+03
Column=000161280 Fraction=82.0% Gflops=3.527e+03
Column=000161408 Fraction=82.1% Gflops=3.527e+03
Column=000161536 Fraction=82.2% Gflops=3.527e+03
Column=000161664 Fraction=82.2% Gflops=3.527e+03
Column=000161792 Fraction=82.3% Gflops=3.527e+03
Column=000161920 Fraction=82.4% Gflops=3.527e+03
Column=000162048 Fraction=82.4% Gflops=3.527e+03
Column=000162176 Fraction=82.5% Gflops=3.526e+03
Column=000162304 Fraction=82.6% Gflops=3.526e+03
Column=000162432 Fraction=82.6% Gflops=3.526e+03
Column=000162560 Fraction=82.7% Gflops=3.526e+03
Column=000162688 Fraction=82.7% Gflops=3.526e+03
Column=000162816 Fraction=82.8% Gflops=3.526e+03
Column=000162944 Fraction=82.9% Gflops=3.526e+03
Column=000163072 Fraction=82.9% Gflops=3.526e+03
Column=000163200 Fraction=83.0% Gflops=3.526e+03
Column=000163328 Fraction=83.1% Gflops=3.526e+03
Column=000163456 Fraction=83.1% Gflops=3.526e+03
Column=000163584 Fraction=83.2% Gflops=3.526e+03
Column=000163712 Fraction=83.3% Gflops=3.525e+03
Column=000163840 Fraction=83.3% Gflops=3.525e+03
Column=000163968 Fraction=83.4% Gflops=3.525e+03
Column=000164096 Fraction=83.5% Gflops=3.525e+03
Column=000164224 Fraction=83.5% Gflops=3.525e+03
Column=000164352 Fraction=83.6% Gflops=3.525e+03
Column=000164480 Fraction=83.7% Gflops=3.525e+03
Column=000164608 Fraction=83.7% Gflops=3.525e+03
Column=000164736 Fraction=83.8% Gflops=3.525e+03
Column=000164864 Fraction=83.9% Gflops=3.525e+03
Column=000164992 Fraction=83.9% Gflops=3.525e+03
Column=000165120 Fraction=84.0% Gflops=3.525e+03
Column=000165248 Fraction=84.0% Gflops=3.525e+03
Column=000165376 Fraction=84.1% Gflops=3.525e+03
Column=000165504 Fraction=84.2% Gflops=3.525e+03
Column=000165632 Fraction=84.2% Gflops=3.524e+03
Column=000165760 Fraction=84.3% Gflops=3.524e+03
Column=000165888 Fraction=84.4% Gflops=3.524e+03
Column=000166016 Fraction=84.4% Gflops=3.524e+03
Column=000166144 Fraction=84.5% Gflops=3.524e+03
Column=000166272 Fraction=84.6% Gflops=3.524e+03
Column=000166400 Fraction=84.6% Gflops=3.524e+03
Column=000166528 Fraction=84.7% Gflops=3.524e+03
Column=000166656 Fraction=84.8% Gflops=3.524e+03
Column=000166784 Fraction=84.8% Gflops=3.524e+03
Column=000166912 Fraction=84.9% Gflops=3.524e+03
Column=000167040 Fraction=85.0% Gflops=3.524e+03
Column=000167168 Fraction=85.0% Gflops=3.524e+03
Column=000167296 Fraction=85.1% Gflops=3.524e+03
Column=000167424 Fraction=85.2% Gflops=3.524e+03
Column=000167552 Fraction=85.2% Gflops=3.524e+03
Column=000167680 Fraction=85.3% Gflops=3.523e+03
Column=000167808 Fraction=85.4% Gflops=3.523e+03
Column=000167936 Fraction=85.4% Gflops=3.523e+03
Column=000168064 Fraction=85.5% Gflops=3.523e+03
Column=000168192 Fraction=85.5% Gflops=3.523e+03
Column=000168320 Fraction=85.6% Gflops=3.523e+03
Column=000168448 Fraction=85.7% Gflops=3.523e+03
Column=000168576 Fraction=85.7% Gflops=3.523e+03
Column=000168704 Fraction=85.8% Gflops=3.523e+03
Column=000168832 Fraction=85.9% Gflops=3.523e+03
Column=000168960 Fraction=85.9% Gflops=3.523e+03
Column=000169088 Fraction=86.0% Gflops=3.523e+03
Column=000169216 Fraction=86.1% Gflops=3.523e+03
Column=000169344 Fraction=86.1% Gflops=3.522e+03
Column=000169472 Fraction=86.2% Gflops=3.522e+03
Column=000169600 Fraction=86.3% Gflops=3.522e+03
Column=000169728 Fraction=86.3% Gflops=3.522e+03
Column=000169856 Fraction=86.4% Gflops=3.522e+03
Column=000169984 Fraction=86.5% Gflops=3.522e+03
Column=000170112 Fraction=86.5% Gflops=3.522e+03
Column=000170240 Fraction=86.6% Gflops=3.522e+03
Column=000170368 Fraction=86.7% Gflops=3.522e+03
Column=000170496 Fraction=86.7% Gflops=3.522e+03
Column=000170624 Fraction=86.8% Gflops=3.522e+03
Column=000170752 Fraction=86.8% Gflops=3.522e+03
Column=000170880 Fraction=86.9% Gflops=3.522e+03
Column=000171008 Fraction=87.0% Gflops=3.522e+03
Column=000171136 Fraction=87.0% Gflops=3.521e+03
Column=000171264 Fraction=87.1% Gflops=3.521e+03
Column=000171392 Fraction=87.2% Gflops=3.521e+03
Column=000171520 Fraction=87.2% Gflops=3.521e+03
Column=000171648 Fraction=87.3% Gflops=3.521e+03
Column=000171776 Fraction=87.4% Gflops=3.521e+03
Column=000171904 Fraction=87.4% Gflops=3.521e+03
Column=000172032 Fraction=87.5% Gflops=3.521e+03
Column=000172160 Fraction=87.6% Gflops=3.521e+03
Column=000172288 Fraction=87.6% Gflops=3.521e+03
Column=000172416 Fraction=87.7% Gflops=3.521e+03
Column=000172544 Fraction=87.8% Gflops=3.521e+03
Column=000172672 Fraction=87.8% Gflops=3.521e+03
Column=000172800 Fraction=87.9% Gflops=3.521e+03
Column=000172928 Fraction=88.0% Gflops=3.520e+03
Column=000173056 Fraction=88.0% Gflops=3.520e+03
Column=000173184 Fraction=88.1% Gflops=3.520e+03
Column=000173312 Fraction=88.2% Gflops=3.520e+03
Column=000173440 Fraction=88.2% Gflops=3.520e+03
Column=000173568 Fraction=88.3% Gflops=3.520e+03
Column=000173696 Fraction=88.3% Gflops=3.520e+03
Column=000173824 Fraction=88.4% Gflops=3.520e+03
Column=000173952 Fraction=88.5% Gflops=3.520e+03
Column=000174080 Fraction=88.5% Gflops=3.520e+03
Column=000174208 Fraction=88.6% Gflops=3.520e+03
Column=000174336 Fraction=88.7% Gflops=3.520e+03
Column=000174464 Fraction=88.7% Gflops=3.520e+03
Column=000174592 Fraction=88.8% Gflops=3.520e+03
Column=000174720 Fraction=88.9% Gflops=3.520e+03
Column=000174848 Fraction=88.9% Gflops=3.520e+03
Column=000174976 Fraction=89.0% Gflops=3.520e+03
Column=000175104 Fraction=89.1% Gflops=3.519e+03
Column=000175232 Fraction=89.1% Gflops=3.519e+03
Column=000175360 Fraction=89.2% Gflops=3.519e+03
Column=000175488 Fraction=89.3% Gflops=3.519e+03
Column=000175616 Fraction=89.3% Gflops=3.519e+03
Column=000175744 Fraction=89.4% Gflops=3.519e+03
Column=000175872 Fraction=89.5% Gflops=3.519e+03
Column=000176000 Fraction=89.5% Gflops=3.519e+03
Column=000176128 Fraction=89.6% Gflops=3.519e+03
Column=000176256 Fraction=89.6% Gflops=3.519e+03
Column=000176384 Fraction=89.7% Gflops=3.519e+03
Column=000176512 Fraction=89.8% Gflops=3.519e+03
Column=000176640 Fraction=89.8% Gflops=3.519e+03
Column=000176768 Fraction=89.9% Gflops=3.519e+03
Column=000176896 Fraction=90.0% Gflops=3.519e+03
Column=000177024 Fraction=90.0% Gflops=3.518e+03
Column=000177152 Fraction=90.1% Gflops=3.518e+03
Column=000177280 Fraction=90.2% Gflops=3.518e+03
Column=000177408 Fraction=90.2% Gflops=3.518e+03
Column=000177536 Fraction=90.3% Gflops=3.518e+03
Column=000177664 Fraction=90.4% Gflops=3.518e+03
Column=000177792 Fraction=90.4% Gflops=3.518e+03
Column=000177920 Fraction=90.5% Gflops=3.518e+03
Column=000178048 Fraction=90.6% Gflops=3.518e+03
Column=000178176 Fraction=90.6% Gflops=3.518e+03
Column=000178304 Fraction=90.7% Gflops=3.518e+03
Column=000178432 Fraction=90.8% Gflops=3.518e+03
Column=000178560 Fraction=90.8% Gflops=3.518e+03
Column=000178688 Fraction=90.9% Gflops=3.518e+03
Column=000178816 Fraction=91.0% Gflops=3.518e+03
Column=000178944 Fraction=91.0% Gflops=3.517e+03
Column=000179072 Fraction=91.1% Gflops=3.517e+03
Column=000179200 Fraction=91.1% Gflops=3.517e+03
Column=000179328 Fraction=91.2% Gflops=3.517e+03
Column=000179456 Fraction=91.3% Gflops=3.517e+03
Column=000179584 Fraction=91.3% Gflops=3.517e+03
Column=000179712 Fraction=91.4% Gflops=3.517e+03
Column=000179840 Fraction=91.5% Gflops=3.517e+03
Column=000179968 Fraction=91.5% Gflops=3.517e+03
Column=000180096 Fraction=91.6% Gflops=3.517e+03
Column=000180224 Fraction=91.7% Gflops=3.517e+03
Column=000180352 Fraction=91.7% Gflops=3.517e+03
Column=000180480 Fraction=91.8% Gflops=3.517e+03
Column=000180608 Fraction=91.9% Gflops=3.517e+03
Column=000180736 Fraction=91.9% Gflops=3.516e+03
Column=000180864 Fraction=92.0% Gflops=3.516e+03
Column=000180992 Fraction=92.1% Gflops=3.516e+03
Column=000181120 Fraction=92.1% Gflops=3.516e+03
Column=000181248 Fraction=92.2% Gflops=3.516e+03
Column=000181376 Fraction=92.3% Gflops=3.516e+03
Column=000181504 Fraction=92.3% Gflops=3.516e+03
Column=000181632 Fraction=92.4% Gflops=3.516e+03
Column=000181760 Fraction=92.4% Gflops=3.516e+03
Column=000181888 Fraction=92.5% Gflops=3.516e+03
Column=000182016 Fraction=92.6% Gflops=3.516e+03
Column=000182144 Fraction=92.6% Gflops=3.516e+03
Column=000182272 Fraction=92.7% Gflops=3.516e+03
Column=000182400 Fraction=92.8% Gflops=3.516e+03
Column=000182528 Fraction=92.8% Gflops=3.516e+03
Column=000182656 Fraction=92.9% Gflops=3.516e+03
Column=000182784 Fraction=93.0% Gflops=3.516e+03
Column=000182912 Fraction=93.0% Gflops=3.515e+03
Column=000183040 Fraction=93.1% Gflops=3.515e+03
Column=000183168 Fraction=93.2% Gflops=3.515e+03
Column=000183296 Fraction=93.2% Gflops=3.515e+03
Column=000183424 Fraction=93.3% Gflops=3.515e+03
Column=000183552 Fraction=93.4% Gflops=3.515e+03
Column=000183680 Fraction=93.4% Gflops=3.515e+03
Column=000183808 Fraction=93.5% Gflops=3.515e+03
Column=000183936 Fraction=93.6% Gflops=3.515e+03
Column=000184064 Fraction=93.6% Gflops=3.515e+03
Column=000184192 Fraction=93.7% Gflops=3.515e+03
Column=000184320 Fraction=93.8% Gflops=3.515e+03
Column=000184448 Fraction=93.8% Gflops=3.515e+03
Column=000184576 Fraction=93.9% Gflops=3.515e+03
Column=000184704 Fraction=93.9% Gflops=3.515e+03
Column=000184832 Fraction=94.0% Gflops=3.514e+03
Column=000184960 Fraction=94.1% Gflops=3.514e+03
Column=000185088 Fraction=94.1% Gflops=3.514e+03
Column=000185216 Fraction=94.2% Gflops=3.514e+03
Column=000185344 Fraction=94.3% Gflops=3.514e+03
Column=000185472 Fraction=94.3% Gflops=3.514e+03
Column=000185600 Fraction=94.4% Gflops=3.514e+03
Column=000185728 Fraction=94.5% Gflops=3.514e+03
Column=000185856 Fraction=94.5% Gflops=3.514e+03
Column=000185984 Fraction=94.6% Gflops=3.514e+03
Column=000186112 Fraction=94.7% Gflops=3.514e+03
Column=000186240 Fraction=94.7% Gflops=3.514e+03
Column=000186368 Fraction=94.8% Gflops=3.514e+03
Column=000186496 Fraction=94.9% Gflops=3.514e+03
Column=000186624 Fraction=94.9% Gflops=3.514e+03
Column=000186752 Fraction=95.0% Gflops=3.514e+03
Column=000186880 Fraction=95.1% Gflops=3.513e+03
Column=000187008 Fraction=95.1% Gflops=3.513e+03
Column=000187136 Fraction=95.2% Gflops=3.513e+03
Column=000187264 Fraction=95.2% Gflops=3.513e+03
Column=000187392 Fraction=95.3% Gflops=3.513e+03
Column=000187520 Fraction=95.4% Gflops=3.513e+03
Column=000187648 Fraction=95.4% Gflops=3.513e+03
Column=000187776 Fraction=95.5% Gflops=3.513e+03
Column=000187904 Fraction=95.6% Gflops=3.513e+03
Column=000188032 Fraction=95.6% Gflops=3.513e+03
Column=000188160 Fraction=95.7% Gflops=3.513e+03
Column=000188288 Fraction=95.8% Gflops=3.513e+03
Column=000188416 Fraction=95.8% Gflops=3.513e+03
Column=000188544 Fraction=95.9% Gflops=3.513e+03
Column=000188672 Fraction=96.0% Gflops=3.513e+03
Column=000188800 Fraction=96.0% Gflops=3.512e+03
Column=000188928 Fraction=96.1% Gflops=3.512e+03
Column=000189056 Fraction=96.2% Gflops=3.512e+03
Column=000189184 Fraction=96.2% Gflops=3.512e+03
Column=000189312 Fraction=96.3% Gflops=3.512e+03
Column=000189440 Fraction=96.4% Gflops=3.512e+03
Column=000189568 Fraction=96.4% Gflops=3.512e+03
Column=000189696 Fraction=96.5% Gflops=3.512e+03
Column=000189824 Fraction=96.5% Gflops=3.512e+03
Column=000189952 Fraction=96.6% Gflops=3.512e+03
Column=000190080 Fraction=96.7% Gflops=3.512e+03
Column=000190208 Fraction=96.7% Gflops=3.512e+03
Column=000190336 Fraction=96.8% Gflops=3.512e+03
Column=000190464 Fraction=96.9% Gflops=3.512e+03
Column=000190592 Fraction=96.9% Gflops=3.512e+03
Column=000190720 Fraction=97.0% Gflops=3.512e+03
Column=000190848 Fraction=97.1% Gflops=3.512e+03
Column=000190976 Fraction=97.1% Gflops=3.511e+03
Column=000191104 Fraction=97.2% Gflops=3.511e+03
Column=000191232 Fraction=97.3% Gflops=3.511e+03
Column=000191360 Fraction=97.3% Gflops=3.511e+03
Column=000191488 Fraction=97.4% Gflops=3.511e+03
Column=000191616 Fraction=97.5% Gflops=3.511e+03
Column=000191744 Fraction=97.5% Gflops=3.511e+03
Column=000191872 Fraction=97.6% Gflops=3.511e+03
Column=000192000 Fraction=97.7% Gflops=3.511e+03
Column=000192128 Fraction=97.7% Gflops=3.511e+03
Column=000192256 Fraction=97.8% Gflops=3.511e+03
Column=000192384 Fraction=97.9% Gflops=3.511e+03
Column=000192512 Fraction=97.9% Gflops=3.511e+03
Column=000192640 Fraction=98.0% Gflops=3.511e+03
Column=000192768 Fraction=98.0% Gflops=3.511e+03
Column=000192896 Fraction=98.1% Gflops=3.511e+03
Column=000193024 Fraction=98.2% Gflops=3.511e+03
Column=000193152 Fraction=98.2% Gflops=3.511e+03
Column=000193280 Fraction=98.3% Gflops=3.510e+03
Column=000193408 Fraction=98.4% Gflops=3.510e+03
Column=000193536 Fraction=98.4% Gflops=3.510e+03
Column=000193664 Fraction=98.5% Gflops=3.510e+03
Column=000193792 Fraction=98.6% Gflops=3.510e+03
Column=000193920 Fraction=98.6% Gflops=3.510e+03
Column=000194048 Fraction=98.7% Gflops=3.510e+03
Column=000194176 Fraction=98.8% Gflops=3.510e+03
Column=000194304 Fraction=98.8% Gflops=3.510e+03
Column=000194432 Fraction=98.9% Gflops=3.510e+03
Column=000194560 Fraction=99.0% Gflops=3.510e+03
Column=000194688 Fraction=99.0% Gflops=3.510e+03
Column=000194816 Fraction=99.1% Gflops=3.510e+03
Column=000194944 Fraction=99.2% Gflops=3.510e+03
Column=000195072 Fraction=99.2% Gflops=3.510e+03
Column=000195200 Fraction=99.3% Gflops=3.510e+03
Column=000195328 Fraction=99.3% Gflops=3.510e+03
Column=000195456 Fraction=99.4% Gflops=3.510e+03
Column=000195584 Fraction=99.5% Gflops=3.510e+03
Column=000195712 Fraction=99.5% Gflops=3.510e+03
Column=000195840 Fraction=99.6% Gflops=3.509e+03
Column=000195968 Fraction=99.7% Gflops=3.509e+03
Column=000196096 Fraction=99.7% Gflops=3.509e+03
Column=000196224 Fraction=99.8% Gflops=3.509e+03
Column=000196352 Fraction=99.9% Gflops=3.509e+03
Column=000196480 Fraction=99.9% Gflops=3.509e+03
-rw-r--r-- 1 kimsh soc 3137 Aug 14 11:09 /home/k/kimsh/HPL_Linpack/hpl-2.3/bin/EPYC_openblas/results/xhpl_N196608_NB128_P4Q64_pf1rf2_nbmin4_ndiv2_bc3_d0_sw2_t128.out
