[xhpl_single] CWD: /home/k/kimsh/HPL_Linpack/hpl-2.3/bin/EPYC_openblas/work/N196608_NB128_P16Q16_pf1rf2_nbmin8_ndiv2_bc3_d0_sw2_t128
[xhpl_single] DAT line3: /home/k/kimsh/HPL_Linpack/hpl-2.3/bin/EPYC_openblas/results/xhpl_N196608_NB128_P16Q16_pf1rf2_nbmin8_ndiv2_bc3_d0_sw2_t128.out
[xhpl_single] OUT expected: /home/k/kimsh/HPL_Linpack/hpl-2.3/bin/EPYC_openblas/results/xhpl_N196608_NB128_P16Q16_pf1rf2_nbmin8_ndiv2_bc3_d0_sw2_t128.out
xcnf0   libopenblas.so.0 => /home/k/kimsh/opt/openblas/lib/libopenblas.so.0 (0x00007cddb24c8000)
 | 192.168.48.128/21
xcnf1   libopenblas.so.0 => /home/k/kimsh/opt/openblas/lib/libopenblas.so.0 (0x000072071eb18000)
xcnf3   libopenblas.so.0 => /home/k/kimsh/opt/openblas/lib/libopenblas.so.0 (0x00007a3c3d578000)
 | 192.168.48.129/21
xcnf2   libopenblas.so.0 => /home/k/kimsh/opt/openblas/lib/libopenblas.so.0 (0x00007cb01c360000)
 | 192.168.48.131/21
 | 192.168.48.130/21
Column=000000128 Fraction= 0.1% Gflops=3.620e+03
Column=000000256 Fraction= 0.1% Gflops=3.307e+03
Column=000000384 Fraction= 0.2% Gflops=3.331e+03
Column=000000512 Fraction= 0.3% Gflops=3.316e+03
Column=000000640 Fraction= 0.3% Gflops=3.253e+03
Column=000000768 Fraction= 0.4% Gflops=3.249e+03
Column=000000896 Fraction= 0.5% Gflops=3.257e+03
Column=000001024 Fraction= 0.5% Gflops=3.202e+03
Column=000001152 Fraction= 0.6% Gflops=3.212e+03
Column=000001280 Fraction= 0.7% Gflops=3.218e+03
Column=000001408 Fraction= 0.7% Gflops=3.207e+03
Column=000001536 Fraction= 0.8% Gflops=3.201e+03
Column=000001664 Fraction= 0.8% Gflops=3.190e+03
Column=000001792 Fraction= 0.9% Gflops=3.176e+03
Column=000001920 Fraction= 1.0% Gflops=3.184e+03
Column=000002048 Fraction= 1.0% Gflops=3.184e+03
Column=000002176 Fraction= 1.1% Gflops=3.161e+03
Column=000002304 Fraction= 1.2% Gflops=3.155e+03
Column=000002432 Fraction= 1.2% Gflops=3.156e+03
Column=000002560 Fraction= 1.3% Gflops=3.154e+03
Column=000002688 Fraction= 1.4% Gflops=3.149e+03
Column=000002816 Fraction= 1.4% Gflops=3.157e+03
Column=000002944 Fraction= 1.5% Gflops=3.156e+03
Column=000003072 Fraction= 1.6% Gflops=3.144e+03
Column=000003200 Fraction= 1.6% Gflops=3.147e+03
Column=000003328 Fraction= 1.7% Gflops=3.135e+03
Column=000003456 Fraction= 1.8% Gflops=3.141e+03
Column=000003584 Fraction= 1.8% Gflops=3.136e+03
Column=000003712 Fraction= 1.9% Gflops=3.134e+03
Column=000003840 Fraction= 2.0% Gflops=3.135e+03
Column=000003968 Fraction= 2.0% Gflops=3.129e+03
Column=000004096 Fraction= 2.1% Gflops=3.131e+03
Column=000004224 Fraction= 2.1% Gflops=3.118e+03
Column=000004352 Fraction= 2.2% Gflops=3.119e+03
Column=000004480 Fraction= 2.3% Gflops=3.119e+03
Column=000004608 Fraction= 2.3% Gflops=3.115e+03
Column=000004736 Fraction= 2.4% Gflops=3.113e+03
Column=000004864 Fraction= 2.5% Gflops=3.105e+03
Column=000004992 Fraction= 2.5% Gflops=3.102e+03
Column=000005120 Fraction= 2.6% Gflops=3.102e+03
Column=000005248 Fraction= 2.7% Gflops=3.108e+03
Column=000005376 Fraction= 2.7% Gflops=3.103e+03
Column=000005504 Fraction= 2.8% Gflops=3.103e+03
Column=000005632 Fraction= 2.9% Gflops=3.099e+03
Column=000005760 Fraction= 2.9% Gflops=3.097e+03
Column=000005888 Fraction= 3.0% Gflops=3.097e+03
Column=000006016 Fraction= 3.1% Gflops=3.097e+03
Column=000006144 Fraction= 3.1% Gflops=3.108e+03
Column=000006272 Fraction= 3.2% Gflops=3.103e+03
Column=000006400 Fraction= 3.3% Gflops=3.105e+03
Column=000006528 Fraction= 3.3% Gflops=3.107e+03
Column=000006656 Fraction= 3.4% Gflops=3.109e+03
Column=000006784 Fraction= 3.5% Gflops=3.108e+03
Column=000006912 Fraction= 3.5% Gflops=3.110e+03
Column=000007040 Fraction= 3.6% Gflops=3.111e+03
Column=000007168 Fraction= 3.6% Gflops=3.112e+03
Column=000007296 Fraction= 3.7% Gflops=3.117e+03
Column=000007424 Fraction= 3.8% Gflops=3.119e+03
Column=000007552 Fraction= 3.8% Gflops=3.121e+03
Column=000007680 Fraction= 3.9% Gflops=3.119e+03
Column=000007808 Fraction= 4.0% Gflops=3.116e+03
Column=000007936 Fraction= 4.0% Gflops=3.116e+03
Column=000008064 Fraction= 4.1% Gflops=3.115e+03
Column=000008192 Fraction= 4.2% Gflops=3.122e+03
Column=000008320 Fraction= 4.2% Gflops=3.121e+03
Column=000008448 Fraction= 4.3% Gflops=3.109e+03
Column=000008576 Fraction= 4.4% Gflops=3.109e+03
Column=000008704 Fraction= 4.4% Gflops=3.107e+03
Column=000008832 Fraction= 4.5% Gflops=3.105e+03
Column=000008960 Fraction= 4.6% Gflops=3.101e+03
Column=000009088 Fraction= 4.6% Gflops=3.098e+03
Column=000009216 Fraction= 4.7% Gflops=3.098e+03
Column=000009344 Fraction= 4.8% Gflops=3.100e+03
Column=000009472 Fraction= 4.8% Gflops=3.100e+03
Column=000009600 Fraction= 4.9% Gflops=3.099e+03
Column=000009728 Fraction= 4.9% Gflops=3.099e+03
Column=000009856 Fraction= 5.0% Gflops=3.098e+03
Column=000009984 Fraction= 5.1% Gflops=3.097e+03
Column=000010112 Fraction= 5.1% Gflops=3.095e+03
Column=000010240 Fraction= 5.2% Gflops=3.094e+03
Column=000010368 Fraction= 5.3% Gflops=3.097e+03
Column=000010496 Fraction= 5.3% Gflops=3.091e+03
Column=000010624 Fraction= 5.4% Gflops=3.088e+03
Column=000010752 Fraction= 5.5% Gflops=3.084e+03
Column=000010880 Fraction= 5.5% Gflops=3.085e+03
Column=000011008 Fraction= 5.6% Gflops=3.083e+03
Column=000011136 Fraction= 5.7% Gflops=3.077e+03
Column=000011264 Fraction= 5.7% Gflops=3.076e+03
Column=000011392 Fraction= 5.8% Gflops=3.077e+03
Column=000011520 Fraction= 5.9% Gflops=3.077e+03
Column=000011648 Fraction= 5.9% Gflops=3.076e+03
Column=000011776 Fraction= 6.0% Gflops=3.076e+03
Column=000011904 Fraction= 6.1% Gflops=3.074e+03
Column=000012032 Fraction= 6.1% Gflops=3.073e+03
Column=000012160 Fraction= 6.2% Gflops=3.074e+03
Column=000012288 Fraction= 6.2% Gflops=3.072e+03
Column=000012416 Fraction= 6.3% Gflops=3.072e+03
Column=000012544 Fraction= 6.4% Gflops=3.071e+03
Column=000012672 Fraction= 6.4% Gflops=3.072e+03
Column=000012800 Fraction= 6.5% Gflops=3.072e+03
Column=000012928 Fraction= 6.6% Gflops=3.071e+03
Column=000013056 Fraction= 6.6% Gflops=3.069e+03
Column=000013184 Fraction= 6.7% Gflops=3.068e+03
Column=000013312 Fraction= 6.8% Gflops=3.070e+03
Column=000013440 Fraction= 6.8% Gflops=3.073e+03
Column=000013568 Fraction= 6.9% Gflops=3.069e+03
Column=000013696 Fraction= 7.0% Gflops=3.069e+03
Column=000013824 Fraction= 7.0% Gflops=3.067e+03
Column=000013952 Fraction= 7.1% Gflops=3.068e+03
Column=000014080 Fraction= 7.2% Gflops=3.065e+03
Column=000014208 Fraction= 7.2% Gflops=3.064e+03
Column=000014336 Fraction= 7.3% Gflops=3.067e+03
Column=000014464 Fraction= 7.4% Gflops=3.067e+03
Column=000014592 Fraction= 7.4% Gflops=3.064e+03
Column=000014720 Fraction= 7.5% Gflops=3.063e+03
Column=000014848 Fraction= 7.6% Gflops=3.062e+03
Column=000014976 Fraction= 7.6% Gflops=3.061e+03
Column=000015104 Fraction= 7.7% Gflops=3.060e+03
Column=000015232 Fraction= 7.7% Gflops=3.061e+03
Column=000015360 Fraction= 7.8% Gflops=3.061e+03
Column=000015488 Fraction= 7.9% Gflops=3.065e+03
Column=000015616 Fraction= 7.9% Gflops=3.064e+03
Column=000015744 Fraction= 8.0% Gflops=3.064e+03
Column=000015872 Fraction= 8.1% Gflops=3.066e+03
Column=000016000 Fraction= 8.1% Gflops=3.065e+03
Column=000016128 Fraction= 8.2% Gflops=3.065e+03
Column=000016256 Fraction= 8.3% Gflops=3.063e+03
Column=000016384 Fraction= 8.3% Gflops=3.062e+03
Column=000016512 Fraction= 8.4% Gflops=3.062e+03
Column=000016640 Fraction= 8.5% Gflops=3.060e+03
Column=000016768 Fraction= 8.5% Gflops=3.061e+03
Column=000016896 Fraction= 8.6% Gflops=3.061e+03
Column=000017024 Fraction= 8.7% Gflops=3.059e+03
Column=000017152 Fraction= 8.7% Gflops=3.058e+03
Column=000017280 Fraction= 8.8% Gflops=3.058e+03
Column=000017408 Fraction= 8.9% Gflops=3.059e+03
Column=000017536 Fraction= 8.9% Gflops=3.059e+03
Column=000017664 Fraction= 9.0% Gflops=3.059e+03
Column=000017792 Fraction= 9.0% Gflops=3.057e+03
Column=000017920 Fraction= 9.1% Gflops=3.056e+03
Column=000018048 Fraction= 9.2% Gflops=3.057e+03
Column=000018176 Fraction= 9.2% Gflops=3.059e+03
Column=000018304 Fraction= 9.3% Gflops=3.063e+03
Column=000018432 Fraction= 9.4% Gflops=3.065e+03
Column=000018560 Fraction= 9.4% Gflops=3.063e+03
Column=000018688 Fraction= 9.5% Gflops=3.060e+03
Column=000018816 Fraction= 9.6% Gflops=3.060e+03
Column=000018944 Fraction= 9.6% Gflops=3.058e+03
Column=000019072 Fraction= 9.7% Gflops=3.057e+03
Column=000019200 Fraction= 9.8% Gflops=3.057e+03
Column=000019328 Fraction= 9.8% Gflops=3.056e+03
Column=000019456 Fraction= 9.9% Gflops=3.055e+03
Column=000019584 Fraction=10.0% Gflops=3.056e+03
Column=000019712 Fraction=10.0% Gflops=3.054e+03
Column=000019840 Fraction=10.1% Gflops=3.054e+03
Column=000019968 Fraction=10.2% Gflops=3.054e+03
Column=000020096 Fraction=10.2% Gflops=3.053e+03
Column=000020224 Fraction=10.3% Gflops=3.052e+03
Column=000020352 Fraction=10.4% Gflops=3.053e+03
Column=000020480 Fraction=10.4% Gflops=3.054e+03
Column=000020608 Fraction=10.5% Gflops=3.052e+03
Column=000020736 Fraction=10.5% Gflops=3.051e+03
Column=000020864 Fraction=10.6% Gflops=3.051e+03
Column=000020992 Fraction=10.7% Gflops=3.050e+03
Column=000021120 Fraction=10.7% Gflops=3.048e+03
Column=000021248 Fraction=10.8% Gflops=3.048e+03
Column=000021376 Fraction=10.9% Gflops=3.047e+03
Column=000021504 Fraction=10.9% Gflops=3.048e+03
Column=000021632 Fraction=11.0% Gflops=3.050e+03
Column=000021760 Fraction=11.1% Gflops=3.050e+03
Column=000021888 Fraction=11.1% Gflops=3.051e+03
Column=000022016 Fraction=11.2% Gflops=3.052e+03
Column=000022144 Fraction=11.3% Gflops=3.051e+03
Column=000022272 Fraction=11.3% Gflops=3.052e+03
Column=000022400 Fraction=11.4% Gflops=3.053e+03
Column=000022528 Fraction=11.5% Gflops=3.056e+03
Column=000022656 Fraction=11.5% Gflops=3.053e+03
Column=000022784 Fraction=11.6% Gflops=3.053e+03
Column=000022912 Fraction=11.7% Gflops=3.053e+03
Column=000023040 Fraction=11.7% Gflops=3.054e+03
Column=000023168 Fraction=11.8% Gflops=3.054e+03
Column=000023296 Fraction=11.8% Gflops=3.055e+03
Column=000023424 Fraction=11.9% Gflops=3.055e+03
Column=000023552 Fraction=12.0% Gflops=3.056e+03
Column=000023680 Fraction=12.0% Gflops=3.058e+03
Column=000023808 Fraction=12.1% Gflops=3.056e+03
Column=000023936 Fraction=12.2% Gflops=3.056e+03
Column=000024064 Fraction=12.2% Gflops=3.055e+03
Column=000024192 Fraction=12.3% Gflops=3.055e+03
Column=000024320 Fraction=12.4% Gflops=3.055e+03
Column=000024448 Fraction=12.4% Gflops=3.054e+03
Column=000024576 Fraction=12.5% Gflops=3.054e+03
Column=000024704 Fraction=12.6% Gflops=3.051e+03
Column=000024832 Fraction=12.6% Gflops=3.051e+03
Column=000024960 Fraction=12.7% Gflops=3.050e+03
Column=000025088 Fraction=12.8% Gflops=3.050e+03
Column=000025216 Fraction=12.8% Gflops=3.049e+03
Column=000025344 Fraction=12.9% Gflops=3.049e+03
Column=000025472 Fraction=13.0% Gflops=3.049e+03
Column=000025600 Fraction=13.0% Gflops=3.049e+03
Column=000025728 Fraction=13.1% Gflops=3.051e+03
Column=000025856 Fraction=13.2% Gflops=3.051e+03
Column=000025984 Fraction=13.2% Gflops=3.051e+03
Column=000026112 Fraction=13.3% Gflops=3.051e+03
Column=000026240 Fraction=13.3% Gflops=3.051e+03
Column=000026368 Fraction=13.4% Gflops=3.051e+03
Column=000026496 Fraction=13.5% Gflops=3.051e+03
Column=000026624 Fraction=13.5% Gflops=3.050e+03
Column=000026752 Fraction=13.6% Gflops=3.051e+03
Column=000026880 Fraction=13.7% Gflops=3.049e+03
Column=000027008 Fraction=13.7% Gflops=3.048e+03
Column=000027136 Fraction=13.8% Gflops=3.048e+03
Column=000027264 Fraction=13.9% Gflops=3.047e+03
Column=000027392 Fraction=13.9% Gflops=3.046e+03
Column=000027520 Fraction=14.0% Gflops=3.047e+03
Column=000027648 Fraction=14.1% Gflops=3.049e+03
Column=000027776 Fraction=14.1% Gflops=3.047e+03
Column=000027904 Fraction=14.2% Gflops=3.046e+03
Column=000028032 Fraction=14.3% Gflops=3.046e+03
Column=000028160 Fraction=14.3% Gflops=3.046e+03
Column=000028288 Fraction=14.4% Gflops=3.046e+03
Column=000028416 Fraction=14.5% Gflops=3.045e+03
Column=000028544 Fraction=14.5% Gflops=3.048e+03
Column=000028672 Fraction=14.6% Gflops=3.050e+03
Column=000028800 Fraction=14.6% Gflops=3.045e+03
Column=000028928 Fraction=14.7% Gflops=3.044e+03
Column=000029056 Fraction=14.8% Gflops=3.044e+03
Column=000029184 Fraction=14.8% Gflops=3.044e+03
Column=000029312 Fraction=14.9% Gflops=3.045e+03
Column=000029440 Fraction=15.0% Gflops=3.045e+03
Column=000029568 Fraction=15.0% Gflops=3.046e+03
Column=000029696 Fraction=15.1% Gflops=3.046e+03
Column=000029824 Fraction=15.2% Gflops=3.047e+03
Column=000029952 Fraction=15.2% Gflops=3.047e+03
Column=000030080 Fraction=15.3% Gflops=3.046e+03
Column=000030208 Fraction=15.4% Gflops=3.046e+03
Column=000030336 Fraction=15.4% Gflops=3.047e+03
Column=000030464 Fraction=15.5% Gflops=3.047e+03
Column=000030592 Fraction=15.6% Gflops=3.047e+03
Column=000030720 Fraction=15.6% Gflops=3.048e+03
Column=000030848 Fraction=15.7% Gflops=3.046e+03
Column=000030976 Fraction=15.8% Gflops=3.044e+03
Column=000031104 Fraction=15.8% Gflops=3.044e+03
Column=000031232 Fraction=15.9% Gflops=3.045e+03
Column=000031360 Fraction=16.0% Gflops=3.044e+03
Column=000031488 Fraction=16.0% Gflops=3.044e+03
Column=000031616 Fraction=16.1% Gflops=3.045e+03
Column=000031744 Fraction=16.1% Gflops=3.045e+03
Column=000031872 Fraction=16.2% Gflops=3.045e+03
Column=000032000 Fraction=16.3% Gflops=3.044e+03
Column=000032128 Fraction=16.3% Gflops=3.044e+03
Column=000032256 Fraction=16.4% Gflops=3.043e+03
Column=000032384 Fraction=16.5% Gflops=3.043e+03
Column=000032512 Fraction=16.5% Gflops=3.043e+03
Column=000032640 Fraction=16.6% Gflops=3.045e+03
Column=000032768 Fraction=16.7% Gflops=3.047e+03
Column=000032896 Fraction=16.7% Gflops=3.045e+03
Column=000033024 Fraction=16.8% Gflops=3.043e+03
Column=000033152 Fraction=16.9% Gflops=3.043e+03
Column=000033280 Fraction=16.9% Gflops=3.043e+03
Column=000033408 Fraction=17.0% Gflops=3.042e+03
Column=000033536 Fraction=17.1% Gflops=3.042e+03
Column=000033664 Fraction=17.1% Gflops=3.042e+03
Column=000033792 Fraction=17.2% Gflops=3.042e+03
Column=000033920 Fraction=17.3% Gflops=3.042e+03
Column=000034048 Fraction=17.3% Gflops=3.042e+03
Column=000034176 Fraction=17.4% Gflops=3.042e+03
Column=000034304 Fraction=17.4% Gflops=3.042e+03
Column=000034432 Fraction=17.5% Gflops=3.043e+03
Column=000034560 Fraction=17.6% Gflops=3.042e+03
Column=000034688 Fraction=17.6% Gflops=3.043e+03
Column=000034816 Fraction=17.7% Gflops=3.045e+03
Column=000034944 Fraction=17.8% Gflops=3.042e+03
Column=000035072 Fraction=17.8% Gflops=3.042e+03
Column=000035200 Fraction=17.9% Gflops=3.043e+03
Column=000035328 Fraction=18.0% Gflops=3.043e+03
Column=000035456 Fraction=18.0% Gflops=3.043e+03
Column=000035584 Fraction=18.1% Gflops=3.042e+03
Column=000035712 Fraction=18.2% Gflops=3.042e+03
Column=000035840 Fraction=18.2% Gflops=3.042e+03
Column=000035968 Fraction=18.3% Gflops=3.042e+03
Column=000036096 Fraction=18.4% Gflops=3.042e+03
Column=000036224 Fraction=18.4% Gflops=3.041e+03
Column=000036352 Fraction=18.5% Gflops=3.041e+03
Column=000036480 Fraction=18.6% Gflops=3.041e+03
Column=000036608 Fraction=18.6% Gflops=3.041e+03
Column=000036736 Fraction=18.7% Gflops=3.041e+03
Column=000036864 Fraction=18.8% Gflops=3.041e+03
Column=000036992 Fraction=18.8% Gflops=3.040e+03
Column=000037120 Fraction=18.9% Gflops=3.039e+03
Column=000037248 Fraction=18.9% Gflops=3.038e+03
Column=000037376 Fraction=19.0% Gflops=3.038e+03
Column=000037504 Fraction=19.1% Gflops=3.037e+03
Column=000037632 Fraction=19.1% Gflops=3.036e+03
Column=000037760 Fraction=19.2% Gflops=3.036e+03
Column=000037888 Fraction=19.3% Gflops=3.036e+03
Column=000038016 Fraction=19.3% Gflops=3.035e+03
Column=000038144 Fraction=19.4% Gflops=3.034e+03
Column=000038272 Fraction=19.5% Gflops=3.033e+03
Column=000038400 Fraction=19.5% Gflops=3.033e+03
Column=000038528 Fraction=19.6% Gflops=3.033e+03
Column=000038656 Fraction=19.7% Gflops=3.033e+03
Column=000038784 Fraction=19.7% Gflops=3.034e+03
Column=000038912 Fraction=19.8% Gflops=3.035e+03
Column=000039040 Fraction=19.9% Gflops=3.031e+03
Column=000039168 Fraction=19.9% Gflops=3.031e+03
Column=000039296 Fraction=20.0% Gflops=3.031e+03
Column=000039424 Fraction=20.1% Gflops=3.030e+03
Column=000039552 Fraction=20.1% Gflops=3.030e+03
Column=000039680 Fraction=20.2% Gflops=3.029e+03
Column=000039808 Fraction=20.2% Gflops=3.029e+03
Column=000039936 Fraction=20.3% Gflops=3.028e+03
Column=000040064 Fraction=20.4% Gflops=3.028e+03
Column=000040192 Fraction=20.4% Gflops=3.027e+03
Column=000040320 Fraction=20.5% Gflops=3.026e+03
Column=000040448 Fraction=20.6% Gflops=3.025e+03
Column=000040576 Fraction=20.6% Gflops=3.025e+03
Column=000040704 Fraction=20.7% Gflops=3.025e+03
Column=000040832 Fraction=20.8% Gflops=3.025e+03
Column=000040960 Fraction=20.8% Gflops=3.025e+03
Column=000041088 Fraction=20.9% Gflops=3.026e+03
Column=000041216 Fraction=21.0% Gflops=3.024e+03
Column=000041344 Fraction=21.0% Gflops=3.023e+03
Column=000041472 Fraction=21.1% Gflops=3.022e+03
Column=000041600 Fraction=21.2% Gflops=3.022e+03
Column=000041728 Fraction=21.2% Gflops=3.021e+03
Column=000041856 Fraction=21.3% Gflops=3.022e+03
Column=000041984 Fraction=21.4% Gflops=3.020e+03
Column=000042112 Fraction=21.4% Gflops=3.020e+03
Column=000042240 Fraction=21.5% Gflops=3.019e+03
Column=000042368 Fraction=21.5% Gflops=3.018e+03
Column=000042496 Fraction=21.6% Gflops=3.018e+03
Column=000042624 Fraction=21.7% Gflops=3.018e+03
Column=000042752 Fraction=21.7% Gflops=3.018e+03
Column=000042880 Fraction=21.8% Gflops=3.017e+03
Column=000043008 Fraction=21.9% Gflops=3.017e+03
Column=000043136 Fraction=21.9% Gflops=3.017e+03
Column=000043264 Fraction=22.0% Gflops=3.015e+03
Column=000043392 Fraction=22.1% Gflops=3.015e+03
Column=000043520 Fraction=22.1% Gflops=3.015e+03
Column=000043648 Fraction=22.2% Gflops=3.014e+03
Column=000043776 Fraction=22.3% Gflops=3.013e+03
Column=000043904 Fraction=22.3% Gflops=3.013e+03
Column=000044032 Fraction=22.4% Gflops=3.012e+03
Column=000044160 Fraction=22.5% Gflops=3.012e+03
Column=000044288 Fraction=22.5% Gflops=3.012e+03
Column=000044416 Fraction=22.6% Gflops=3.012e+03
Column=000044544 Fraction=22.7% Gflops=3.011e+03
Column=000044672 Fraction=22.7% Gflops=3.012e+03
Column=000044800 Fraction=22.8% Gflops=3.012e+03
Column=000044928 Fraction=22.9% Gflops=3.012e+03
Column=000045056 Fraction=22.9% Gflops=3.013e+03
Column=000045184 Fraction=23.0% Gflops=3.012e+03
Column=000045312 Fraction=23.0% Gflops=3.012e+03
Column=000045440 Fraction=23.1% Gflops=3.011e+03
Column=000045568 Fraction=23.2% Gflops=3.011e+03
Column=000045696 Fraction=23.2% Gflops=3.011e+03
Column=000045824 Fraction=23.3% Gflops=3.011e+03
Column=000045952 Fraction=23.4% Gflops=3.011e+03
Column=000046080 Fraction=23.4% Gflops=3.012e+03
Column=000046208 Fraction=23.5% Gflops=3.011e+03
Column=000046336 Fraction=23.6% Gflops=3.010e+03
Column=000046464 Fraction=23.6% Gflops=3.010e+03
Column=000046592 Fraction=23.7% Gflops=3.010e+03
Column=000046720 Fraction=23.8% Gflops=3.009e+03
Column=000046848 Fraction=23.8% Gflops=3.008e+03
Column=000046976 Fraction=23.9% Gflops=3.008e+03
Column=000047104 Fraction=24.0% Gflops=3.009e+03
Column=000047232 Fraction=24.0% Gflops=3.007e+03
Column=000047360 Fraction=24.1% Gflops=3.007e+03
Column=000047488 Fraction=24.2% Gflops=3.006e+03
Column=000047616 Fraction=24.2% Gflops=3.007e+03
Column=000047744 Fraction=24.3% Gflops=3.007e+03
Column=000047872 Fraction=24.3% Gflops=3.006e+03
Column=000048000 Fraction=24.4% Gflops=3.006e+03
Column=000048128 Fraction=24.5% Gflops=3.006e+03
Column=000048256 Fraction=24.5% Gflops=3.006e+03
Column=000048384 Fraction=24.6% Gflops=3.005e+03
Column=000048512 Fraction=24.7% Gflops=3.004e+03
Column=000048640 Fraction=24.7% Gflops=3.004e+03
Column=000048768 Fraction=24.8% Gflops=3.004e+03
Column=000048896 Fraction=24.9% Gflops=3.003e+03
Column=000049024 Fraction=24.9% Gflops=3.003e+03
Column=000049152 Fraction=25.0% Gflops=3.004e+03
Column=000049280 Fraction=25.1% Gflops=3.003e+03
Column=000049408 Fraction=25.1% Gflops=3.002e+03
Column=000049536 Fraction=25.2% Gflops=3.002e+03
Column=000049664 Fraction=25.3% Gflops=3.001e+03
Column=000049792 Fraction=25.3% Gflops=3.001e+03
Column=000049920 Fraction=25.4% Gflops=3.000e+03
Column=000050048 Fraction=25.5% Gflops=3.000e+03
Column=000050176 Fraction=25.5% Gflops=2.999e+03
Column=000050304 Fraction=25.6% Gflops=2.999e+03
Column=000050432 Fraction=25.7% Gflops=2.999e+03
Column=000050560 Fraction=25.7% Gflops=2.998e+03
Column=000050688 Fraction=25.8% Gflops=2.998e+03
Column=000050816 Fraction=25.8% Gflops=2.998e+03
Column=000050944 Fraction=25.9% Gflops=2.997e+03
Column=000051072 Fraction=26.0% Gflops=2.997e+03
Column=000051200 Fraction=26.0% Gflops=2.997e+03
Column=000051328 Fraction=26.1% Gflops=2.996e+03
Column=000051456 Fraction=26.2% Gflops=2.996e+03
Column=000051584 Fraction=26.2% Gflops=2.996e+03
Column=000051712 Fraction=26.3% Gflops=2.996e+03
Column=000051840 Fraction=26.4% Gflops=2.995e+03
Column=000051968 Fraction=26.4% Gflops=2.994e+03
Column=000052096 Fraction=26.5% Gflops=2.994e+03
Column=000052224 Fraction=26.6% Gflops=2.995e+03
Column=000052352 Fraction=26.6% Gflops=2.995e+03
Column=000052480 Fraction=26.7% Gflops=2.994e+03
Column=000052608 Fraction=26.8% Gflops=2.994e+03
Column=000052736 Fraction=26.8% Gflops=2.993e+03
Column=000052864 Fraction=26.9% Gflops=2.993e+03
Column=000052992 Fraction=27.0% Gflops=2.993e+03
Column=000053120 Fraction=27.0% Gflops=2.993e+03
Column=000053248 Fraction=27.1% Gflops=2.994e+03
Column=000053376 Fraction=27.1% Gflops=2.992e+03
Column=000053504 Fraction=27.2% Gflops=2.992e+03
Column=000053632 Fraction=27.3% Gflops=2.992e+03
Column=000053760 Fraction=27.3% Gflops=2.993e+03
Column=000053888 Fraction=27.4% Gflops=2.992e+03
Column=000054016 Fraction=27.5% Gflops=2.993e+03
Column=000054144 Fraction=27.5% Gflops=2.993e+03
Column=000054272 Fraction=27.6% Gflops=2.993e+03
Column=000054400 Fraction=27.7% Gflops=2.993e+03
Column=000054528 Fraction=27.7% Gflops=2.993e+03
Column=000054656 Fraction=27.8% Gflops=2.993e+03
Column=000054784 Fraction=27.9% Gflops=2.993e+03
Column=000054912 Fraction=27.9% Gflops=2.992e+03
Column=000055040 Fraction=28.0% Gflops=2.992e+03
Column=000055168 Fraction=28.1% Gflops=2.991e+03
Column=000055296 Fraction=28.1% Gflops=2.992e+03
Column=000055424 Fraction=28.2% Gflops=2.991e+03
Column=000055552 Fraction=28.3% Gflops=2.991e+03
Column=000055680 Fraction=28.3% Gflops=2.991e+03
Column=000055808 Fraction=28.4% Gflops=2.991e+03
Column=000055936 Fraction=28.5% Gflops=2.990e+03
Column=000056064 Fraction=28.5% Gflops=2.990e+03
Column=000056192 Fraction=28.6% Gflops=2.990e+03
Column=000056320 Fraction=28.6% Gflops=2.989e+03
Column=000056448 Fraction=28.7% Gflops=2.989e+03
Column=000056576 Fraction=28.8% Gflops=2.989e+03
Column=000056704 Fraction=28.8% Gflops=2.988e+03
Column=000056832 Fraction=28.9% Gflops=2.988e+03
Column=000056960 Fraction=29.0% Gflops=2.988e+03
Column=000057088 Fraction=29.0% Gflops=2.988e+03
Column=000057216 Fraction=29.1% Gflops=2.987e+03
Column=000057344 Fraction=29.2% Gflops=2.986e+03
Column=000057472 Fraction=29.2% Gflops=2.986e+03
Column=000057600 Fraction=29.3% Gflops=2.986e+03
Column=000057728 Fraction=29.4% Gflops=2.986e+03
Column=000057856 Fraction=29.4% Gflops=2.986e+03
Column=000057984 Fraction=29.5% Gflops=2.985e+03
Column=000058112 Fraction=29.6% Gflops=2.985e+03
Column=000058240 Fraction=29.6% Gflops=2.985e+03
Column=000058368 Fraction=29.7% Gflops=2.985e+03
Column=000058496 Fraction=29.8% Gflops=2.985e+03
Column=000058624 Fraction=29.8% Gflops=2.986e+03
Column=000058752 Fraction=29.9% Gflops=2.986e+03
Column=000058880 Fraction=29.9% Gflops=2.986e+03
Column=000059008 Fraction=30.0% Gflops=2.987e+03
Column=000059136 Fraction=30.1% Gflops=2.987e+03
Column=000059264 Fraction=30.1% Gflops=2.988e+03
Column=000059392 Fraction=30.2% Gflops=2.989e+03
Column=000059520 Fraction=30.3% Gflops=2.987e+03
Column=000059648 Fraction=30.3% Gflops=2.986e+03
Column=000059776 Fraction=30.4% Gflops=2.985e+03
Column=000059904 Fraction=30.5% Gflops=2.985e+03
Column=000060032 Fraction=30.5% Gflops=2.985e+03
Column=000060160 Fraction=30.6% Gflops=2.985e+03
Column=000060288 Fraction=30.7% Gflops=2.984e+03
Column=000060416 Fraction=30.7% Gflops=2.985e+03
Column=000060544 Fraction=30.8% Gflops=2.985e+03
Column=000060672 Fraction=30.9% Gflops=2.985e+03
Column=000060800 Fraction=30.9% Gflops=2.985e+03
Column=000060928 Fraction=31.0% Gflops=2.986e+03
Column=000061056 Fraction=31.1% Gflops=2.986e+03
Column=000061184 Fraction=31.1% Gflops=2.987e+03
Column=000061312 Fraction=31.2% Gflops=2.987e+03
Column=000061440 Fraction=31.2% Gflops=2.988e+03
Column=000061568 Fraction=31.3% Gflops=2.986e+03
Column=000061696 Fraction=31.4% Gflops=2.985e+03
Column=000061824 Fraction=31.4% Gflops=2.985e+03
Column=000061952 Fraction=31.5% Gflops=2.985e+03
Column=000062080 Fraction=31.6% Gflops=2.985e+03
Column=000062208 Fraction=31.6% Gflops=2.985e+03
Column=000062336 Fraction=31.7% Gflops=2.985e+03
Column=000062464 Fraction=31.8% Gflops=2.985e+03
Column=000062592 Fraction=31.8% Gflops=2.985e+03
Column=000062720 Fraction=31.9% Gflops=2.985e+03
Column=000062848 Fraction=32.0% Gflops=2.985e+03
Column=000062976 Fraction=32.0% Gflops=2.985e+03
Column=000063104 Fraction=32.1% Gflops=2.984e+03
Column=000063232 Fraction=32.2% Gflops=2.984e+03
Column=000063360 Fraction=32.2% Gflops=2.984e+03
Column=000063488 Fraction=32.3% Gflops=2.984e+03
Column=000063616 Fraction=32.4% Gflops=2.983e+03
Column=000063744 Fraction=32.4% Gflops=2.982e+03
Column=000063872 Fraction=32.5% Gflops=2.982e+03
Column=000064000 Fraction=32.6% Gflops=2.981e+03
Column=000064128 Fraction=32.6% Gflops=2.981e+03
Column=000064256 Fraction=32.7% Gflops=2.981e+03
Column=000064384 Fraction=32.7% Gflops=2.981e+03
Column=000064512 Fraction=32.8% Gflops=2.981e+03
Column=000064640 Fraction=32.9% Gflops=2.982e+03
Column=000064768 Fraction=32.9% Gflops=2.981e+03
Column=000064896 Fraction=33.0% Gflops=2.981e+03
Column=000065024 Fraction=33.1% Gflops=2.980e+03
Column=000065152 Fraction=33.1% Gflops=2.980e+03
Column=000065280 Fraction=33.2% Gflops=2.979e+03
Column=000065408 Fraction=33.3% Gflops=2.979e+03
Column=000065536 Fraction=33.3% Gflops=2.979e+03
Column=000065664 Fraction=33.4% Gflops=2.979e+03
Column=000065792 Fraction=33.5% Gflops=2.977e+03
Column=000065920 Fraction=33.5% Gflops=2.977e+03
Column=000066048 Fraction=33.6% Gflops=2.977e+03
Column=000066176 Fraction=33.7% Gflops=2.976e+03
Column=000066304 Fraction=33.7% Gflops=2.976e+03
Column=000066432 Fraction=33.8% Gflops=2.976e+03
Column=000066560 Fraction=33.9% Gflops=2.976e+03
Column=000066688 Fraction=33.9% Gflops=2.976e+03
Column=000066816 Fraction=34.0% Gflops=2.976e+03
Column=000066944 Fraction=34.0% Gflops=2.976e+03
Column=000067072 Fraction=34.1% Gflops=2.976e+03
Column=000067200 Fraction=34.2% Gflops=2.976e+03
Column=000067328 Fraction=34.2% Gflops=2.975e+03
Column=000067456 Fraction=34.3% Gflops=2.975e+03
Column=000067584 Fraction=34.4% Gflops=2.975e+03
Column=000067712 Fraction=34.4% Gflops=2.974e+03
Column=000067840 Fraction=34.5% Gflops=2.974e+03
Column=000067968 Fraction=34.6% Gflops=2.973e+03
Column=000068096 Fraction=34.6% Gflops=2.973e+03
Column=000068224 Fraction=34.7% Gflops=2.973e+03
Column=000068352 Fraction=34.8% Gflops=2.972e+03
Column=000068480 Fraction=34.8% Gflops=2.972e+03
Column=000068608 Fraction=34.9% Gflops=2.971e+03
Column=000068736 Fraction=35.0% Gflops=2.971e+03
Column=000068864 Fraction=35.0% Gflops=2.971e+03
Column=000068992 Fraction=35.1% Gflops=2.971e+03
Column=000069120 Fraction=35.2% Gflops=2.971e+03
Column=000069248 Fraction=35.2% Gflops=2.972e+03
Column=000069376 Fraction=35.3% Gflops=2.972e+03
Column=000069504 Fraction=35.4% Gflops=2.972e+03
Column=000069632 Fraction=35.4% Gflops=2.973e+03
Column=000069760 Fraction=35.5% Gflops=2.971e+03
Column=000069888 Fraction=35.5% Gflops=2.971e+03
Column=000070016 Fraction=35.6% Gflops=2.971e+03
Column=000070144 Fraction=35.7% Gflops=2.971e+03
Column=000070272 Fraction=35.7% Gflops=2.971e+03
Column=000070400 Fraction=35.8% Gflops=2.971e+03
Column=000070528 Fraction=35.9% Gflops=2.971e+03
Column=000070656 Fraction=35.9% Gflops=2.971e+03
Column=000070784 Fraction=36.0% Gflops=2.972e+03
Column=000070912 Fraction=36.1% Gflops=2.972e+03
Column=000071040 Fraction=36.1% Gflops=2.972e+03
Column=000071168 Fraction=36.2% Gflops=2.973e+03
Column=000071296 Fraction=36.3% Gflops=2.973e+03
Column=000071424 Fraction=36.3% Gflops=2.974e+03
Column=000071552 Fraction=36.4% Gflops=2.974e+03
Column=000071680 Fraction=36.5% Gflops=2.974e+03
Column=000071808 Fraction=36.5% Gflops=2.973e+03
Column=000071936 Fraction=36.6% Gflops=2.972e+03
Column=000072064 Fraction=36.7% Gflops=2.972e+03
Column=000072192 Fraction=36.7% Gflops=2.972e+03
Column=000072320 Fraction=36.8% Gflops=2.972e+03
Column=000072448 Fraction=36.8% Gflops=2.972e+03
Column=000072576 Fraction=36.9% Gflops=2.972e+03
Column=000072704 Fraction=37.0% Gflops=2.971e+03
Column=000072832 Fraction=37.0% Gflops=2.972e+03
Column=000072960 Fraction=37.1% Gflops=2.972e+03
Column=000073088 Fraction=37.2% Gflops=2.972e+03
Column=000073216 Fraction=37.2% Gflops=2.973e+03
Column=000073344 Fraction=37.3% Gflops=2.972e+03
Column=000073472 Fraction=37.4% Gflops=2.972e+03
Column=000073600 Fraction=37.4% Gflops=2.971e+03
Column=000073728 Fraction=37.5% Gflops=2.971e+03
Column=000073856 Fraction=37.6% Gflops=2.971e+03
Column=000073984 Fraction=37.6% Gflops=2.970e+03
Column=000074112 Fraction=37.7% Gflops=2.971e+03
Column=000074240 Fraction=37.8% Gflops=2.971e+03
Column=000074368 Fraction=37.8% Gflops=2.970e+03
Column=000074496 Fraction=37.9% Gflops=2.970e+03
Column=000074624 Fraction=38.0% Gflops=2.970e+03
Column=000074752 Fraction=38.0% Gflops=2.969e+03
Column=000074880 Fraction=38.1% Gflops=2.969e+03
Column=000075008 Fraction=38.2% Gflops=2.968e+03
Column=000075136 Fraction=38.2% Gflops=2.968e+03
Column=000075264 Fraction=38.3% Gflops=2.968e+03
Column=000075392 Fraction=38.3% Gflops=2.968e+03
Column=000075520 Fraction=38.4% Gflops=2.968e+03
Column=000075648 Fraction=38.5% Gflops=2.967e+03
Column=000075776 Fraction=38.5% Gflops=2.967e+03
Column=000075904 Fraction=38.6% Gflops=2.966e+03
Column=000076032 Fraction=38.7% Gflops=2.966e+03
Column=000076160 Fraction=38.7% Gflops=2.966e+03
Column=000076288 Fraction=38.8% Gflops=2.965e+03
Column=000076416 Fraction=38.9% Gflops=2.965e+03
Column=000076544 Fraction=38.9% Gflops=2.965e+03
Column=000076672 Fraction=39.0% Gflops=2.964e+03
Column=000076800 Fraction=39.1% Gflops=2.964e+03
Column=000076928 Fraction=39.1% Gflops=2.964e+03
Column=000077056 Fraction=39.2% Gflops=2.963e+03
Column=000077184 Fraction=39.3% Gflops=2.963e+03
Column=000077312 Fraction=39.3% Gflops=2.963e+03
Column=000077440 Fraction=39.4% Gflops=2.962e+03
Column=000077568 Fraction=39.5% Gflops=2.962e+03
Column=000077696 Fraction=39.5% Gflops=2.962e+03
Column=000077824 Fraction=39.6% Gflops=2.962e+03
Column=000077952 Fraction=39.6% Gflops=2.962e+03
Column=000078080 Fraction=39.7% Gflops=2.961e+03
Column=000078208 Fraction=39.8% Gflops=2.961e+03
Column=000078336 Fraction=39.8% Gflops=2.960e+03
Column=000078464 Fraction=39.9% Gflops=2.960e+03
Column=000078592 Fraction=40.0% Gflops=2.959e+03
Column=000078720 Fraction=40.0% Gflops=2.959e+03
Column=000078848 Fraction=40.1% Gflops=2.960e+03
Column=000078976 Fraction=40.2% Gflops=2.960e+03
Column=000079104 Fraction=40.2% Gflops=2.959e+03
Column=000079232 Fraction=40.3% Gflops=2.959e+03
Column=000079360 Fraction=40.4% Gflops=2.958e+03
Column=000079488 Fraction=40.4% Gflops=2.958e+03
Column=000079616 Fraction=40.5% Gflops=2.958e+03
Column=000079744 Fraction=40.6% Gflops=2.958e+03
Column=000079872 Fraction=40.6% Gflops=2.958e+03
Column=000080000 Fraction=40.7% Gflops=2.958e+03
Column=000080128 Fraction=40.8% Gflops=2.957e+03
Column=000080256 Fraction=40.8% Gflops=2.957e+03
Column=000080384 Fraction=40.9% Gflops=2.956e+03
Column=000080512 Fraction=41.0% Gflops=2.955e+03
Column=000080640 Fraction=41.0% Gflops=2.955e+03
Column=000080768 Fraction=41.1% Gflops=2.954e+03
Column=000080896 Fraction=41.1% Gflops=2.954e+03
Column=000081024 Fraction=41.2% Gflops=2.954e+03
Column=000081152 Fraction=41.3% Gflops=2.953e+03
Column=000081280 Fraction=41.3% Gflops=2.953e+03
Column=000081408 Fraction=41.4% Gflops=2.953e+03
Column=000081536 Fraction=41.5% Gflops=2.953e+03
Column=000081664 Fraction=41.5% Gflops=2.952e+03
Column=000081792 Fraction=41.6% Gflops=2.952e+03
Column=000081920 Fraction=41.7% Gflops=2.952e+03
Column=000082048 Fraction=41.7% Gflops=2.951e+03
Column=000082176 Fraction=41.8% Gflops=2.951e+03
Column=000082304 Fraction=41.9% Gflops=2.951e+03
Column=000082432 Fraction=41.9% Gflops=2.950e+03
Column=000082560 Fraction=42.0% Gflops=2.950e+03
Column=000082688 Fraction=42.1% Gflops=2.949e+03
Column=000082816 Fraction=42.1% Gflops=2.949e+03
Column=000082944 Fraction=42.2% Gflops=2.949e+03
Column=000083072 Fraction=42.3% Gflops=2.950e+03
Column=000083200 Fraction=42.3% Gflops=2.949e+03
Column=000083328 Fraction=42.4% Gflops=2.949e+03
Column=000083456 Fraction=42.4% Gflops=2.948e+03
Column=000083584 Fraction=42.5% Gflops=2.947e+03
Column=000083712 Fraction=42.6% Gflops=2.947e+03
Column=000083840 Fraction=42.6% Gflops=2.947e+03
Column=000083968 Fraction=42.7% Gflops=2.947e+03
Column=000084096 Fraction=42.8% Gflops=2.946e+03
Column=000084224 Fraction=42.8% Gflops=2.946e+03
Column=000084352 Fraction=42.9% Gflops=2.946e+03
Column=000084480 Fraction=43.0% Gflops=2.946e+03
Column=000084608 Fraction=43.0% Gflops=2.945e+03
Column=000084736 Fraction=43.1% Gflops=2.945e+03
Column=000084864 Fraction=43.2% Gflops=2.945e+03
Column=000084992 Fraction=43.2% Gflops=2.944e+03
Column=000085120 Fraction=43.3% Gflops=2.945e+03
Column=000085248 Fraction=43.4% Gflops=2.945e+03
Column=000085376 Fraction=43.4% Gflops=2.945e+03
Column=000085504 Fraction=43.5% Gflops=2.945e+03
Column=000085632 Fraction=43.6% Gflops=2.944e+03
Column=000085760 Fraction=43.6% Gflops=2.944e+03
Column=000085888 Fraction=43.7% Gflops=2.943e+03
Column=000086016 Fraction=43.8% Gflops=2.943e+03
Column=000086144 Fraction=43.8% Gflops=2.943e+03
Column=000086272 Fraction=43.9% Gflops=2.942e+03
Column=000086400 Fraction=43.9% Gflops=2.942e+03
Column=000086528 Fraction=44.0% Gflops=2.942e+03
Column=000086656 Fraction=44.1% Gflops=2.942e+03
Column=000086784 Fraction=44.1% Gflops=2.941e+03
Column=000086912 Fraction=44.2% Gflops=2.941e+03
Column=000087040 Fraction=44.3% Gflops=2.941e+03
Column=000087168 Fraction=44.3% Gflops=2.941e+03
Column=000087296 Fraction=44.4% Gflops=2.940e+03
Column=000087424 Fraction=44.5% Gflops=2.940e+03
Column=000087552 Fraction=44.5% Gflops=2.940e+03
Column=000087680 Fraction=44.6% Gflops=2.940e+03
Column=000087808 Fraction=44.7% Gflops=2.940e+03
Column=000087936 Fraction=44.7% Gflops=2.939e+03
Column=000088064 Fraction=44.8% Gflops=2.940e+03
Column=000088192 Fraction=44.9% Gflops=2.939e+03
Column=000088320 Fraction=44.9% Gflops=2.938e+03
Column=000088448 Fraction=45.0% Gflops=2.938e+03
Column=000088576 Fraction=45.1% Gflops=2.938e+03
Column=000088704 Fraction=45.1% Gflops=2.938e+03
Column=000088832 Fraction=45.2% Gflops=2.937e+03
Column=000088960 Fraction=45.2% Gflops=2.937e+03
Column=000089088 Fraction=45.3% Gflops=2.937e+03
Column=000089216 Fraction=45.4% Gflops=2.936e+03
Column=000089344 Fraction=45.4% Gflops=2.937e+03
Column=000089472 Fraction=45.5% Gflops=2.937e+03
Column=000089600 Fraction=45.6% Gflops=2.937e+03
Column=000089728 Fraction=45.6% Gflops=2.937e+03
Column=000089856 Fraction=45.7% Gflops=2.937e+03
Column=000089984 Fraction=45.8% Gflops=2.937e+03
Column=000090112 Fraction=45.8% Gflops=2.938e+03
Column=000090240 Fraction=45.9% Gflops=2.937e+03
Column=000090368 Fraction=46.0% Gflops=2.937e+03
Column=000090496 Fraction=46.0% Gflops=2.936e+03
