xcnf2:rank128:  Trying to connect from enp131s0f0 port 1 (subnet 192.168.48.0/21) to a node (IP=192.168.56.129/21 TCP=36201 UDP=39061) on a different subnet 192.168.56.0/21

xcnf1:rank64:  Trying to connect from enp131s0f0 port 1 (subnet 192.168.48.0/21) to a node (IP=192.168.56.128/21 TCP=60553 UDP=49635) on a different subnet 192.168.56.0/21

xcnf0:rank0:  Trying to connect from enp131s0f0 port 1 (subnet 192.168.48.0/21) to a node (IP=192.168.56.131/21 TCP=43761 UDP=55880) on a different subnet 192.168.56.0/21

xcnf3:rank192:  Trying to connect from enp131s0f0 port 1 (subnet 192.168.48.0/21) to a node (IP=192.168.56.130/21 TCP=46641 UDP=48789) on a different subnet 192.168.56.0/21

srun: error: xcnf2: task 128: Aborted (core dumped)
srun: error: xcnf1: task 64: Aborted (core dumped)
srun: error: xcnf0: task 0: Aborted (core dumped)
srun: error: xcnf3: task 192: Aborted (core dumped)
libfabric:491364:1755060342::psm3:av:psmx3_epid_to_epaddr():234<warn> xcnf2:rank141: psm3_ep_connect returned error Operation timed out, remote epid=0xc0a838830000014c:8c40c247:0.Try setting FI_PSM3_CONN_TIMEOUT to a larger value (current: 10 seconds).
libfabric:491366:1755060342::psm3:av:psmx3_epid_to_epaddr():234<warn> xcnf2:rank143: psm3_ep_connect returned error Operation timed out, remote epid=0xc0a838830000014c:83b5dfb9:0.Try setting FI_PSM3_CONN_TIMEOUT to a larger value (current: 10 seconds).
libfabric:491396:1755060342::psm3:av:psmx3_epid_to_epaddr():234<warn> xcnf2:rank173: psm3_ep_connect returned error Operation timed out, remote epid=0xc0a838830000014c:a0da8f5b:0.Try setting FI_PSM3_CONN_TIMEOUT to a larger value (current: 10 seconds).
libfabric:491398:1755060342::psm3:av:psmx3_epid_to_epaddr():234<warn> xcnf2:rank175: psm3_ep_connect returned error Operation timed out, remote epid=0xc0a838830000014c:e1ccc0ef:0.Try setting FI_PSM3_CONN_TIMEOUT to a larger value (current: 10 seconds).
libfabric:491352:1755060342::psm3:av:psmx3_epid_to_epaddr():234<warn> xcnf2:rank129: psm3_ep_connect returned error Operation timed out, remote epid=0xc0a838830000014c:bb5e97bd:0.Try setting FI_PSM3_CONN_TIMEOUT to a larger value (current: 10 seconds).
libfabric:491356:1755060342::psm3:av:psmx3_epid_to_epaddr():234<warn> xcnf2:rank133: psm3_ep_connect returned error Operation timed out, remote epid=0xc0a838830000014c:a0d2d4e5:0.Try setting FI_PSM3_CONN_TIMEOUT to a larger value (current: 10 seconds).
libfabric:491358:1755060342::psm3:av:psmx3_epid_to_epaddr():234<warn> xcnf2:rank135: psm3_ep_connect returned error Operation timed out, remote epid=0xc0a838830000014c:b79e8335:0.Try setting FI_PSM3_CONN_TIMEOUT to a larger value (current: 10 seconds).
libfabric:491360:1755060342::psm3:av:psmx3_epid_to_epaddr():234<warn> xcnf2:rank137: psm3_ep_connect returned error Operation timed out, remote epid=0xc0a838830000014c:8680d1af:0.Try setting FI_PSM3_CONN_TIMEOUT to a larger value (current: 10 seconds).
libfabric:491362:1755060342::psm3:av:psmx3_epid_to_epaddr():234<warn> xcnf2:rank139: psm3_ep_connect returned error Operation timed out, remote epid=0xc0a838830000014c:9121da6f:0.Try setting FI_PSM3_CONN_TIMEOUT to a larger value (current: 10 seconds).
libfabric:491368:1755060342::psm3:av:psmx3_epid_to_epaddr():234<warn> xcnf2:rank145: psm3_ep_connect returned error Operation timed out, remote epid=0xc0a838830000014c:81878019:0.Try setting FI_PSM3_CONN_TIMEOUT to a larger value (current: 10 seconds).
libfabric:491372:1755060342::psm3:av:psmx3_epid_to_epaddr():234<warn> xcnf2:rank149: psm3_ep_connect returned error Operation timed out, remote epid=0xc0a838830000014c:a9d09bc9:0.Try setting FI_PSM3_CONN_TIMEOUT to a larger value (current: 10 seconds).
libfabric:623041:1755060342::psm3:av:psmx3_epid_to_epaddr():234<warn> xcnf0:rank9: psm3_ep_connect returned error Operation timed out, remote epid=0xc0a838810000014c:9f7a9d09:0.Try setting FI_PSM3_CONN_TIMEOUT to a larger value (current: 10 seconds).
libfabric:491374:1755060342::psm3:av:psmx3_epid_to_epaddr():234<warn> xcnf2:rank151: psm3_ep_connect returned error Operation timed out, remote epid=0xc0a838830000014c:d1509f81:0.Try setting FI_PSM3_CONN_TIMEOUT to a larger value (current: 10 seconds).
libfabric:623045:1755060342::psm3:av:psmx3_epid_to_epaddr():234<warn> xcnf0:rank13: psm3_ep_connect returned error Operation timed out, remote epid=0xc0a838810000014c:9fd2d3c9:0.Try setting FI_PSM3_CONN_TIMEOUT to a larger value (current: 10 seconds).
libfabric:491376:1755060342::psm3:av:psmx3_epid_to_epaddr():234<warn> xcnf2:rank153: psm3_ep_connect returned error Operation timed out, remote epid=0xc0a838830000014c:8ef6ee3f:0.Try setting FI_PSM3_CONN_TIMEOUT to a larger value (current: 10 seconds).
libfabric:623057:1755060342::psm3:av:psmx3_epid_to_epaddr():234<warn> xcnf0:rank25: psm3_ep_connect returned error Operation timed out, remote epid=0xc0a838810000014c:d576ac63:0.Try setting FI_PSM3_CONN_TIMEOUT to a larger value (current: 10 seconds).
libfabric:491378:1755060342::psm3:av:psmx3_epid_to_epaddr():234<warn> xcnf2:rank155: psm3_ep_connect returned error Operation timed out, remote epid=0xc0a838830000014c:c872823b:0.Try setting FI_PSM3_CONN_TIMEOUT to a larger value (current: 10 seconds).
libfabric:623061:1755060342::psm3:av:psmx3_epid_to_epaddr():234<warn> xcnf0:rank29: psm3_ep_connect returned error Operation timed out, remote epid=0xc0a838810000014c:dc8cdd7b:0.Try setting FI_PSM3_CONN_TIMEOUT to a larger value (current: 10 seconds).
libfabric:491380:1755060342::psm3:av:psmx3_epid_to_epaddr():234<warn> xcnf2:rank157: psm3_ep_connect returned error Operation timed out, remote epid=0xc0a838830000014c:e0d6da37:0.Try setting FI_PSM3_CONN_TIMEOUT to a larger value (current: 10 seconds).
libfabric:623063:1755060342::psm3:av:psmx3_epid_to_epaddr():234<warn> xcnf0:rank31: psm3_ep_connect returned error Operation timed out, remote epid=0xc0a838810000014c:b8d9e711:0.Try setting FI_PSM3_CONN_TIMEOUT to a larger value (current: 10 seconds).
libfabric:491382:1755060342::psm3:av:psmx3_epid_to_epaddr():234<warn> xcnf2:rank159: psm3_ep_connect returned error Operation timed out, remote epid=0xc0a838830000014c:d31bbad7:0.Try setting FI_PSM3_CONN_TIMEOUT to a larger value (current: 10 seconds).
libfabric:491384:1755060342::psm3:av:psmx3_epid_to_epaddr():234<warn> xcnf2:rank161: psm3_ep_connect returned error Operation timed out, remote epid=0xc0a838830000014c:e9afdd3f:0.Try setting FI_PSM3_CONN_TIMEOUT to a larger value (current: 10 seconds).
libfabric:491388:1755060342::psm3:av:psmx3_epid_to_epaddr():234<warn> xcnf2:rank165: psm3_ep_connect returned error Operation timed out, remote epid=0xc0a838830000014c:b8b9aa35:0.Try setting FI_PSM3_CONN_TIMEOUT to a larger value (current: 10 seconds).
libfabric:491390:1755060342::psm3:av:psmx3_epid_to_epaddr():234<warn> xcnf2:rank167: psm3_ep_connect returned error Operation timed out, remote epid=0xc0a838830000014c:ced6b493:0.Try setting FI_PSM3_CONN_TIMEOUT to a larger value (current: 10 seconds).
libfabric:491392:1755060342::psm3:av:psmx3_epid_to_epaddr():234<warn> xcnf2:rank169: psm3_ep_connect returned error Operation timed out, remote epid=0xc0a838830000014c:8b12d2c3:0.Try setting FI_PSM3_CONN_TIMEOUT to a larger value (current: 10 seconds).
libfabric:623073:1755060342::psm3:av:psmx3_epid_to_epaddr():234<warn> xcnf0:rank41: psm3_ep_connect returned error Operation timed out, remote epid=0xc0a838810000014c:b071a06b:0.Try setting FI_PSM3_CONN_TIMEOUT to a larger value (current: 10 seconds).
libfabric:491394:1755060342::psm3:av:psmx3_epid_to_epaddr():234<warn> xcnf2:rank171: psm3_ep_connect returned error Operation timed out, remote epid=0xc0a838830000014c:ec1c88b1:0.Try setting FI_PSM3_CONN_TIMEOUT to a larger value (current: 10 seconds).
libfabric:623077:1755060342::psm3:av:psmx3_epid_to_epaddr():234<warn> xcnf0:rank45: psm3_ep_connect returned error Operation timed out, remote epid=0xc0a838810000014c:b222a7b7:0.Try setting FI_PSM3_CONN_TIMEOUT to a larger value (current: 10 seconds).
libfabric:491400:1755060342::psm3:av:psmx3_epid_to_epaddr():234<warn> xcnf2:rank177: psm3_ep_connect returned error Operation timed out, remote epid=0xc0a838830000014c:9dfcd89b:0.Try setting FI_PSM3_CONN_TIMEOUT to a larger value (current: 10 seconds).
libfabric:491402:1755060342::psm3:av:psmx3_epid_to_epaddr():234<warn> xcnf2:rank179: psm3_ep_connect returned error Operation timed out, remote epid=0xc0a838830000014c:a17dbaad:0.Try setting FI_PSM3_CONN_TIMEOUT to a larger value (current: 10 seconds).
libfabric:623089:1755060342::psm3:av:psmx3_epid_to_epaddr():234<warn> xcnf0:rank57: psm3_ep_connect returned error Operation timed out, remote epid=0xc0a838810000014c:ba3d9e39:0.Try setting FI_PSM3_CONN_TIMEOUT to a larger value (current: 10 seconds).
libfabric:491404:1755060342::psm3:av:psmx3_epid_to_epaddr():234<warn> xcnf2:rank181: psm3_ep_connect returned error Operation timed out, remote epid=0xc0a838830000014c:a6c59d99:0.Try setting FI_PSM3_CONN_TIMEOUT to a larger value (current: 10 seconds).
libfabric:623095:1755060342::psm3:av:psmx3_epid_to_epaddr():234<warn> xcnf0:rank63: psm3_ep_connect returned error Operation timed out, remote epid=0xc0a838810000014c:98958d69:0.Try setting FI_PSM3_CONN_TIMEOUT to a larger value (current: 10 seconds).
libfabric:491406:1755060342::psm3:av:psmx3_epid_to_epaddr():234<warn> xcnf2:rank183: psm3_ep_connect returned error Operation timed out, remote epid=0xc0a838830000014c:de69a127:0.Try setting FI_PSM3_CONN_TIMEOUT to a larger value (current: 10 seconds).
libfabric:623033:1755060342::psm3:av:psmx3_epid_to_epaddr():234<warn> xcnf0:rank1: psm3_ep_connect returned error Operation timed out, remote epid=0xc0a838810000014c:aca7e981:0.Try setting FI_PSM3_CONN_TIMEOUT to a larger value (current: 10 seconds).
libfabric:491408:1755060342::psm3:av:psmx3_epid_to_epaddr():234<warn> xcnf2:rank185: psm3_ep_connect returned error Operation timed out, remote epid=0xc0a838830000014c:8f1eaeab:0.Try setting FI_PSM3_CONN_TIMEOUT to a larger value (current: 10 seconds).
libfabric:623037:1755060342::psm3:av:psmx3_epid_to_epaddr():234<warn> xcnf0:rank5: psm3_ep_connect returned error Operation timed out, remote epid=0xc0a838810000014c:e7c58dc7:0.Try setting FI_PSM3_CONN_TIMEOUT to a larger value (current: 10 seconds).
libfabric:491410:1755060342::psm3:av:psmx3_epid_to_epaddr():234<warn> xcnf2:rank187: psm3_ep_connect returned error Operation timed out, remote epid=0xc0a838830000014c:b92bbff3:0.Try setting FI_PSM3_CONN_TIMEOUT to a larger value (current: 10 seconds).
libfabric:491530:1755060342::psm3:av:psmx3_epid_to_epaddr():234<warn> xcnf3:rank193: psm3_ep_connect returned error Operation timed out, remote epid=0xc0a838820000014c:9c8ad5c7:0.Try setting FI_PSM3_CONN_TIMEOUT to a larger value (current: 10 seconds).
libfabric:623043:1755060342::psm3:av:psmx3_epid_to_epaddr():234<warn> xcnf0:rank11: psm3_ep_connect returned error Operation timed out, remote epid=0xc0a838810000014c:9cef8dcf:0.Try setting FI_PSM3_CONN_TIMEOUT to a larger value (current: 10 seconds).
libfabric:491412:1755060342::psm3:av:psmx3_epid_to_epaddr():234<warn> xcnf2:rank189: psm3_ep_connect returned error Operation timed out, remote epid=0xc0a838830000014c:c635e345:0.Try setting FI_PSM3_CONN_TIMEOUT to a larger value (current: 10 seconds).
libfabric:623047:1755060342::psm3:av:psmx3_epid_to_epaddr():234<warn> xcnf0:rank15: psm3_ep_connect returned error Operation timed out, remote epid=0xc0a838810000014c:805d978b:0.Try setting FI_PSM3_CONN_TIMEOUT to a larger value (current: 10 seconds).
libfabric:491414:1755060342::psm3:av:psmx3_epid_to_epaddr():234<warn> xcnf2:rank191: psm3_ep_connect returned error Operation timed out, remote epid=0xc0a838830000014c:da48aaf1:0.Try setting FI_PSM3_CONN_TIMEOUT to a larger value (current: 10 seconds).
libfabric:623051:1755060342::psm3:av:psmx3_epid_to_epaddr():234<warn> xcnf0:rank19: psm3_ep_connect returned error Operation timed out, remote epid=0xc0a838810000014c:c685a083:0.Try setting FI_PSM3_CONN_TIMEOUT to a larger value (current: 10 seconds).
libfabric:491354:1755060342::psm3:av:psmx3_epid_to_epaddr():234<warn> xcnf2:rank131: psm3_ep_connect returned error Operation timed out, remote epid=0xc0a838830000014c:a05a97bf:0.Try setting FI_PSM3_CONN_TIMEOUT to a larger value (current: 10 seconds).
libfabric:623055:1755060342::psm3:av:psmx3_epid_to_epaddr():234<warn> xcnf0:rank23: psm3_ep_connect returned error Operation timed out, remote epid=0xc0a838810000014c:c50dae85:0.Try setting FI_PSM3_CONN_TIMEOUT to a larger value (current: 10 seconds).
libfabric:491370:1755060342::psm3:av:psmx3_epid_to_epaddr():234<warn> xcnf2:rank147: psm3_ep_connect returned error Operation timed out, remote epid=0xc0a838830000014c:9da3b83f:0.Try setting FI_PSM3_CONN_TIMEOUT to a larger value (current: 10 seconds).
libfabric:623059:1755060342::psm3:av:psmx3_epid_to_epaddr():234<warn> xcnf0:rank27: psm3_ep_connect returned error Operation timed out, remote epid=0xc0a838810000014c:ac979e3d:0.Try setting FI_PSM3_CONN_TIMEOUT to a larger value (current: 10 seconds).
libfabric:491386:1755060342::psm3:av:psmx3_epid_to_epaddr():234<warn> xcnf2:rank163: psm3_ep_connect returned error Operation timed out, remote epid=0xc0a838830000014c:c1afd2ed:0.Try setting FI_PSM3_CONN_TIMEOUT to a larger value (current: 10 seconds).
libfabric:623065:1755060342::psm3:av:psmx3_epid_to_epaddr():234<warn> xcnf0:rank33: psm3_ep_connect returned error Operation timed out, remote epid=0xc0a838810000014c:a0339f3d:0.Try setting FI_PSM3_CONN_TIMEOUT to a larger value (current: 10 seconds).
libfabric:623069:1755060342::psm3:av:psmx3_epid_to_epaddr():234<warn> xcnf0:rank37: psm3_ep_connect returned error Operation timed out, remote epid=0xc0a838810000014c:989cd1f9:0.Try setting FI_PSM3_CONN_TIMEOUT to a larger value (current: 10 seconds).
libfabric:623075:1755060342::psm3:av:psmx3_epid_to_epaddr():234<warn> xcnf0:rank43: psm3_ep_connect returned error Operation timed out, remote epid=0xc0a838810000014c:9a7eae1d:0.Try setting FI_PSM3_CONN_TIMEOUT to a larger value (current: 10 seconds).
libfabric:623079:1755060342::psm3:av:psmx3_epid_to_epaddr():234<warn> xcnf0:rank47: psm3_ep_connect returned error Operation timed out, remote epid=0xc0a838810000014c:abf8a745:0.Try setting FI_PSM3_CONN_TIMEOUT to a larger value (current: 10 seconds).
libfabric:623083:1755060342::psm3:av:psmx3_epid_to_epaddr():234<warn> xcnf0:rank51: psm3_ep_connect returned error Operation timed out, remote epid=0xc0a838810000014c:af74b72f:0.Try setting FI_PSM3_CONN_TIMEOUT to a larger value (current: 10 seconds).
libfabric:623087:1755060342::psm3:av:psmx3_epid_to_epaddr():234<warn> xcnf0:rank55: psm3_ep_connect returned error Operation timed out, remote epid=0xc0a838810000014c:ad8be075:0.Try setting FI_PSM3_CONN_TIMEOUT to a larger value (current: 10 seconds).
libfabric:491536:1755060342::psm3:av:psmx3_epid_to_epaddr():234<warn> xcnf3:rank199: psm3_ep_connect returned error Operation timed out, remote epid=0xc0a838820000014c:e4de99f1:0.Try setting FI_PSM3_CONN_TIMEOUT to a larger value (current: 10 seconds).
libfabric:623091:1755060342::psm3:av:psmx3_epid_to_epaddr():234<warn> xcnf0:rank59: psm3_ep_connect returned error Operation timed out, remote epid=0xc0a838810000014c:abf6d8e9:0.Try setting FI_PSM3_CONN_TIMEOUT to a larger value (current: 10 seconds).
libfabric:623093:1755060342::psm3:av:psmx3_epid_to_epaddr():234<warn> xcnf0:rank61: psm3_ep_connect returned error Operation timed out, remote epid=0xc0a838810000014c:80e6c433:0.Try setting FI_PSM3_CONN_TIMEOUT to a larger value (current: 10 seconds).
libfabric:491538:1755060342::psm3:av:psmx3_epid_to_epaddr():234<warn> xcnf3:rank201: psm3_ep_connect returned error Operation timed out, remote epid=0xc0a838820000014c:a188e6b7:0.Try setting FI_PSM3_CONN_TIMEOUT to a larger value (current: 10 seconds).
libfabric:491540:1755060342::psm3:av:psmx3_epid_to_epaddr():234<warn> xcnf3:rank203: psm3_ep_connect returned error Operation timed out, remote epid=0xc0a838820000014c:c7f9bee7:0.Try setting FI_PSM3_CONN_TIMEOUT to a larger value (current: 10 seconds).
libfabric:623035:1755060342::psm3:av:psmx3_epid_to_epaddr():234<warn> xcnf0:rank3: psm3_ep_connect returned error Operation timed out, remote epid=0xc0a838810000014c:dc17cd29:0.Try setting FI_PSM3_CONN_TIMEOUT to a larger value (current: 10 seconds).
libfabric:491562:1755060342::psm3:av:psmx3_epid_to_epaddr():234<warn> xcnf3:rank225: psm3_ep_connect returned error Operation timed out, remote epid=0xc0a838820000014c:ca1ee6bb:0.Try setting FI_PSM3_CONN_TIMEOUT to a larger value (current: 10 seconds).
libfabric:491568:1755060342::psm3:av:psmx3_epid_to_epaddr():234<warn> xcnf3:rank231: psm3_ep_connect returned error Operation timed out, remote epid=0xc0a838820000014c:a658deef:0.Try setting FI_PSM3_CONN_TIMEOUT to a larger value (current: 10 seconds).
libfabric:491570:1755060342::psm3:av:psmx3_epid_to_epaddr():234<warn> xcnf3:rank233: psm3_ep_connect returned error Operation timed out, remote epid=0xc0a838820000014c:9469c6f5:0.Try setting FI_PSM3_CONN_TIMEOUT to a larger value (current: 10 seconds).
libfabric:623039:1755060342::psm3:av:psmx3_epid_to_epaddr():234<warn> xcnf0:rank7: psm3_ep_connect returned error Operation timed out, remote epid=0xc0a838810000014c:87908f8b:0.Try setting FI_PSM3_CONN_TIMEOUT to a larger value (current: 10 seconds).
libfabric:504229:1755060342::psm3:av:psmx3_epid_to_epaddr():234<warn> xcnf1:rank65: psm3_ep_connect returned error Operation timed out, remote epid=0xc0a838800000014c:e6ee8919:0.Try setting FI_PSM3_CONN_TIMEOUT to a larger value (current: 10 seconds).
libfabric:504245:1755060342::psm3:av:psmx3_epid_to_epaddr():234<warn> xcnf1:rank81: psm3_ep_connect returned error Operation timed out, remote epid=0xc0a838800000014c:df87db9b:0.Try setting FI_PSM3_CONN_TIMEOUT to a larger value (current: 10 seconds).
libfabric:491572:1755060342::psm3:av:psmx3_epid_to_epaddr():234<warn> xcnf3:rank235: psm3_ep_connect returned error Operation timed out, remote epid=0xc0a838820000014c:8a20e941:0.Try setting FI_PSM3_CONN_TIMEOUT to a larger value (current: 10 seconds).
libfabric:504249:1755060342::psm3:av:psmx3_epid_to_epaddr():234<warn> xcnf1:rank85: psm3_ep_connect returned error Operation timed out, remote epid=0xc0a838800000014c:be32c86b:0.Try setting FI_PSM3_CONN_TIMEOUT to a larger value (current: 10 seconds).
libfabric:491542:1755060342::psm3:av:psmx3_epid_to_epaddr():234<warn> xcnf3:rank205: psm3_ep_connect returned error Operation timed out, remote epid=0xc0a838820000014c:c7b4e5d3:0.Try setting FI_PSM3_CONN_TIMEOUT to a larger value (current: 10 seconds).
libfabric:504255:1755060342::psm3:av:psmx3_epid_to_epaddr():234<warn> xcnf1:rank91: psm3_ep_connect returned error Operation timed out, remote epid=0xc0a838800000014c:cc238271:0.Try setting FI_PSM3_CONN_TIMEOUT to a larger value (current: 10 seconds).
libfabric:491574:1755060342::psm3:av:psmx3_epid_to_epaddr():234<warn> xcnf3:rank237: psm3_ep_connect returned error Operation timed out, remote epid=0xc0a838820000014c:ec45b977:0.Try setting FI_PSM3_CONN_TIMEOUT to a larger value (current: 10 seconds).
libfabric:491532:1755060342::psm3:av:psmx3_epid_to_epaddr():234<warn> xcnf3:rank195: psm3_ep_connect returned error Operation timed out, remote epid=0xc0a838820000014c:dc24e21d:0.Try setting FI_PSM3_CONN_TIMEOUT to a larger value (current: 10 seconds).
libfabric:623049:1755060342::psm3:av:psmx3_epid_to_epaddr():234<warn> xcnf0:rank17: psm3_ep_connect returned error Operation timed out, remote epid=0xc0a838810000014c:c29ea9c1:0.Try setting FI_PSM3_CONN_TIMEOUT to a larger value (current: 10 seconds).
libfabric:504259:1755060342::psm3:av:psmx3_epid_to_epaddr():234<warn> xcnf1:rank95: psm3_ep_connect returned error Operation timed out, remote epid=0xc0a838800000014c:e4919fc1:0.Try setting FI_PSM3_CONN_TIMEOUT to a larger value (current: 10 seconds).
libfabric:491534:1755060342::psm3:av:psmx3_epid_to_epaddr():234<warn> xcnf3:rank197: psm3_ep_connect returned error Operation timed out, remote epid=0xc0a838820000014c:db52e59d:0.Try setting FI_PSM3_CONN_TIMEOUT to a larger value (current: 10 seconds).
libfabric:504261:1755060342::psm3:av:psmx3_epid_to_epaddr():234<warn> xcnf1:rank97: psm3_ep_connect returned error Operation timed out, remote epid=0xc0a838800000014c:c52c9631:0.Try setting FI_PSM3_CONN_TIMEOUT to a larger value (current: 10 seconds).
libfabric:504265:1755060342::psm3:av:psmx3_epid_to_epaddr():234<warn> xcnf1:rank101: psm3_ep_connect returned error Operation timed out, remote epid=0xc0a838800000014c:cd369761:0.Try setting FI_PSM3_CONN_TIMEOUT to a larger value (current: 10 seconds).
libfabric:491544:1755060342::psm3:av:psmx3_epid_to_epaddr():234<warn> xcnf3:rank207: psm3_ep_connect returned error Operation timed out, remote epid=0xc0a838820000014c:84f2c2d9:0.Try setting FI_PSM3_CONN_TIMEOUT to a larger value (current: 10 seconds).
libfabric:623053:1755060342::psm3:av:psmx3_epid_to_epaddr():234<warn> xcnf0:rank21: psm3_ep_connect returned error Operation timed out, remote epid=0xc0a838810000014c:c0c0ebff:0.Try setting FI_PSM3_CONN_TIMEOUT to a larger value (current: 10 seconds).
libfabric:504277:1755060342::psm3:av:psmx3_epid_to_epaddr():234<warn> xcnf1:rank113: psm3_ep_connect returned error Operation timed out, remote epid=0xc0a838800000014c:acdec973:0.Try setting FI_PSM3_CONN_TIMEOUT to a larger value (current: 10 seconds).
libfabric:491560:1755060342::psm3:av:psmx3_epid_to_epaddr():234<warn> xcnf3:rank223: psm3_ep_connect returned error Operation timed out, remote epid=0xc0a838820000014c:e2edb6cf:0.Try setting FI_PSM3_CONN_TIMEOUT to a larger value (current: 10 seconds).
libfabric:623067:1755060342::psm3:av:psmx3_epid_to_epaddr():234<warn> xcnf0:rank35: psm3_ep_connect returned error Operation timed out, remote epid=0xc0a838810000014c:b4e1c141:0.Try setting FI_PSM3_CONN_TIMEOUT to a larger value (current: 10 seconds).
libfabric:504281:1755060342::psm3:av:psmx3_epid_to_epaddr():234<warn> xcnf1:rank117: psm3_ep_connect returned error Operation timed out, remote epid=0xc0a838800000014c:a792e7bf:0.Try setting FI_PSM3_CONN_TIMEOUT to a larger value (current: 10 seconds).
libfabric:491564:1755060342::psm3:av:psmx3_epid_to_epaddr():234<warn> xcnf3:rank227: psm3_ep_connect returned error Operation timed out, remote epid=0xc0a838820000014c:db3ba8e3:0.Try setting FI_PSM3_CONN_TIMEOUT to a larger value (current: 10 seconds).
libfabric:623071:1755060342::psm3:av:psmx3_epid_to_epaddr():234<warn> xcnf0:rank39: psm3_ep_connect returned error Operation timed out, remote epid=0xc0a838810000014c:b743bc3b:0.Try setting FI_PSM3_CONN_TIMEOUT to a larger value (current: 10 seconds).
libfabric:504287:1755060342::psm3:av:psmx3_epid_to_epaddr():234<warn> xcnf1:rank123: psm3_ep_connect returned error Operation timed out, remote epid=0xc0a838800000014c:d4b899ff:0.Try setting FI_PSM3_CONN_TIMEOUT to a larger value (current: 10 seconds).
libfabric:491566:1755060342::psm3:av:psmx3_epid_to_epaddr():234<warn> xcnf3:rank229: psm3_ep_connect returned error Operation timed out, remote epid=0xc0a838820000014c:cdfc9997:0.Try setting FI_PSM3_CONN_TIMEOUT to a larger value (current: 10 seconds).
libfabric:623081:1755060342::psm3:av:psmx3_epid_to_epaddr():234<warn> xcnf0:rank49: psm3_ep_connect returned error Operation timed out, remote epid=0xc0a838810000014c:bd56bb99:0.Try setting FI_PSM3_CONN_TIMEOUT to a larger value (current: 10 seconds).
libfabric:504291:1755060342::psm3:av:psmx3_epid_to_epaddr():234<warn> xcnf1:rank127: psm3_ep_connect returned error Operation timed out, remote epid=0xc0a838800000014c:c1e3ec89:0.Try setting FI_PSM3_CONN_TIMEOUT to a larger value (current: 10 seconds).
libfabric:491576:1755060342::psm3:av:psmx3_epid_to_epaddr():234<warn> xcnf3:rank239: psm3_ep_connect returned error Operation timed out, remote epid=0xc0a838820000014c:c6f6c381:0.Try setting FI_PSM3_CONN_TIMEOUT to a larger value (current: 10 seconds).
libfabric:623085:1755060342::psm3:av:psmx3_epid_to_epaddr():234<warn> xcnf0:rank53: psm3_ep_connect returned error Operation timed out, remote epid=0xc0a838810000014c:b060bc89:0.Try setting FI_PSM3_CONN_TIMEOUT to a larger value (current: 10 seconds).
libfabric:504231:1755060342::psm3:av:psmx3_epid_to_epaddr():234<warn> xcnf1:rank67: psm3_ep_connect returned error Operation timed out, remote epid=0xc0a838800000014c:9441a923:0.Try setting FI_PSM3_CONN_TIMEOUT to a larger value (current: 10 seconds).
libfabric:491582:1755060342::psm3:av:psmx3_epid_to_epaddr():234<warn> xcnf3:rank245: psm3_ep_connect returned error Operation timed out, remote epid=0xc0a838820000014c:c9e1d677:0.Try setting FI_PSM3_CONN_TIMEOUT to a larger value (current: 10 seconds).
libfabric:504233:1755060342::psm3:av:psmx3_epid_to_epaddr():234<warn> xcnf1:rank69: psm3_ep_connect returned error Operation timed out, remote epid=0xc0a838800000014c:97ef9299:0.Try setting FI_PSM3_CONN_TIMEOUT to a larger value (current: 10 seconds).
libfabric:491590:1755060342::psm3:av:psmx3_epid_to_epaddr():234<warn> xcnf3:rank253: psm3_ep_connect returned error Operation timed out, remote epid=0xc0a838820000014c:99a6e2fd:0.Try setting FI_PSM3_CONN_TIMEOUT to a larger value (current: 10 seconds).
libfabric:504235:1755060342::psm3:av:psmx3_epid_to_epaddr():234<warn> xcnf1:rank71: psm3_ep_connect returned error Operation timed out, remote epid=0xc0a838800000014c:a9e39e8f:0.Try setting FI_PSM3_CONN_TIMEOUT to a larger value (current: 10 seconds).
libfabric:491592:1755060342::psm3:av:psmx3_epid_to_epaddr():234<warn> xcnf3:rank255: psm3_ep_connect returned error Operation timed out, remote epid=0xc0a838820000014c:be95b631:0.Try setting FI_PSM3_CONN_TIMEOUT to a larger value (current: 10 seconds).
libfabric:504237:1755060342::psm3:av:psmx3_epid_to_epaddr():234<warn> xcnf1:rank73: psm3_ep_connect returned error Operation timed out, remote epid=0xc0a838800000014c:92beecfb:0.Try setting FI_PSM3_CONN_TIMEOUT to a larger value (current: 10 seconds).
libfabric:491546:1755060342::psm3:av:psmx3_epid_to_epaddr():234<warn> xcnf3:rank209: psm3_ep_connect returned error Operation timed out, remote epid=0xc0a838820000014c:afb7a6c1:0.Try setting FI_PSM3_CONN_TIMEOUT to a larger value (current: 10 seconds).
libfabric:504239:1755060342::psm3:av:psmx3_epid_to_epaddr():234<warn> xcnf1:rank75: psm3_ep_connect returned error Operation timed out, remote epid=0xc0a838800000014c:d366c67d:0.Try setting FI_PSM3_CONN_TIMEOUT to a larger value (current: 10 seconds).
libfabric:491548:1755060342::psm3:av:psmx3_epid_to_epaddr():234<warn> xcnf3:rank211: psm3_ep_connect returned error Operation timed out, remote epid=0xc0a838820000014c:948cde5d:0.Try setting FI_PSM3_CONN_TIMEOUT to a larger value (current: 10 seconds).
libfabric:504241:1755060342::psm3:av:psmx3_epid_to_epaddr():234<warn> xcnf1:rank77: psm3_ep_connect returned error Operation timed out, remote epid=0xc0a838800000014c:e9028a45:0.Try setting FI_PSM3_CONN_TIMEOUT to a larger value (current: 10 seconds).
libfabric:504243:1755060342::psm3:av:psmx3_epid_to_epaddr():234<warn> xcnf1:rank79: psm3_ep_connect returned error Operation timed out, remote epid=0xc0a838800000014c:e2fba699:0.Try setting FI_PSM3_CONN_TIMEOUT to a larger value (current: 10 seconds).
libfabric:491550:1755060342::psm3:av:psmx3_epid_to_epaddr():234<warn> xcnf3:rank213: psm3_ep_connect returned error Operation timed out, remote epid=0xc0a838820000014c:9ca3d1a1:0.Try setting FI_PSM3_CONN_TIMEOUT to a larger value (current: 10 seconds).
libfabric:504247:1755060342::psm3:av:psmx3_epid_to_epaddr():234<warn> xcnf1:rank83: psm3_ep_connect returned error Operation timed out, remote epid=0xc0a838800000014c:d91f992f:0.Try setting FI_PSM3_CONN_TIMEOUT to a larger value (current: 10 seconds).
libfabric:491552:1755060342::psm3:av:psmx3_epid_to_epaddr():234<warn> xcnf3:rank215: psm3_ep_connect returned error Operation timed out, remote epid=0xc0a838820000014c:edaabeaf:0.Try setting FI_PSM3_CONN_TIMEOUT to a larger value (current: 10 seconds).
libfabric:504251:1755060342::psm3:av:psmx3_epid_to_epaddr():234<warn> xcnf1:rank87: psm3_ep_connect returned error Operation timed out, remote epid=0xc0a838800000014c:eca79b7b:0.Try setting FI_PSM3_CONN_TIMEOUT to a larger value (current: 10 seconds).
libfabric:491554:1755060342::psm3:av:psmx3_epid_to_epaddr():234<warn> xcnf3:rank217: psm3_ep_connect returned error Operation timed out, remote epid=0xc0a838820000014c:c5119c67:0.Try setting FI_PSM3_CONN_TIMEOUT to a larger value (current: 10 seconds).
libfabric:504253:1755060342::psm3:av:psmx3_epid_to_epaddr():234<warn> xcnf1:rank89: psm3_ep_connect returned error Operation timed out, remote epid=0xc0a838800000014c:c328b835:0.Try setting FI_PSM3_CONN_TIMEOUT to a larger value (current: 10 seconds).
libfabric:491556:1755060342::psm3:av:psmx3_epid_to_epaddr():234<warn> xcnf3:rank219: psm3_ep_connect returned error Operation timed out, remote epid=0xc0a838820000014c:e7a6994f:0.Try setting FI_PSM3_CONN_TIMEOUT to a larger value (current: 10 seconds).
libfabric:491558:1755060342::psm3:av:psmx3_epid_to_epaddr():234<warn> xcnf3:rank221: psm3_ep_connect returned error Operation timed out, remote epid=0xc0a838820000014c:970dcfcf:0.Try setting FI_PSM3_CONN_TIMEOUT to a larger value (current: 10 seconds).
libfabric:504257:1755060342::psm3:av:psmx3_epid_to_epaddr():234<warn> xcnf1:rank93: psm3_ep_connect returned error Operation timed out, remote epid=0xc0a838800000014c:bde88d57:0.Try setting FI_PSM3_CONN_TIMEOUT to a larger value (current: 10 seconds).
libfabric:491578:1755060342::psm3:av:psmx3_epid_to_epaddr():234<warn> xcnf3:rank241: psm3_ep_connect returned error Operation timed out, remote epid=0xc0a838820000014c:e2ddc2c5:0.Try setting FI_PSM3_CONN_TIMEOUT to a larger value (current: 10 seconds).
libfabric:504263:1755060342::psm3:av:psmx3_epid_to_epaddr():234<warn> xcnf1:rank99: psm3_ep_connect returned error Operation timed out, remote epid=0xc0a838800000014c:ac24e0ad:0.Try setting FI_PSM3_CONN_TIMEOUT to a larger value (current: 10 seconds).
libfabric:504267:1755060342::psm3:av:psmx3_epid_to_epaddr():234<warn> xcnf1:rank103: psm3_ep_connect returned error Operation timed out, remote epid=0xc0a838800000014c:b34fd701:0.Try setting FI_PSM3_CONN_TIMEOUT to a larger value (current: 10 seconds).
libfabric:491580:1755060342::psm3:av:psmx3_epid_to_epaddr():234<warn> xcnf3:rank243: psm3_ep_connect returned error Operation timed out, remote epid=0xc0a838820000014c:b11b9b71:0.Try setting FI_PSM3_CONN_TIMEOUT to a larger value (current: 10 seconds).
libfabric:491584:1755060342::psm3:av:psmx3_epid_to_epaddr():234<warn> xcnf3:rank247: psm3_ep_connect returned error Operation timed out, remote epid=0xc0a838820000014c:d8e8da13:0.Try setting FI_PSM3_CONN_TIMEOUT to a larger value (current: 10 seconds).
libfabric:504269:1755060342::psm3:av:psmx3_epid_to_epaddr():234<warn> xcnf1:rank105: psm3_ep_connect returned error Operation timed out, remote epid=0xc0a838800000014c:8be0aca9:0.Try setting FI_PSM3_CONN_TIMEOUT to a larger value (current: 10 seconds).
libfabric:491586:1755060342::psm3:av:psmx3_epid_to_epaddr():234<warn> xcnf3:rank249: psm3_ep_connect returned error Operation timed out, remote epid=0xc0a838820000014c:9de1a879:0.Try setting FI_PSM3_CONN_TIMEOUT to a larger value (current: 10 seconds).
libfabric:504271:1755060342::psm3:av:psmx3_epid_to_epaddr():234<warn> xcnf1:rank107: psm3_ep_connect returned error Operation timed out, remote epid=0xc0a838800000014c:e6f49d35:0.Try setting FI_PSM3_CONN_TIMEOUT to a larger value (current: 10 seconds).
libfabric:491588:1755060342::psm3:av:psmx3_epid_to_epaddr():234<warn> xcnf3:rank251: psm3_ep_connect returned error Operation timed out, remote epid=0xc0a838820000014c:997ac7df:0.Try setting FI_PSM3_CONN_TIMEOUT to a larger value (current: 10 seconds).
libfabric:504273:1755060342::psm3:av:psmx3_epid_to_epaddr():234<warn> xcnf1:rank109: psm3_ep_connect returned error Operation timed out, remote epid=0xc0a838800000014c:aff0d975:0.Try setting FI_PSM3_CONN_TIMEOUT to a larger value (current: 10 seconds).
libfabric:504275:1755060342::psm3:av:psmx3_epid_to_epaddr():234<warn> xcnf1:rank111: psm3_ep_connect returned error Operation timed out, remote epid=0xc0a838800000014c:a225aa4b:0.Try setting FI_PSM3_CONN_TIMEOUT to a larger value (current: 10 seconds).
libfabric:504279:1755060342::psm3:av:psmx3_epid_to_epaddr():234<warn> xcnf1:rank115: psm3_ep_connect returned error Operation timed out, remote epid=0xc0a838800000014c:cd69d6cd:0.Try setting FI_PSM3_CONN_TIMEOUT to a larger value (current: 10 seconds).
libfabric:504283:1755060342::psm3:av:psmx3_epid_to_epaddr():234<warn> xcnf1:rank119: psm3_ep_connect returned error Operation timed out, remote epid=0xc0a838800000014c:9f8ce83d:0.Try setting FI_PSM3_CONN_TIMEOUT to a larger value (current: 10 seconds).
libfabric:504285:1755060342::psm3:av:psmx3_epid_to_epaddr():234<warn> xcnf1:rank121: psm3_ep_connect returned error Operation timed out, remote epid=0xc0a838800000014c:c29497cd:0.Try setting FI_PSM3_CONN_TIMEOUT to a larger value (current: 10 seconds).
libfabric:504289:1755060342::psm3:av:psmx3_epid_to_epaddr():234<warn> xcnf1:rank125: psm3_ep_connect returned error Operation timed out, remote epid=0xc0a838800000014c:afe79ad5:0.Try setting FI_PSM3_CONN_TIMEOUT to a larger value (current: 10 seconds).
srun: error: xcnf2: tasks 129,131,133,139,145,147,149,151,155,157,159,161,163,169,171,177,179,181,183,187,189,191: Aborted
srun: error: xcnf0: tasks 1,3,5,7,15,17,19,21,23,31,33,35,37,39,41,47,49,51,53,55,59,61: Aborted
srun: error: xcnf2: tasks 135,137,141,143,153,165,167,173,175,185: Aborted (core dumped)
srun: error: xcnf0: tasks 9,11,13,25,27,29,43,45,57,63: Aborted (core dumped)
srun: error: xcnf1: tasks 65,69,81,85,95,97,101,113,117,127: Aborted (core dumped)
srun: error: xcnf1: tasks 67,71,73,75,77,79,83,87,89,91,93,99,103,105,107,109,111,115,119,121,123,125: Aborted
srun: error: xcnf3: tasks 193,199,201,203,205,225,231,233,235,237: Aborted (core dumped)
srun: error: xcnf3: tasks 195,197,207,209,211,213,215,217,219,221,223,227,229,239,241,243,245,247,249,251,253,255: Aborted
srun: Job step aborted: Waiting up to 32 seconds for job step to finish.
[2025-08-13T12:51:11.266] error: *** JOB 67511 ON xcnf0 CANCELLED AT 2025-08-13T12:51:11 DUE to SIGNAL Terminated ***
[2025-08-13T12:51:11.267] error: *** STEP 67511.1 ON xcnf0 CANCELLED AT 2025-08-13T12:51:11 DUE to SIGNAL Terminated ***
