[xhpl_single] CWD: /home/k/kimsh/HPL_Linpack/hpl-2.3/bin/EPYC_refblas/work/N80000_NB128_P16Q16_pf1rf1_nbmin4_ndiv2_bc1_d0_sw2_t64
[xhpl_single] DAT line3: /home/k/kimsh/HPL_Linpack/hpl-2.3/bin/EPYC_refblas/results/xhpl_N80000_NB128_P16Q16_pf1rf1_nbmin4_ndiv2_bc1_d0_sw2_t64.out
[xhpl_single] OUT expected: /home/k/kimsh/HPL_Linpack/hpl-2.3/bin/EPYC_refblas/results/xhpl_N80000_NB128_P16Q16_pf1rf1_nbmin4_ndiv2_bc1_d0_sw2_t64.out
xcnf0  	libmpi.so.12 => /home/k/kimsh/.local/mpich/lib/libmpi.so.12 (0x000075d5b754a000)
xcnf2  	libmpi.so.12 => /home/k/kimsh/.local/mpich/lib/libmpi.so.12 (0x000073e2be00e000)
xcnf3  	libmpi.so.12 => /home/k/kimsh/.local/mpich/lib/libmpi.so.12 (0x0000713d0500f000)
xcnf1  	libmpi.so.12 => /home/k/kimsh/.local/mpich/lib/libmpi.so.12 (0x00007357fd6bc000)
Column=000000128 Fraction= 0.2% Gflops=1.754e+02
Column=000000256 Fraction= 0.3% Gflops=1.859e+02
Column=000000384 Fraction= 0.5% Gflops=1.846e+02
Column=000000512 Fraction= 0.6% Gflops=1.845e+02
Column=000000640 Fraction= 0.8% Gflops=1.837e+02
Column=000000768 Fraction= 1.0% Gflops=1.837e+02
Column=000000896 Fraction= 1.1% Gflops=1.835e+02
Column=000001024 Fraction= 1.3% Gflops=1.831e+02
Column=000001152 Fraction= 1.4% Gflops=1.827e+02
Column=000001280 Fraction= 1.6% Gflops=1.825e+02
Column=000001408 Fraction= 1.8% Gflops=1.822e+02
Column=000001536 Fraction= 1.9% Gflops=1.820e+02
Column=000001664 Fraction= 2.1% Gflops=1.820e+02
Column=000001792 Fraction= 2.2% Gflops=1.818e+02
Column=000001920 Fraction= 2.4% Gflops=1.817e+02
Column=000002048 Fraction= 2.6% Gflops=1.819e+02
Column=000002176 Fraction= 2.7% Gflops=1.818e+02
Column=000002304 Fraction= 2.9% Gflops=1.821e+02
Column=000002432 Fraction= 3.0% Gflops=1.823e+02
Column=000002560 Fraction= 3.2% Gflops=1.824e+02
Column=000002688 Fraction= 3.4% Gflops=1.823e+02
Column=000002816 Fraction= 3.5% Gflops=1.823e+02
Column=000002944 Fraction= 3.7% Gflops=1.823e+02
Column=000003072 Fraction= 3.8% Gflops=1.823e+02
Column=000003200 Fraction= 4.0% Gflops=1.823e+02
Column=000003328 Fraction= 4.2% Gflops=1.824e+02
Column=000003456 Fraction= 4.3% Gflops=1.824e+02
Column=000003584 Fraction= 4.5% Gflops=1.824e+02
Column=000003712 Fraction= 4.6% Gflops=1.825e+02
Column=000003840 Fraction= 4.8% Gflops=1.826e+02
Column=000003968 Fraction= 5.0% Gflops=1.826e+02
Column=000004096 Fraction= 5.1% Gflops=1.827e+02
Column=000004224 Fraction= 5.3% Gflops=1.828e+02
Column=000004352 Fraction= 5.4% Gflops=1.829e+02
Column=000004480 Fraction= 5.6% Gflops=1.832e+02
Column=000004608 Fraction= 5.8% Gflops=1.833e+02
Column=000004736 Fraction= 5.9% Gflops=1.833e+02
Column=000004864 Fraction= 6.1% Gflops=1.834e+02
Column=000004992 Fraction= 6.2% Gflops=1.835e+02
Column=000005120 Fraction= 6.4% Gflops=1.835e+02
Column=000005248 Fraction= 6.6% Gflops=1.835e+02
Column=000005376 Fraction= 6.7% Gflops=1.836e+02
Column=000005504 Fraction= 6.9% Gflops=1.837e+02
Column=000005632 Fraction= 7.0% Gflops=1.838e+02
Column=000005760 Fraction= 7.2% Gflops=1.839e+02
Column=000005888 Fraction= 7.4% Gflops=1.840e+02
Column=000006016 Fraction= 7.5% Gflops=1.841e+02
Column=000006144 Fraction= 7.7% Gflops=1.843e+02
Column=000006272 Fraction= 7.8% Gflops=1.844e+02
Column=000006400 Fraction= 8.0% Gflops=1.845e+02
Column=000006528 Fraction= 8.2% Gflops=1.847e+02
Column=000006656 Fraction= 8.3% Gflops=1.849e+02
Column=000006784 Fraction= 8.5% Gflops=1.849e+02
Column=000006912 Fraction= 8.6% Gflops=1.849e+02
Column=000007040 Fraction= 8.8% Gflops=1.851e+02
Column=000007168 Fraction= 9.0% Gflops=1.850e+02
Column=000007296 Fraction= 9.1% Gflops=1.851e+02
Column=000007424 Fraction= 9.3% Gflops=1.852e+02
Column=000007552 Fraction= 9.4% Gflops=1.852e+02
Column=000007680 Fraction= 9.6% Gflops=1.853e+02
Column=000007808 Fraction= 9.8% Gflops=1.854e+02
Column=000007936 Fraction= 9.9% Gflops=1.854e+02
Column=000008064 Fraction=10.1% Gflops=1.855e+02
Column=000008192 Fraction=10.2% Gflops=1.856e+02
Column=000008320 Fraction=10.4% Gflops=1.857e+02
Column=000008448 Fraction=10.6% Gflops=1.858e+02
Column=000008576 Fraction=10.7% Gflops=1.860e+02
Column=000008704 Fraction=10.9% Gflops=1.861e+02
Column=000008832 Fraction=11.0% Gflops=1.861e+02
Column=000008960 Fraction=11.2% Gflops=1.862e+02
Column=000009088 Fraction=11.4% Gflops=1.863e+02
Column=000009216 Fraction=11.5% Gflops=1.864e+02
Column=000009344 Fraction=11.7% Gflops=1.864e+02
Column=000009472 Fraction=11.8% Gflops=1.864e+02
Column=000009600 Fraction=12.0% Gflops=1.865e+02
Column=000009728 Fraction=12.2% Gflops=1.866e+02
Column=000009856 Fraction=12.3% Gflops=1.867e+02
Column=000009984 Fraction=12.5% Gflops=1.868e+02
Column=000010112 Fraction=12.6% Gflops=1.868e+02
Column=000010240 Fraction=12.8% Gflops=1.870e+02
Column=000010368 Fraction=13.0% Gflops=1.871e+02
Column=000010496 Fraction=13.1% Gflops=1.872e+02
Column=000010624 Fraction=13.3% Gflops=1.873e+02
Column=000010752 Fraction=13.4% Gflops=1.874e+02
Column=000010880 Fraction=13.6% Gflops=1.875e+02
Column=000011008 Fraction=13.8% Gflops=1.876e+02
Column=000011136 Fraction=13.9% Gflops=1.877e+02
Column=000011264 Fraction=14.1% Gflops=1.878e+02
Column=000011392 Fraction=14.2% Gflops=1.878e+02
Column=000011520 Fraction=14.4% Gflops=1.879e+02
Column=000011648 Fraction=14.6% Gflops=1.880e+02
Column=000011776 Fraction=14.7% Gflops=1.881e+02
Column=000011904 Fraction=14.9% Gflops=1.881e+02
Column=000012032 Fraction=15.0% Gflops=1.882e+02
Column=000012160 Fraction=15.2% Gflops=1.883e+02
Column=000012288 Fraction=15.4% Gflops=1.884e+02
Column=000012416 Fraction=15.5% Gflops=1.885e+02
Column=000012544 Fraction=15.7% Gflops=1.886e+02
Column=000012672 Fraction=15.8% Gflops=1.887e+02
Column=000012800 Fraction=16.0% Gflops=1.888e+02
Column=000012928 Fraction=16.2% Gflops=1.889e+02
Column=000013056 Fraction=16.3% Gflops=1.890e+02
Column=000013184 Fraction=16.5% Gflops=1.891e+02
Column=000013312 Fraction=16.6% Gflops=1.892e+02
Column=000013440 Fraction=16.8% Gflops=1.893e+02
Column=000013568 Fraction=17.0% Gflops=1.893e+02
Column=000013696 Fraction=17.1% Gflops=1.894e+02
Column=000013824 Fraction=17.3% Gflops=1.895e+02
Column=000013952 Fraction=17.4% Gflops=1.895e+02
Column=000014080 Fraction=17.6% Gflops=1.896e+02
Column=000014208 Fraction=17.8% Gflops=1.897e+02
Column=000014336 Fraction=17.9% Gflops=1.898e+02
Column=000014464 Fraction=18.1% Gflops=1.899e+02
Column=000014592 Fraction=18.2% Gflops=1.900e+02
Column=000014720 Fraction=18.4% Gflops=1.901e+02
Column=000014848 Fraction=18.6% Gflops=1.902e+02
Column=000014976 Fraction=18.7% Gflops=1.903e+02
Column=000015104 Fraction=18.9% Gflops=1.904e+02
Column=000015232 Fraction=19.0% Gflops=1.905e+02
Column=000015360 Fraction=19.2% Gflops=1.906e+02
Column=000015488 Fraction=19.4% Gflops=1.907e+02
Column=000015616 Fraction=19.5% Gflops=1.908e+02
Column=000015744 Fraction=19.7% Gflops=1.908e+02
Column=000015872 Fraction=19.8% Gflops=1.909e+02
Column=000016000 Fraction=20.0% Gflops=1.910e+02
Column=000016128 Fraction=20.2% Gflops=1.910e+02
Column=000016256 Fraction=20.3% Gflops=1.911e+02
Column=000016384 Fraction=20.5% Gflops=1.912e+02
Column=000016512 Fraction=20.6% Gflops=1.913e+02
Column=000016640 Fraction=20.8% Gflops=1.914e+02
Column=000016768 Fraction=21.0% Gflops=1.915e+02
Column=000016896 Fraction=21.1% Gflops=1.916e+02
Column=000017024 Fraction=21.3% Gflops=1.917e+02
Column=000017152 Fraction=21.4% Gflops=1.918e+02
Column=000017280 Fraction=21.6% Gflops=1.919e+02
Column=000017408 Fraction=21.8% Gflops=1.920e+02
Column=000017536 Fraction=21.9% Gflops=1.921e+02
Column=000017664 Fraction=22.1% Gflops=1.922e+02
Column=000017792 Fraction=22.2% Gflops=1.922e+02
Column=000017920 Fraction=22.4% Gflops=1.923e+02
Column=000018048 Fraction=22.6% Gflops=1.924e+02
Column=000018176 Fraction=22.7% Gflops=1.924e+02
Column=000018304 Fraction=22.9% Gflops=1.925e+02
Column=000018432 Fraction=23.0% Gflops=1.926e+02
Column=000018560 Fraction=23.2% Gflops=1.927e+02
Column=000018688 Fraction=23.4% Gflops=1.928e+02
Column=000018816 Fraction=23.5% Gflops=1.929e+02
Column=000018944 Fraction=23.7% Gflops=1.930e+02
Column=000019072 Fraction=23.8% Gflops=1.931e+02
Column=000019200 Fraction=24.0% Gflops=1.932e+02
Column=000019328 Fraction=24.2% Gflops=1.933e+02
Column=000019456 Fraction=24.3% Gflops=1.934e+02
Column=000019584 Fraction=24.5% Gflops=1.934e+02
Column=000019712 Fraction=24.6% Gflops=1.935e+02
Column=000019840 Fraction=24.8% Gflops=1.936e+02
Column=000019968 Fraction=25.0% Gflops=1.937e+02
Column=000020096 Fraction=25.1% Gflops=1.937e+02
Column=000020224 Fraction=25.3% Gflops=1.938e+02
Column=000020352 Fraction=25.4% Gflops=1.939e+02
Column=000020480 Fraction=25.6% Gflops=1.940e+02
Column=000020608 Fraction=25.8% Gflops=1.941e+02
Column=000020736 Fraction=25.9% Gflops=1.942e+02
Column=000020864 Fraction=26.1% Gflops=1.943e+02
Column=000020992 Fraction=26.2% Gflops=1.945e+02
Column=000021120 Fraction=26.4% Gflops=1.946e+02
Column=000021248 Fraction=26.6% Gflops=1.947e+02
Column=000021376 Fraction=26.7% Gflops=1.948e+02
Column=000021504 Fraction=26.9% Gflops=1.949e+02
Column=000021632 Fraction=27.0% Gflops=1.950e+02
Column=000021760 Fraction=27.2% Gflops=1.950e+02
Column=000021888 Fraction=27.4% Gflops=1.951e+02
Column=000022016 Fraction=27.5% Gflops=1.952e+02
Column=000022144 Fraction=27.7% Gflops=1.953e+02
Column=000022272 Fraction=27.8% Gflops=1.954e+02
Column=000022400 Fraction=28.0% Gflops=1.955e+02
Column=000022528 Fraction=28.2% Gflops=1.955e+02
Column=000022656 Fraction=28.3% Gflops=1.956e+02
Column=000022784 Fraction=28.5% Gflops=1.957e+02
Column=000022912 Fraction=28.6% Gflops=1.959e+02
Column=000023040 Fraction=28.8% Gflops=1.960e+02
Column=000023168 Fraction=29.0% Gflops=1.961e+02
Column=000023296 Fraction=29.1% Gflops=1.962e+02
Column=000023424 Fraction=29.3% Gflops=1.963e+02
Column=000023552 Fraction=29.4% Gflops=1.964e+02
Column=000023680 Fraction=29.6% Gflops=1.965e+02
Column=000023808 Fraction=29.8% Gflops=1.966e+02
Column=000023936 Fraction=29.9% Gflops=1.967e+02
Column=000024064 Fraction=30.1% Gflops=1.967e+02
Column=000024192 Fraction=30.2% Gflops=1.968e+02
Column=000024320 Fraction=30.4% Gflops=1.969e+02
Column=000024448 Fraction=30.6% Gflops=1.969e+02
Column=000024576 Fraction=30.7% Gflops=1.970e+02
Column=000024704 Fraction=30.9% Gflops=1.971e+02
Column=000024832 Fraction=31.0% Gflops=1.972e+02
Column=000024960 Fraction=31.2% Gflops=1.973e+02
Column=000025088 Fraction=31.4% Gflops=1.975e+02
Column=000025216 Fraction=31.5% Gflops=1.975e+02
Column=000025344 Fraction=31.7% Gflops=1.976e+02
Column=000025472 Fraction=31.8% Gflops=1.977e+02
Column=000025600 Fraction=32.0% Gflops=1.978e+02
Column=000025728 Fraction=32.2% Gflops=1.979e+02
Column=000025856 Fraction=32.3% Gflops=1.980e+02
Column=000025984 Fraction=32.5% Gflops=1.981e+02
Column=000026112 Fraction=32.6% Gflops=1.982e+02
Column=000026240 Fraction=32.8% Gflops=1.983e+02
Column=000026368 Fraction=33.0% Gflops=1.983e+02
Column=000026496 Fraction=33.1% Gflops=1.984e+02
Column=000026624 Fraction=33.3% Gflops=1.985e+02
Column=000026752 Fraction=33.4% Gflops=1.986e+02
Column=000026880 Fraction=33.6% Gflops=1.987e+02
Column=000027008 Fraction=33.8% Gflops=1.988e+02
Column=000027136 Fraction=33.9% Gflops=1.989e+02
Column=000027264 Fraction=34.1% Gflops=1.990e+02
Column=000027392 Fraction=34.2% Gflops=1.991e+02
Column=000027520 Fraction=34.4% Gflops=1.992e+02
Column=000027648 Fraction=34.6% Gflops=1.993e+02
Column=000027776 Fraction=34.7% Gflops=1.994e+02
Column=000027904 Fraction=34.9% Gflops=1.995e+02
Column=000028032 Fraction=35.0% Gflops=1.996e+02
Column=000028160 Fraction=35.2% Gflops=1.997e+02
Column=000028288 Fraction=35.4% Gflops=1.997e+02
Column=000028416 Fraction=35.5% Gflops=1.998e+02
Column=000028544 Fraction=35.7% Gflops=1.999e+02
Column=000028672 Fraction=35.8% Gflops=2.000e+02
Column=000028800 Fraction=36.0% Gflops=2.001e+02
Column=000028928 Fraction=36.2% Gflops=2.002e+02
Column=000029056 Fraction=36.3% Gflops=2.003e+02
Column=000029184 Fraction=36.5% Gflops=2.004e+02
Column=000029312 Fraction=36.6% Gflops=2.005e+02
Column=000029440 Fraction=36.8% Gflops=2.006e+02
Column=000029568 Fraction=37.0% Gflops=2.007e+02
Column=000029696 Fraction=37.1% Gflops=2.008e+02
Column=000029824 Fraction=37.3% Gflops=2.009e+02
Column=000029952 Fraction=37.4% Gflops=2.010e+02
Column=000030080 Fraction=37.6% Gflops=2.011e+02
Column=000030208 Fraction=37.8% Gflops=2.012e+02
Column=000030336 Fraction=37.9% Gflops=2.012e+02
Column=000030464 Fraction=38.1% Gflops=2.013e+02
Column=000030592 Fraction=38.2% Gflops=2.014e+02
Column=000030720 Fraction=38.4% Gflops=2.015e+02
Column=000030848 Fraction=38.6% Gflops=2.016e+02
Column=000030976 Fraction=38.7% Gflops=2.017e+02
Column=000031104 Fraction=38.9% Gflops=2.018e+02
Column=000031232 Fraction=39.0% Gflops=2.019e+02
Column=000031360 Fraction=39.2% Gflops=2.020e+02
Column=000031488 Fraction=39.4% Gflops=2.021e+02
Column=000031616 Fraction=39.5% Gflops=2.022e+02
Column=000031744 Fraction=39.7% Gflops=2.023e+02
Column=000031872 Fraction=39.8% Gflops=2.024e+02
Column=000032000 Fraction=40.0% Gflops=2.025e+02
Column=000032128 Fraction=40.2% Gflops=2.026e+02
Column=000032256 Fraction=40.3% Gflops=2.027e+02
Column=000032384 Fraction=40.5% Gflops=2.027e+02
Column=000032512 Fraction=40.6% Gflops=2.028e+02
Column=000032640 Fraction=40.8% Gflops=2.029e+02
Column=000032768 Fraction=41.0% Gflops=2.029e+02
Column=000032896 Fraction=41.1% Gflops=2.030e+02
Column=000033024 Fraction=41.3% Gflops=2.031e+02
Column=000033152 Fraction=41.4% Gflops=2.032e+02
Column=000033280 Fraction=41.6% Gflops=2.033e+02
Column=000033408 Fraction=41.8% Gflops=2.034e+02
Column=000033536 Fraction=41.9% Gflops=2.035e+02
Column=000033664 Fraction=42.1% Gflops=2.035e+02
Column=000033792 Fraction=42.2% Gflops=2.036e+02
Column=000033920 Fraction=42.4% Gflops=2.037e+02
Column=000034048 Fraction=42.6% Gflops=2.037e+02
Column=000034176 Fraction=42.7% Gflops=2.038e+02
Column=000034304 Fraction=42.9% Gflops=2.039e+02
Column=000034432 Fraction=43.0% Gflops=2.040e+02
Column=000034560 Fraction=43.2% Gflops=2.040e+02
Column=000034688 Fraction=43.4% Gflops=2.041e+02
Column=000034816 Fraction=43.5% Gflops=2.042e+02
Column=000034944 Fraction=43.7% Gflops=2.043e+02
Column=000035072 Fraction=43.8% Gflops=2.044e+02
Column=000035200 Fraction=44.0% Gflops=2.044e+02
Column=000035328 Fraction=44.2% Gflops=2.045e+02
Column=000035456 Fraction=44.3% Gflops=2.046e+02
Column=000035584 Fraction=44.5% Gflops=2.047e+02
Column=000035712 Fraction=44.6% Gflops=2.047e+02
Column=000035840 Fraction=44.8% Gflops=2.048e+02
Column=000035968 Fraction=45.0% Gflops=2.048e+02
Column=000036096 Fraction=45.1% Gflops=2.049e+02
Column=000036224 Fraction=45.3% Gflops=2.050e+02
Column=000036352 Fraction=45.4% Gflops=2.051e+02
Column=000036480 Fraction=45.6% Gflops=2.051e+02
Column=000036608 Fraction=45.8% Gflops=2.052e+02
Column=000036736 Fraction=45.9% Gflops=2.053e+02
Column=000036864 Fraction=46.1% Gflops=2.053e+02
Column=000036992 Fraction=46.2% Gflops=2.054e+02
Column=000037120 Fraction=46.4% Gflops=2.055e+02
Column=000037248 Fraction=46.6% Gflops=2.056e+02
Column=000037376 Fraction=46.7% Gflops=2.056e+02
Column=000037504 Fraction=46.9% Gflops=2.057e+02
Column=000037632 Fraction=47.0% Gflops=2.057e+02
Column=000037760 Fraction=47.2% Gflops=2.058e+02
Column=000037888 Fraction=47.4% Gflops=2.059e+02
Column=000038016 Fraction=47.5% Gflops=2.059e+02
Column=000038144 Fraction=47.7% Gflops=2.060e+02
Column=000038272 Fraction=47.8% Gflops=2.061e+02
Column=000038400 Fraction=48.0% Gflops=2.061e+02
Column=000038528 Fraction=48.2% Gflops=2.062e+02
Column=000038656 Fraction=48.3% Gflops=2.063e+02
Column=000038784 Fraction=48.5% Gflops=2.063e+02
Column=000038912 Fraction=48.6% Gflops=2.064e+02
Column=000039040 Fraction=48.8% Gflops=2.064e+02
Column=000039168 Fraction=49.0% Gflops=2.065e+02
Column=000039296 Fraction=49.1% Gflops=2.066e+02
Column=000039424 Fraction=49.3% Gflops=2.066e+02
Column=000039552 Fraction=49.4% Gflops=2.067e+02
Column=000039680 Fraction=49.6% Gflops=2.067e+02
Column=000039808 Fraction=49.8% Gflops=2.068e+02
Column=000039936 Fraction=49.9% Gflops=2.068e+02
Column=000040064 Fraction=50.1% Gflops=2.069e+02
Column=000040192 Fraction=50.2% Gflops=2.069e+02
Column=000040320 Fraction=50.4% Gflops=2.070e+02
Column=000040448 Fraction=50.6% Gflops=2.070e+02
Column=000040576 Fraction=50.7% Gflops=2.071e+02
Column=000040704 Fraction=50.9% Gflops=2.071e+02
Column=000040832 Fraction=51.0% Gflops=2.072e+02
Column=000040960 Fraction=51.2% Gflops=2.072e+02
Column=000041088 Fraction=51.4% Gflops=2.072e+02
Column=000041216 Fraction=51.5% Gflops=2.073e+02
Column=000041344 Fraction=51.7% Gflops=2.074e+02
Column=000041472 Fraction=51.8% Gflops=2.074e+02
Column=000041600 Fraction=52.0% Gflops=2.075e+02
Column=000041728 Fraction=52.2% Gflops=2.075e+02
Column=000041856 Fraction=52.3% Gflops=2.075e+02
Column=000041984 Fraction=52.5% Gflops=2.076e+02
Column=000042112 Fraction=52.6% Gflops=2.076e+02
Column=000042240 Fraction=52.8% Gflops=2.077e+02
Column=000042368 Fraction=53.0% Gflops=2.077e+02
Column=000042496 Fraction=53.1% Gflops=2.078e+02
Column=000042624 Fraction=53.3% Gflops=2.078e+02
Column=000042752 Fraction=53.4% Gflops=2.078e+02
Column=000042880 Fraction=53.6% Gflops=2.079e+02
Column=000043008 Fraction=53.8% Gflops=2.079e+02
Column=000043136 Fraction=53.9% Gflops=2.080e+02
Column=000043264 Fraction=54.1% Gflops=2.080e+02
Column=000043392 Fraction=54.2% Gflops=2.081e+02
Column=000043520 Fraction=54.4% Gflops=2.081e+02
Column=000043648 Fraction=54.6% Gflops=2.081e+02
Column=000043776 Fraction=54.7% Gflops=2.082e+02
Column=000043904 Fraction=54.9% Gflops=2.082e+02
Column=000044032 Fraction=55.0% Gflops=2.083e+02
Column=000044160 Fraction=55.2% Gflops=2.083e+02
Column=000044288 Fraction=55.4% Gflops=2.083e+02
Column=000044416 Fraction=55.5% Gflops=2.084e+02
Column=000044544 Fraction=55.7% Gflops=2.084e+02
Column=000044672 Fraction=55.8% Gflops=2.084e+02
Column=000044800 Fraction=56.0% Gflops=2.084e+02
Column=000044928 Fraction=56.2% Gflops=2.085e+02
Column=000045056 Fraction=56.3% Gflops=2.085e+02
Column=000045184 Fraction=56.5% Gflops=2.085e+02
Column=000045312 Fraction=56.6% Gflops=2.086e+02
Column=000045440 Fraction=56.8% Gflops=2.086e+02
Column=000045568 Fraction=57.0% Gflops=2.086e+02
Column=000045696 Fraction=57.1% Gflops=2.087e+02
Column=000045824 Fraction=57.3% Gflops=2.087e+02
Column=000045952 Fraction=57.4% Gflops=2.087e+02
Column=000046080 Fraction=57.6% Gflops=2.088e+02
Column=000046208 Fraction=57.8% Gflops=2.088e+02
Column=000046336 Fraction=57.9% Gflops=2.088e+02
Column=000046464 Fraction=58.1% Gflops=2.088e+02
Column=000046592 Fraction=58.2% Gflops=2.088e+02
Column=000046720 Fraction=58.4% Gflops=2.089e+02
Column=000046848 Fraction=58.6% Gflops=2.089e+02
Column=000046976 Fraction=58.7% Gflops=2.089e+02
Column=000047104 Fraction=58.9% Gflops=2.089e+02
Column=000047232 Fraction=59.0% Gflops=2.090e+02
Column=000047360 Fraction=59.2% Gflops=2.090e+02
Column=000047488 Fraction=59.4% Gflops=2.090e+02
Column=000047616 Fraction=59.5% Gflops=2.090e+02
Column=000047744 Fraction=59.7% Gflops=2.091e+02
Column=000047872 Fraction=59.8% Gflops=2.091e+02
Column=000048000 Fraction=60.0% Gflops=2.091e+02
Column=000048128 Fraction=60.2% Gflops=2.092e+02
Column=000048256 Fraction=60.3% Gflops=2.092e+02
Column=000048384 Fraction=60.5% Gflops=2.092e+02
Column=000048512 Fraction=60.6% Gflops=2.092e+02
Column=000048640 Fraction=60.8% Gflops=2.092e+02
Column=000048768 Fraction=61.0% Gflops=2.092e+02
Column=000048896 Fraction=61.1% Gflops=2.093e+02
Column=000049024 Fraction=61.3% Gflops=2.093e+02
Column=000049152 Fraction=61.4% Gflops=2.093e+02
Column=000049280 Fraction=61.6% Gflops=2.093e+02
Column=000049408 Fraction=61.8% Gflops=2.094e+02
Column=000049536 Fraction=61.9% Gflops=2.094e+02
Column=000049664 Fraction=62.1% Gflops=2.094e+02
Column=000049792 Fraction=62.2% Gflops=2.094e+02
Column=000049920 Fraction=62.4% Gflops=2.094e+02
Column=000050048 Fraction=62.6% Gflops=2.095e+02
Column=000050176 Fraction=62.7% Gflops=2.095e+02
Column=000050304 Fraction=62.9% Gflops=2.095e+02
Column=000050432 Fraction=63.0% Gflops=2.095e+02
Column=000050560 Fraction=63.2% Gflops=2.096e+02
Column=000050688 Fraction=63.4% Gflops=2.096e+02
Column=000050816 Fraction=63.5% Gflops=2.096e+02
Column=000050944 Fraction=63.7% Gflops=2.096e+02
Column=000051072 Fraction=63.8% Gflops=2.096e+02
Column=000051200 Fraction=64.0% Gflops=2.096e+02
Column=000051328 Fraction=64.2% Gflops=2.096e+02
Column=000051456 Fraction=64.3% Gflops=2.096e+02
Column=000051584 Fraction=64.5% Gflops=2.097e+02
Column=000051712 Fraction=64.6% Gflops=2.097e+02
Column=000051840 Fraction=64.8% Gflops=2.097e+02
Column=000051968 Fraction=65.0% Gflops=2.097e+02
Column=000052096 Fraction=65.1% Gflops=2.097e+02
Column=000052224 Fraction=65.3% Gflops=2.098e+02
Column=000052352 Fraction=65.4% Gflops=2.098e+02
Column=000052480 Fraction=65.6% Gflops=2.098e+02
Column=000052608 Fraction=65.8% Gflops=2.098e+02
Column=000052736 Fraction=65.9% Gflops=2.098e+02
Column=000052864 Fraction=66.1% Gflops=2.098e+02
Column=000052992 Fraction=66.2% Gflops=2.098e+02
Column=000053120 Fraction=66.4% Gflops=2.098e+02
Column=000053248 Fraction=66.6% Gflops=2.098e+02
Column=000053376 Fraction=66.7% Gflops=2.099e+02
Column=000053504 Fraction=66.9% Gflops=2.099e+02
Column=000053632 Fraction=67.0% Gflops=2.099e+02
Column=000053760 Fraction=67.2% Gflops=2.099e+02
Column=000053888 Fraction=67.4% Gflops=2.099e+02
Column=000054016 Fraction=67.5% Gflops=2.099e+02
Column=000054144 Fraction=67.7% Gflops=2.099e+02
Column=000054272 Fraction=67.8% Gflops=2.099e+02
Column=000054400 Fraction=68.0% Gflops=2.100e+02
Column=000054528 Fraction=68.2% Gflops=2.100e+02
Column=000054656 Fraction=68.3% Gflops=2.100e+02
Column=000054784 Fraction=68.5% Gflops=2.100e+02
Column=000054912 Fraction=68.6% Gflops=2.100e+02
Column=000055040 Fraction=68.8% Gflops=2.100e+02
Column=000055168 Fraction=69.0% Gflops=2.100e+02
Column=000055296 Fraction=69.1% Gflops=2.100e+02
Column=000055424 Fraction=69.3% Gflops=2.100e+02
Column=000055552 Fraction=69.4% Gflops=2.100e+02
Column=000055680 Fraction=69.6% Gflops=2.100e+02
Column=000055808 Fraction=69.8% Gflops=2.100e+02
Column=000055936 Fraction=69.9% Gflops=2.100e+02
Column=000056064 Fraction=70.1% Gflops=2.100e+02
Column=000056192 Fraction=70.2% Gflops=2.100e+02
Column=000056320 Fraction=70.4% Gflops=2.100e+02
Column=000056448 Fraction=70.6% Gflops=2.100e+02
Column=000056576 Fraction=70.7% Gflops=2.100e+02
Column=000056704 Fraction=70.9% Gflops=2.100e+02
Column=000056832 Fraction=71.0% Gflops=2.100e+02
Column=000056960 Fraction=71.2% Gflops=2.100e+02
Column=000057088 Fraction=71.4% Gflops=2.100e+02
Column=000057216 Fraction=71.5% Gflops=2.100e+02
Column=000057344 Fraction=71.7% Gflops=2.100e+02
Column=000057472 Fraction=71.8% Gflops=2.100e+02
Column=000057600 Fraction=72.0% Gflops=2.101e+02
Column=000057728 Fraction=72.2% Gflops=2.101e+02
Column=000057856 Fraction=72.3% Gflops=2.101e+02
Column=000057984 Fraction=72.5% Gflops=2.101e+02
Column=000058112 Fraction=72.6% Gflops=2.101e+02
Column=000058240 Fraction=72.8% Gflops=2.101e+02
Column=000058368 Fraction=73.0% Gflops=2.101e+02
Column=000058496 Fraction=73.1% Gflops=2.101e+02
Column=000058624 Fraction=73.3% Gflops=2.101e+02
Column=000058752 Fraction=73.4% Gflops=2.101e+02
Column=000058880 Fraction=73.6% Gflops=2.101e+02
Column=000059008 Fraction=73.8% Gflops=2.101e+02
Column=000059136 Fraction=73.9% Gflops=2.101e+02
Column=000059264 Fraction=74.1% Gflops=2.101e+02
Column=000059392 Fraction=74.2% Gflops=2.101e+02
Column=000059520 Fraction=74.4% Gflops=2.101e+02
Column=000059648 Fraction=74.6% Gflops=2.101e+02
Column=000059776 Fraction=74.7% Gflops=2.101e+02
Column=000059904 Fraction=74.9% Gflops=2.101e+02
Column=000060032 Fraction=75.0% Gflops=2.101e+02
Column=000060160 Fraction=75.2% Gflops=2.101e+02
Column=000060288 Fraction=75.4% Gflops=2.101e+02
Column=000060416 Fraction=75.5% Gflops=2.101e+02
Column=000060544 Fraction=75.7% Gflops=2.101e+02
Column=000060672 Fraction=75.8% Gflops=2.101e+02
Column=000060800 Fraction=76.0% Gflops=2.101e+02
Column=000060928 Fraction=76.2% Gflops=2.101e+02
Column=000061056 Fraction=76.3% Gflops=2.101e+02
Column=000061184 Fraction=76.5% Gflops=2.101e+02
Column=000061312 Fraction=76.6% Gflops=2.101e+02
Column=000061440 Fraction=76.8% Gflops=2.101e+02
Column=000061568 Fraction=77.0% Gflops=2.101e+02
Column=000061696 Fraction=77.1% Gflops=2.101e+02
Column=000061824 Fraction=77.3% Gflops=2.100e+02
Column=000061952 Fraction=77.4% Gflops=2.100e+02
Column=000062080 Fraction=77.6% Gflops=2.100e+02
Column=000062208 Fraction=77.8% Gflops=2.100e+02
Column=000062336 Fraction=77.9% Gflops=2.100e+02
Column=000062464 Fraction=78.1% Gflops=2.100e+02
Column=000062592 Fraction=78.2% Gflops=2.100e+02
Column=000062720 Fraction=78.4% Gflops=2.100e+02
Column=000062848 Fraction=78.6% Gflops=2.100e+02
Column=000062976 Fraction=78.7% Gflops=2.100e+02
Column=000063104 Fraction=78.9% Gflops=2.100e+02
Column=000063232 Fraction=79.0% Gflops=2.100e+02
Column=000063360 Fraction=79.2% Gflops=2.100e+02
Column=000063488 Fraction=79.4% Gflops=2.100e+02
Column=000063616 Fraction=79.5% Gflops=2.100e+02
Column=000063744 Fraction=79.7% Gflops=2.100e+02
Column=000063872 Fraction=79.8% Gflops=2.100e+02
Column=000064000 Fraction=80.0% Gflops=2.100e+02
Column=000064128 Fraction=80.2% Gflops=2.100e+02
Column=000064256 Fraction=80.3% Gflops=2.099e+02
Column=000064384 Fraction=80.5% Gflops=2.099e+02
Column=000064512 Fraction=80.6% Gflops=2.099e+02
Column=000064640 Fraction=80.8% Gflops=2.099e+02
Column=000064768 Fraction=81.0% Gflops=2.099e+02
Column=000064896 Fraction=81.1% Gflops=2.099e+02
Column=000065024 Fraction=81.3% Gflops=2.099e+02
Column=000065152 Fraction=81.4% Gflops=2.099e+02
Column=000065280 Fraction=81.6% Gflops=2.099e+02
Column=000065408 Fraction=81.8% Gflops=2.099e+02
Column=000065536 Fraction=81.9% Gflops=2.099e+02
Column=000065664 Fraction=82.1% Gflops=2.099e+02
Column=000065792 Fraction=82.2% Gflops=2.099e+02
Column=000065920 Fraction=82.4% Gflops=2.099e+02
Column=000066048 Fraction=82.6% Gflops=2.099e+02
Column=000066176 Fraction=82.7% Gflops=2.099e+02
Column=000066304 Fraction=82.9% Gflops=2.098e+02
Column=000066432 Fraction=83.0% Gflops=2.098e+02
Column=000066560 Fraction=83.2% Gflops=2.098e+02
Column=000066688 Fraction=83.4% Gflops=2.098e+02
Column=000066816 Fraction=83.5% Gflops=2.098e+02
Column=000066944 Fraction=83.7% Gflops=2.098e+02
Column=000067072 Fraction=83.8% Gflops=2.098e+02
Column=000067200 Fraction=84.0% Gflops=2.098e+02
Column=000067328 Fraction=84.2% Gflops=2.098e+02
Column=000067456 Fraction=84.3% Gflops=2.098e+02
Column=000067584 Fraction=84.5% Gflops=2.098e+02
Column=000067712 Fraction=84.6% Gflops=2.098e+02
Column=000067840 Fraction=84.8% Gflops=2.098e+02
Column=000067968 Fraction=85.0% Gflops=2.097e+02
Column=000068096 Fraction=85.1% Gflops=2.097e+02
Column=000068224 Fraction=85.3% Gflops=2.097e+02
Column=000068352 Fraction=85.4% Gflops=2.097e+02
Column=000068480 Fraction=85.6% Gflops=2.097e+02
Column=000068608 Fraction=85.8% Gflops=2.097e+02
Column=000068736 Fraction=85.9% Gflops=2.097e+02
Column=000068864 Fraction=86.1% Gflops=2.097e+02
Column=000068992 Fraction=86.2% Gflops=2.097e+02
Column=000069120 Fraction=86.4% Gflops=2.097e+02
Column=000069248 Fraction=86.6% Gflops=2.097e+02
Column=000069376 Fraction=86.7% Gflops=2.097e+02
Column=000069504 Fraction=86.9% Gflops=2.096e+02
Column=000069632 Fraction=87.0% Gflops=2.096e+02
Column=000069760 Fraction=87.2% Gflops=2.096e+02
Column=000069888 Fraction=87.4% Gflops=2.096e+02
Column=000070016 Fraction=87.5% Gflops=2.096e+02
Column=000070144 Fraction=87.7% Gflops=2.096e+02
Column=000070272 Fraction=87.8% Gflops=2.096e+02
Column=000070400 Fraction=88.0% Gflops=2.096e+02
Column=000070528 Fraction=88.2% Gflops=2.096e+02
Column=000070656 Fraction=88.3% Gflops=2.096e+02
Column=000070784 Fraction=88.5% Gflops=2.096e+02
Column=000070912 Fraction=88.6% Gflops=2.096e+02
Column=000071040 Fraction=88.8% Gflops=2.095e+02
Column=000071168 Fraction=89.0% Gflops=2.095e+02
Column=000071296 Fraction=89.1% Gflops=2.095e+02
Column=000071424 Fraction=89.3% Gflops=2.095e+02
Column=000071552 Fraction=89.4% Gflops=2.095e+02
Column=000071680 Fraction=89.6% Gflops=2.095e+02
Column=000071808 Fraction=89.8% Gflops=2.095e+02
Column=000071936 Fraction=89.9% Gflops=2.095e+02
Column=000072064 Fraction=90.1% Gflops=2.095e+02
Column=000072192 Fraction=90.2% Gflops=2.095e+02
Column=000072320 Fraction=90.4% Gflops=2.094e+02
Column=000072448 Fraction=90.6% Gflops=2.094e+02
Column=000072576 Fraction=90.7% Gflops=2.094e+02
Column=000072704 Fraction=90.9% Gflops=2.094e+02
Column=000072832 Fraction=91.0% Gflops=2.094e+02
Column=000072960 Fraction=91.2% Gflops=2.094e+02
Column=000073088 Fraction=91.4% Gflops=2.094e+02
Column=000073216 Fraction=91.5% Gflops=2.094e+02
Column=000073344 Fraction=91.7% Gflops=2.094e+02
Column=000073472 Fraction=91.8% Gflops=2.094e+02
Column=000073600 Fraction=92.0% Gflops=2.094e+02
Column=000073728 Fraction=92.2% Gflops=2.093e+02
Column=000073856 Fraction=92.3% Gflops=2.093e+02
Column=000073984 Fraction=92.5% Gflops=2.093e+02
Column=000074112 Fraction=92.6% Gflops=2.093e+02
Column=000074240 Fraction=92.8% Gflops=2.093e+02
Column=000074368 Fraction=93.0% Gflops=2.093e+02
Column=000074496 Fraction=93.1% Gflops=2.093e+02
Column=000074624 Fraction=93.3% Gflops=2.093e+02
Column=000074752 Fraction=93.4% Gflops=2.093e+02
Column=000074880 Fraction=93.6% Gflops=2.093e+02
Column=000075008 Fraction=93.8% Gflops=2.093e+02
Column=000075136 Fraction=93.9% Gflops=2.093e+02
Column=000075264 Fraction=94.1% Gflops=2.092e+02
Column=000075392 Fraction=94.2% Gflops=2.092e+02
Column=000075520 Fraction=94.4% Gflops=2.092e+02
Column=000075648 Fraction=94.6% Gflops=2.092e+02
Column=000075776 Fraction=94.7% Gflops=2.092e+02
Column=000075904 Fraction=94.9% Gflops=2.092e+02
Column=000076032 Fraction=95.0% Gflops=2.092e+02
Column=000076160 Fraction=95.2% Gflops=2.092e+02
Column=000076288 Fraction=95.4% Gflops=2.092e+02
Column=000076416 Fraction=95.5% Gflops=2.092e+02
Column=000076544 Fraction=95.7% Gflops=2.092e+02
Column=000076672 Fraction=95.8% Gflops=2.091e+02
Column=000076800 Fraction=96.0% Gflops=2.091e+02
Column=000076928 Fraction=96.2% Gflops=2.091e+02
Column=000077056 Fraction=96.3% Gflops=2.091e+02
Column=000077184 Fraction=96.5% Gflops=2.091e+02
Column=000077312 Fraction=96.6% Gflops=2.091e+02
Column=000077440 Fraction=96.8% Gflops=2.091e+02
Column=000077568 Fraction=97.0% Gflops=2.091e+02
Column=000077696 Fraction=97.1% Gflops=2.091e+02
Column=000077824 Fraction=97.3% Gflops=2.091e+02
Column=000077952 Fraction=97.4% Gflops=2.091e+02
Column=000078080 Fraction=97.6% Gflops=2.091e+02
Column=000078208 Fraction=97.8% Gflops=2.091e+02
Column=000078336 Fraction=97.9% Gflops=2.090e+02
Column=000078464 Fraction=98.1% Gflops=2.090e+02
Column=000078592 Fraction=98.2% Gflops=2.090e+02
Column=000078720 Fraction=98.4% Gflops=2.090e+02
Column=000078848 Fraction=98.6% Gflops=2.090e+02
Column=000078976 Fraction=98.7% Gflops=2.090e+02
Column=000079104 Fraction=98.9% Gflops=2.090e+02
Column=000079232 Fraction=99.0% Gflops=2.090e+02
Column=000079360 Fraction=99.2% Gflops=2.090e+02
Column=000079488 Fraction=99.4% Gflops=2.090e+02
Column=000079616 Fraction=99.5% Gflops=2.090e+02
Column=000079744 Fraction=99.7% Gflops=2.090e+02
Column=000079872 Fraction=99.8% Gflops=2.090e+02
-rw-r--r-- 1 kimsh soc 3136 Aug 12 06:03 /home/k/kimsh/HPL_Linpack/hpl-2.3/bin/EPYC_refblas/results/xhpl_N80000_NB128_P16Q16_pf1rf1_nbmin4_ndiv2_bc1_d0_sw2_t64.out
